<?xml version="1.0" encoding="UTF-8"?>
<!-- Generated by org.testng.reporters.JUnitXMLReporter -->
<testsuite ignored="0" hostname="DESKTOP-LPDGG0M" failures="0" tests="9" name="Default test" time="188.597" errors="0" timestamp="2021-01-02T19:31:50 EET">
  <testcase classname="MedDashborad.AdminPanelTender" name="SearchTextBox" time="2.859"/>
  <testcase classname="MedDashborad.AdminPanelTender" name="ShowEntries" time="2.897"/>
  <testcase classname="MedDashborad.AdminPanelTender" name="ShowButton" time="3.738"/>
  <testcase classname="MedDashborad.AdminPanelTender" name="EditButton" time="5.551"/>
  <testcase classname="MedDashborad.AdminPanelTender" name="DownloadPDF" time="2.703"/>
  <testcase classname="MedDashborad.AdminPanelTender" name="DownloadCSV" time="3.042"/>
  <testcase classname="MedDashborad.AdminPanelTender" name="DownloadExcel" time="3.112"/>
  <testcase classname="MedDashborad.AdminPanelTender" name="AddNewTender" time="6.007"/>
  <testcase classname="MedDashborad.AdminPanelTender" name="DeleteButton" time="4.708"/>
</testsuite> <!-- Default test -->
