<?xml version="1.0" encoding="UTF-8"?>
<!-- Generated by org.testng.reporters.JUnitXMLReporter -->
<testsuite ignored="8" hostname="DESKTOP-LPDGG0M" failures="0" tests="1" name="Default test" time="25.058" errors="0" timestamp="2020-12-31T12:15:55 EET">
  <testcase classname="MedDashborad.AdminPanelBrand" name="AddBrand" time="7.121"/>
  <testcase classname="MedDashborad.AdminPanelBrand" name="ShowEntries" time="0.0">
    <ignored/>
  </testcase> <!-- ShowEntries -->
  <testcase classname="MedDashborad.AdminPanelBrand" name="DeleteButton" time="0.0">
    <ignored/>
  </testcase> <!-- DeleteButton -->
  <testcase classname="MedDashborad.AdminPanelBrand" name="EditButton" time="0.0">
    <ignored/>
  </testcase> <!-- EditButton -->
  <testcase classname="MedDashborad.AdminPanelBrand" name="SearchTextBox" time="0.0">
    <ignored/>
  </testcase> <!-- SearchTextBox -->
  <testcase classname="MedDashborad.AdminPanelBrand" name="DownloadPDF" time="0.0">
    <ignored/>
  </testcase> <!-- DownloadPDF -->
  <testcase classname="MedDashborad.AdminPanelBrand" name="DownloadExcel" time="0.0">
    <ignored/>
  </testcase> <!-- DownloadExcel -->
  <testcase classname="MedDashborad.AdminPanelBrand" name="ShowButton" time="0.0">
    <ignored/>
  </testcase> <!-- ShowButton -->
  <testcase classname="MedDashborad.AdminPanelBrand" name="DownloadCSV" time="0.0">
    <ignored/>
  </testcase> <!-- DownloadCSV -->
</testsuite> <!-- Default test -->
