<?xml version="1.0" encoding="UTF-8"?>
<!-- Generated by org.testng.reporters.JUnitXMLReporter -->
<testsuite ignored="1" hostname="DESKTOP-LPDGG0M" failures="0" tests="1" name="Default test" time="23.347" errors="0" timestamp="2020-12-30T12:35:33 EET">
  <testcase classname="MedDashborad.AdminPanelproducts" name="EditButton" time="6.52"/>
  <testcase classname="MedDashborad.AdminPanelproducts" name="ShowButton" time="0.0">
    <ignored/>
  </testcase> <!-- ShowButton -->
</testsuite> <!-- Default test -->
