<?xml version="1.0" encoding="UTF-8"?>
<!-- Generated by org.testng.reporters.JUnitXMLReporter -->
<testsuite ignored="4" hostname="DESKTOP-LPDGG0M" failures="0" tests="1" name="Default test" time="29.757" errors="0" timestamp="2020-12-30T22:09:09 EET">
  <testcase classname="MedDashborad.AdminPanelproducts" name="AddNew" time="5.558"/>
  <testcase classname="MedDashborad.AdminPanelproducts" name="EditButton" time="0.0">
    <ignored/>
  </testcase> <!-- EditButton -->
  <testcase classname="MedDashborad.AdminPanelproducts" name="deletebutton" time="0.0">
    <ignored/>
  </testcase> <!-- deletebutton -->
  <testcase classname="MedDashborad.AdminPanelproducts" name="ShowButton" time="0.0">
    <ignored/>
  </testcase> <!-- ShowButton -->
  <testcase classname="MedDashborad.AdminPanelproducts" name="AddCategory" time="0.0">
    <ignored/>
  </testcase> <!-- AddCategory -->
</testsuite> <!-- Default test -->
