<?xml version="1.0" encoding="UTF-8"?>
<!-- Generated by org.testng.reporters.JUnitXMLReporter -->
<testsuite ignored="1" hostname="DESKTOP-LPDGG0M" failures="0" tests="23" name="Default test" time="427.133" errors="0" timestamp="2021-01-10T19:20:10 EET">
  <testcase classname="MedWebsite.HomePage" name="LanguageButtonCheck" time="3.828"/>
  <testcase classname="MedWebsite.HomePage" name="PhoneNumberCheck" time="0.834"/>
  <testcase classname="MedWebsite.HomePage" name="ContuctCheck" time="9.221"/>
  <testcase classname="MedWebsite.HomePage" name="FacebookCheck" time="0.772"/>
  <testcase classname="MedWebsite.HomePage" name="LinkedInCheck" time="0.962"/>
  <testcase classname="MedWebsite.HomePage" name="TwitterCheck" time="1.085"/>
  <testcase classname="MedWebsite.HomePage" name="InstagrameCheck" time="0.937"/>
  <testcase classname="MedWebsite.HomePage" name="SnapchatCheck" time="1.191"/>
  <testcase classname="MedWebsite.HomePage" name="AboutUsCheck" time="1.908"/>
  <testcase classname="MedWebsite.HomePage" name="DirectoriesCheck" time="0.434"/>
  <testcase classname="MedWebsite.HomePage" name="ServicesCheck" time="0.661"/>
  <testcase classname="MedWebsite.HomePage" name="BlogsNewsCheck" time="0.466"/>
  <testcase classname="MedWebsite.HomePage" name="MedicalTourisumCheck" time="0.364"/>
  <testcase classname="MedWebsite.HomePage" name="MyCartCheck" time="1.822"/>
  <testcase classname="MedWebsite.HomePage" name="SearchCheck" time="4.127"/>
  <testcase classname="MedWebsite.HomePage" name="ShopNowCheck" time="3.3"/>
  <testcase classname="MedWebsite.HomePage" name="HosptialCheck" time="3.017"/>
  <testcase classname="MedWebsite.HomePage" name="VendorCheck" time="3.01"/>
  <testcase classname="MedWebsite.HomePage" name="OurMissionCheck" time="0.717"/>
  <testcase classname="MedWebsite.HomePage" name="OurVisionCheck" time="0.607"/>
  <testcase classname="MedWebsite.HomePage" name="OurValueCheck" time="0.592"/>
  <testcase classname="MedWebsite.HomePage" name="OurPartnersCheck" time="1.037"/>
  <testcase classname="MedWebsite.HomePage" name="SubscribNow" time="2.394"/>
  <testcase classname="MedWebsite.HomePage" name="ConsultancyCheck" time="0.0">
    <ignored/>
  </testcase> <!-- ConsultancyCheck -->
</testsuite> <!-- Default test -->
