<?xml version="1.0" encoding="UTF-8"?>
<!-- Generated by org.testng.reporters.JUnitXMLReporter -->
<testsuite ignored="8" hostname="DESKTOP-LPDGG0M" failures="0" tests="1" name="Default test" time="29.329" errors="0" timestamp="2020-12-31T22:09:02 EET">
  <testcase classname="MedDashborad.AdminPanelProduct" name="AddNewProduct" time="9.262"/>
  <testcase classname="MedDashborad.AdminPanelProduct" name="ShowEntries" time="0.0">
    <ignored/>
  </testcase> <!-- ShowEntries -->
  <testcase classname="MedDashborad.AdminPanelProduct" name="DownloadExcel" time="0.0">
    <ignored/>
  </testcase> <!-- DownloadExcel -->
  <testcase classname="MedDashborad.AdminPanelProduct" name="ShowButton" time="0.0">
    <ignored/>
  </testcase> <!-- ShowButton -->
  <testcase classname="MedDashborad.AdminPanelProduct" name="DownloadCSV" time="0.0">
    <ignored/>
  </testcase> <!-- DownloadCSV -->
  <testcase classname="MedDashborad.AdminPanelProduct" name="DeleteButton" time="0.0">
    <ignored/>
  </testcase> <!-- DeleteButton -->
  <testcase classname="MedDashborad.AdminPanelProduct" name="EditButton" time="0.0">
    <ignored/>
  </testcase> <!-- EditButton -->
  <testcase classname="MedDashborad.AdminPanelProduct" name="SearchTextBox" time="0.0">
    <ignored/>
  </testcase> <!-- SearchTextBox -->
  <testcase classname="MedDashborad.AdminPanelProduct" name="DownloadPDF" time="0.0">
    <ignored/>
  </testcase> <!-- DownloadPDF -->
</testsuite> <!-- Default test -->
