<?xml version="1.0" encoding="UTF-8"?>
<!-- Generated by org.testng.reporters.JUnitXMLReporter -->
<testsuite ignored="36" hostname="DESKTOP-LPDGG0M" failures="1" tests="4" name="Default test" time="84.548" errors="0" timestamp="2021-01-11T22:11:49 EET">
  <testcase classname="MedWebsite.HomePage" name="HelpPageAdvancedSearch" time="13.928">
    <failure type="org.openqa.selenium.NoSuchElementException" message="no such element: Unable to locate element: {&amp;quot;method&amp;quot;:&amp;quot;xpath&amp;quot;,&amp;quot;selector&amp;quot;:&amp;quot;//li[text()=&amp;apos;Advanced Search&amp;apos;]&amp;quot;}
  (Session info: chrome=87.0.4280.88)
For documentation on this error, please visit: https://www.seleniumhq.org/exceptions/no_such_element.html
Build info: version: &amp;apos;3.141.59&amp;apos;, revision: &amp;apos;e82be7d358&amp;apos;, time: &amp;apos;2018-11-14T08:25:48&amp;apos;
System info: host: &amp;apos;DESKTOP-LPDGG0M&amp;apos;, ip: &amp;apos;192.168.1.130&amp;apos;, os.name: &amp;apos;Windows 10&amp;apos;, os.arch: &amp;apos;amd64&amp;apos;, os.version: &amp;apos;10.0&amp;apos;, java.version: &amp;apos;14.0.2&amp;apos;
Driver info: org.openqa.selenium.chrome.ChromeDriver
Capabilities {acceptInsecureCerts: false, browserName: chrome, browserVersion: 87.0.4280.88, chrome: {chromedriverVersion: 87.0.4280.88 (89e2380a3e36c..., userDataDir: C:\Users\ahmad\AppData\Loca...}, goog:chromeOptions: {debuggerAddress: localhost:53944}, javascriptEnabled: true, networkConnectionEnabled: false, pageLoadStrategy: normal, platform: WINDOWS, platformName: WINDOWS, proxy: Proxy(), setWindowRect: true, strictFileInteractability: false, timeouts: {implicit: 0, pageLoad: 300000, script: 30000}, unhandledPromptBehavior: dismiss and notify, webauthn:virtualAuthenticators: true}
Session ID: af6832d92d9a1d5783c1c234292799a5
*** Element info: {Using=xpath, value=//li[text()=&amp;apos;Advanced Search&amp;apos;]}">
      <![CDATA[org.openqa.selenium.NoSuchElementException: no such element: Unable to locate element: {"method":"xpath","selector":"//li[text()='Advanced Search']"}
  (Session info: chrome=87.0.4280.88)
For documentation on this error, please visit: https://www.seleniumhq.org/exceptions/no_such_element.html
Build info: version: '3.141.59', revision: 'e82be7d358', time: '2018-11-14T08:25:48'
System info: host: 'DESKTOP-LPDGG0M', ip: '192.168.1.130', os.name: 'Windows 10', os.arch: 'amd64', os.version: '10.0', java.version: '14.0.2'
Driver info: org.openqa.selenium.chrome.ChromeDriver
Capabilities {acceptInsecureCerts: false, browserName: chrome, browserVersion: 87.0.4280.88, chrome: {chromedriverVersion: 87.0.4280.88 (89e2380a3e36c..., userDataDir: C:\Users\ahmad\AppData\Loca...}, goog:chromeOptions: {debuggerAddress: localhost:53944}, javascriptEnabled: true, networkConnectionEnabled: false, pageLoadStrategy: normal, platform: WINDOWS, platformName: WINDOWS, proxy: Proxy(), setWindowRect: true, strictFileInteractability: false, timeouts: {implicit: 0, pageLoad: 300000, script: 30000}, unhandledPromptBehavior: dismiss and notify, webauthn:virtualAuthenticators: true}
Session ID: af6832d92d9a1d5783c1c234292799a5
*** Element info: {Using=xpath, value=//li[text()='Advanced Search']}
at java.base/jdk.internal.reflect.NativeConstructorAccessorImpl.newInstance0(Native Method)
at java.base/jdk.internal.reflect.NativeConstructorAccessorImpl.newInstance(NativeConstructorAccessorImpl.java:62)
at java.base/jdk.internal.reflect.DelegatingConstructorAccessorImpl.newInstance(DelegatingConstructorAccessorImpl.java:45)
at java.base/java.lang.reflect.Constructor.newInstanceWithCaller(Constructor.java:500)
at java.base/java.lang.reflect.Constructor.newInstance(Constructor.java:481)
at org.openqa.selenium.remote.http.W3CHttpResponseCodec.createException(W3CHttpResponseCodec.java:187)
at org.openqa.selenium.remote.http.W3CHttpResponseCodec.decode(W3CHttpResponseCodec.java:122)
at org.openqa.selenium.remote.http.W3CHttpResponseCodec.decode(W3CHttpResponseCodec.java:49)
at org.openqa.selenium.remote.HttpCommandExecutor.execute(HttpCommandExecutor.java:158)
at org.openqa.selenium.remote.service.DriverCommandExecutor.execute(DriverCommandExecutor.java:83)
at org.openqa.selenium.remote.RemoteWebDriver.execute(RemoteWebDriver.java:552)
at org.openqa.selenium.remote.RemoteWebDriver.findElement(RemoteWebDriver.java:323)
at org.openqa.selenium.remote.RemoteWebDriver.findElementByXPath(RemoteWebDriver.java:428)
at org.openqa.selenium.By$ByXPath.findElement(By.java:353)
at org.openqa.selenium.remote.RemoteWebDriver.findElement(RemoteWebDriver.java:315)
at MedWebsite.HomePage.HelpPageAdvancedSearch(HomePage.java:399)
at java.base/jdk.internal.reflect.NativeMethodAccessorImpl.invoke0(Native Method)
at java.base/jdk.internal.reflect.NativeMethodAccessorImpl.invoke(NativeMethodAccessorImpl.java:62)
at java.base/jdk.internal.reflect.DelegatingMethodAccessorImpl.invoke(DelegatingMethodAccessorImpl.java:43)
at java.base/java.lang.reflect.Method.invoke(Method.java:564)
at org.testng.internal.MethodInvocationHelper.invokeMethod(MethodInvocationHelper.java:132)
at org.testng.internal.TestInvoker.invokeMethod(TestInvoker.java:599)
at org.testng.internal.TestInvoker.invokeTestMethod(TestInvoker.java:174)
at org.testng.internal.MethodRunner.runInSequence(MethodRunner.java:46)
at org.testng.internal.TestInvoker$MethodInvocationAgent.invoke(TestInvoker.java:822)
at org.testng.internal.TestInvoker.invokeTestMethods(TestInvoker.java:147)
at org.testng.internal.TestMethodWorker.invokeTestMethods(TestMethodWorker.java:146)
at org.testng.internal.TestMethodWorker.run(TestMethodWorker.java:128)
at java.base/java.util.ArrayList.forEach(ArrayList.java:1511)
at org.testng.TestRunner.privateRun(TestRunner.java:764)
at org.testng.TestRunner.run(TestRunner.java:585)
at org.testng.SuiteRunner.runTest(SuiteRunner.java:384)
at org.testng.SuiteRunner.runSequentially(SuiteRunner.java:378)
at org.testng.SuiteRunner.privateRun(SuiteRunner.java:337)
at org.testng.SuiteRunner.run(SuiteRunner.java:286)
at org.testng.SuiteRunnerWorker.runSuite(SuiteRunnerWorker.java:53)
at org.testng.SuiteRunnerWorker.run(SuiteRunnerWorker.java:96)
at org.testng.TestNG.runSuitesSequentially(TestNG.java:1218)
at org.testng.TestNG.runSuitesLocally(TestNG.java:1140)
at org.testng.TestNG.runSuites(TestNG.java:1069)
at org.testng.TestNG.run(TestNG.java:1037)
at org.testng.remote.AbstractRemoteTestNG.run(AbstractRemoteTestNG.java:115)
at org.testng.remote.RemoteTestNG.initAndRun(RemoteTestNG.java:251)
at org.testng.remote.RemoteTestNG.main(RemoteTestNG.java:77)
]]>
    </failure>
  </testcase> <!-- HelpPageAdvancedSearch -->
  <testcase classname="MedWebsite.HomePage" name="HelpPageHelpFaqs" time="2.594"/>
  <testcase classname="MedWebsite.HomePage" name="HelpPageStoreLocation" time="2.192"/>
  <testcase classname="MedWebsite.HomePage" name="HelpPageOrdersReturns" time="2.981"/>
  <testcase classname="MedWebsite.HomePage" name="AboutUsCheck" time="0.0">
    <ignored/>
  </testcase> <!-- AboutUsCheck -->
  <testcase classname="MedWebsite.HomePage" name="OurPartnersCheck" time="0.0">
    <ignored/>
  </testcase> <!-- OurPartnersCheck -->
  <testcase classname="MedWebsite.HomePage" name="ConnectWithUsFacebook" time="0.0">
    <ignored/>
  </testcase> <!-- ConnectWithUsFacebook -->
  <testcase classname="MedWebsite.HomePage" name="HosptialCheck" time="0.0">
    <ignored/>
  </testcase> <!-- HosptialCheck -->
  <testcase classname="MedWebsite.HomePage" name="OurMissionCheck" time="0.0">
    <ignored/>
  </testcase> <!-- OurMissionCheck -->
  <testcase classname="MedWebsite.HomePage" name="HelpPageCheck" time="0.0">
    <ignored/>
  </testcase> <!-- HelpPageCheck -->
  <testcase classname="MedWebsite.HomePage" name="ConnectWithUsLinkedIn" time="0.0">
    <ignored/>
  </testcase> <!-- ConnectWithUsLinkedIn -->
  <testcase classname="MedWebsite.HomePage" name="ConnectWithUsTwitter" time="0.0">
    <ignored/>
  </testcase> <!-- ConnectWithUsTwitter -->
  <testcase classname="MedWebsite.HomePage" name="PhoneNumberCheck" time="0.0">
    <ignored/>
  </testcase> <!-- PhoneNumberCheck -->
  <testcase classname="MedWebsite.HomePage" name="MyCartCheck" time="0.0">
    <ignored/>
  </testcase> <!-- MyCartCheck -->
  <testcase classname="MedWebsite.HomePage" name="LinkedInCheck" time="0.0">
    <ignored/>
  </testcase> <!-- LinkedInCheck -->
  <testcase classname="MedWebsite.HomePage" name="InstagrameCheck" time="0.0">
    <ignored/>
  </testcase> <!-- InstagrameCheck -->
  <testcase classname="MedWebsite.HomePage" name="OurVisionCheck" time="0.0">
    <ignored/>
  </testcase> <!-- OurVisionCheck -->
  <testcase classname="MedWebsite.HomePage" name="HelpPageRefundsReturns" time="0.0">
    <ignored/>
  </testcase> <!-- HelpPageRefundsReturns -->
  <testcase classname="MedWebsite.HomePage" name="HelpPageDeliveries" time="0.0">
    <ignored/>
  </testcase> <!-- HelpPageDeliveries -->
  <testcase classname="MedWebsite.HomePage" name="BlogsNewsCheck" time="0.0">
    <ignored/>
  </testcase> <!-- BlogsNewsCheck -->
  <testcase classname="MedWebsite.HomePage" name="SearchCheck" time="0.0">
    <ignored/>
  </testcase> <!-- SearchCheck -->
  <testcase classname="MedWebsite.HomePage" name="HelpPageCareers" time="0.0">
    <ignored/>
  </testcase> <!-- HelpPageCareers -->
  <testcase classname="MedWebsite.HomePage" name="HelpPageInformation" time="0.0">
    <ignored/>
  </testcase> <!-- HelpPageInformation -->
  <testcase classname="MedWebsite.HomePage" name="MedicalTourisumCheck" time="0.0">
    <ignored/>
  </testcase> <!-- MedicalTourisumCheck -->
  <testcase classname="MedWebsite.HomePage" name="OurValueCheck" time="0.0">
    <ignored/>
  </testcase> <!-- OurValueCheck -->
  <testcase classname="MedWebsite.HomePage" name="ShopNowCheck" time="0.0">
    <ignored/>
  </testcase> <!-- ShopNowCheck -->
  <testcase classname="MedWebsite.HomePage" name="ConnectWithUsGoogle" time="0.0">
    <ignored/>
  </testcase> <!-- ConnectWithUsGoogle -->
  <testcase classname="MedWebsite.HomePage" name="ConsultancyCheck" time="0.0">
    <ignored/>
  </testcase> <!-- ConsultancyCheck -->
  <testcase classname="MedWebsite.HomePage" name="VendorCheck" time="0.0">
    <ignored/>
  </testcase> <!-- VendorCheck -->
  <testcase classname="MedWebsite.HomePage" name="ContuctCheck" time="0.0">
    <ignored/>
  </testcase> <!-- ContuctCheck -->
  <testcase classname="MedWebsite.HomePage" name="HelpPageShippingDetails" time="0.0">
    <ignored/>
  </testcase> <!-- HelpPageShippingDetails -->
  <testcase classname="MedWebsite.HomePage" name="SubscribNow" time="0.0">
    <ignored/>
  </testcase> <!-- SubscribNow -->
  <testcase classname="MedWebsite.HomePage" name="FacebookCheck" time="0.0">
    <ignored/>
  </testcase> <!-- FacebookCheck -->
  <testcase classname="MedWebsite.HomePage" name="HelpPagePrivacyPolicy" time="0.0">
    <ignored/>
  </testcase> <!-- HelpPagePrivacyPolicy -->
  <testcase classname="MedWebsite.HomePage" name="TwitterCheck" time="0.0">
    <ignored/>
  </testcase> <!-- TwitterCheck -->
  <testcase classname="MedWebsite.HomePage" name="LanguageButtonCheck" time="0.0">
    <ignored/>
  </testcase> <!-- LanguageButtonCheck -->
  <testcase classname="MedWebsite.HomePage" name="DirectoriesCheck" time="0.0">
    <ignored/>
  </testcase> <!-- DirectoriesCheck -->
  <testcase classname="MedWebsite.HomePage" name="SnapchatCheck" time="0.0">
    <ignored/>
  </testcase> <!-- SnapchatCheck -->
  <testcase classname="MedWebsite.HomePage" name="ServicesCheck" time="0.0">
    <ignored/>
  </testcase> <!-- ServicesCheck -->
  <testcase classname="MedWebsite.HomePage" name="HelpPageAboutUs" time="0.0">
    <ignored/>
  </testcase> <!-- HelpPageAboutUs -->
</testsuite> <!-- Default test -->
