<?xml version="1.0" encoding="UTF-8"?>
<!-- Generated by org.testng.reporters.JUnitXMLReporter -->
<testsuite ignored="0" hostname="DESKTOP-LPDGG0M" failures="0" tests="15" name="Default test" time="263.496" errors="0" timestamp="2021-01-09T19:53:51 EET">
  <testcase classname="MedWebsite.HomePage" name="LanguageButtonCheck" time="3.079"/>
  <testcase classname="MedWebsite.HomePage" name="PhoneNumberCheck" time="0.99"/>
  <testcase classname="MedWebsite.HomePage" name="ContuctCheck" time="6.965"/>
  <testcase classname="MedWebsite.HomePage" name="FacebookCheck" time="1.192"/>
  <testcase classname="MedWebsite.HomePage" name="LinkedInCheck" time="0.907"/>
  <testcase classname="MedWebsite.HomePage" name="TwitterCheck" time="0.846"/>
  <testcase classname="MedWebsite.HomePage" name="InstagrameCheck" time="0.863"/>
  <testcase classname="MedWebsite.HomePage" name="SnapchatCheck" time="1.102"/>
  <testcase classname="MedWebsite.HomePage" name="AboutUsCheck" time="0.639"/>
  <testcase classname="MedWebsite.HomePage" name="DirectoriesCheck" time="0.365"/>
  <testcase classname="MedWebsite.HomePage" name="ServicesCheck" time="0.718"/>
  <testcase classname="MedWebsite.HomePage" name="BlogsNewsCheck" time="0.445"/>
  <testcase classname="MedWebsite.HomePage" name="MedicalTourisumCheck" time="0.459"/>
  <testcase classname="MedWebsite.HomePage" name="MyCartCheck" time="1.154"/>
  <testcase classname="MedWebsite.HomePage" name="SearchCheck" time="2.454"/>
</testsuite> <!-- Default test -->
