<?xml version="1.0" encoding="UTF-8"?>
<!-- Generated by org.testng.reporters.JUnitXMLReporter -->
<testsuite ignored="0" hostname="DESKTOP-LPDGG0M" failures="0" tests="7" name="Default test" time="195.775" errors="0" timestamp="2021-01-13T22:29:20 EET">
  <testcase classname="MedWebsite.MyAccountPage" name="RecentOrdersCheck" time="8.875"/>
  <testcase classname="MedWebsite.MyAccountPage" name="MyOrdersCheck" time="12.015"/>
  <testcase classname="MedWebsite.MyAccountPage" name="MyWishlistCheck" time="11.512"/>
  <testcase classname="MedWebsite.MyAccountPage" name="MyReviwesCheck" time="8.171"/>
  <testcase classname="MedWebsite.MyAccountPage" name="MyAddressCheck" time="12.63"/>
  <testcase classname="MedWebsite.MyAccountPage" name="MyProfileCheck" time="11.989"/>
  <testcase classname="MedWebsite.MyAccountPage" name="LogOutCheck" time="10.711"/>
</testsuite> <!-- Default test -->
