<?xml version="1.0" encoding="UTF-8"?>
<!-- Generated by org.testng.reporters.JUnitXMLReporter -->
<testsuite ignored="8" hostname="DESKTOP-LPDGG0M" failures="0" tests="1" name="Default test" time="38.103" errors="0" timestamp="2021-01-03T15:26:58 EET">
  <testcase classname="MedDashborad.AdminPanelNews" name="DeleteButton" time="4.702"/>
  <testcase classname="MedDashborad.AdminPanelNews" name="AddBlog" time="0.0">
    <ignored/>
  </testcase> <!-- AddBlog -->
  <testcase classname="MedDashborad.AdminPanelNews" name="DownloadCSVBlogs" time="0.0">
    <ignored/>
  </testcase> <!-- DownloadCSVBlogs -->
  <testcase classname="MedDashborad.AdminPanelNews" name="EditButtonBlogs" time="0.0">
    <ignored/>
  </testcase> <!-- EditButtonBlogs -->
  <testcase classname="MedDashborad.AdminPanelNews" name="ShowButtonBlogs" time="0.0">
    <ignored/>
  </testcase> <!-- ShowButtonBlogs -->
  <testcase classname="MedDashborad.AdminPanelNews" name="SearchTextBoxBlogs" time="0.0">
    <ignored/>
  </testcase> <!-- SearchTextBoxBlogs -->
  <testcase classname="MedDashborad.AdminPanelNews" name="DownloadPDFBlogs" time="0.0">
    <ignored/>
  </testcase> <!-- DownloadPDFBlogs -->
  <testcase classname="MedDashborad.AdminPanelNews" name="DownloadExcelBlogs" time="0.0">
    <ignored/>
  </testcase> <!-- DownloadExcelBlogs -->
  <testcase classname="MedDashborad.AdminPanelNews" name="ShowEntiersBlogs" time="0.0">
    <ignored/>
  </testcase> <!-- ShowEntiersBlogs -->
</testsuite> <!-- Default test -->
