<?xml version="1.0" encoding="UTF-8"?>
<!-- Generated by org.testng.reporters.JUnitXMLReporter -->
<testsuite ignored="7" hostname="DESKTOP-LPDGG0M" failures="0" tests="2" name="Default test" time="48.514" errors="0" timestamp="2021-01-04T21:49:20 EET">
  <testcase classname="MedDashborad.AdminPanelOurPartners" name="AddOurPartners" time="6.803"/>
  <testcase classname="MedDashborad.AdminPanelOurPartners" name="DeleteButtonOurPartners" time="5.659"/>
  <testcase classname="MedDashborad.AdminPanelOurPartners" name="ShowButtonOurPartners" time="0.0">
    <ignored/>
  </testcase> <!-- ShowButtonOurPartners -->
  <testcase classname="MedDashborad.AdminPanelOurPartners" name="DownloadExcelOurPartners" time="0.0">
    <ignored/>
  </testcase> <!-- DownloadExcelOurPartners -->
  <testcase classname="MedDashborad.AdminPanelOurPartners" name="ShowEntiersOurPartners" time="0.0">
    <ignored/>
  </testcase> <!-- ShowEntiersOurPartners -->
  <testcase classname="MedDashborad.AdminPanelOurPartners" name="SearchTextBoxOurPartners" time="0.0">
    <ignored/>
  </testcase> <!-- SearchTextBoxOurPartners -->
  <testcase classname="MedDashborad.AdminPanelOurPartners" name="EditButtonOurPartners" time="0.0">
    <ignored/>
  </testcase> <!-- EditButtonOurPartners -->
  <testcase classname="MedDashborad.AdminPanelOurPartners" name="DownloadPDFOurPartners" time="0.0">
    <ignored/>
  </testcase> <!-- DownloadPDFOurPartners -->
  <testcase classname="MedDashborad.AdminPanelOurPartners" name="DownloadCSVOurPartners" time="0.0">
    <ignored/>
  </testcase> <!-- DownloadCSVOurPartners -->
</testsuite> <!-- Default test -->
