<?xml version="1.0" encoding="UTF-8"?>
<!-- Generated by org.testng.reporters.JUnitXMLReporter -->
<testsuite ignored="7" hostname="DESKTOP-LPDGG0M" failures="0" tests="2" name="Default test" time="46.829" errors="0" timestamp="2021-01-05T15:42:18 EET">
  <testcase classname="MedDashborad.AdminPanelDoctors" name="AddDoctors" time="7.349"/>
  <testcase classname="MedDashborad.AdminPanelDoctors" name="DeleteButtonDoctors" time="6.04"/>
  <testcase classname="MedDashborad.AdminPanelDoctors" name="EditButtonDoctors" time="0.0">
    <ignored/>
  </testcase> <!-- EditButtonDoctors -->
  <testcase classname="MedDashborad.AdminPanelDoctors" name="SearchTextBoxDoctors" time="0.0">
    <ignored/>
  </testcase> <!-- SearchTextBoxDoctors -->
  <testcase classname="MedDashborad.AdminPanelDoctors" name="DownloadExcelDoctors" time="0.0">
    <ignored/>
  </testcase> <!-- DownloadExcelDoctors -->
  <testcase classname="MedDashborad.AdminPanelDoctors" name="ShowButtonDoctors" time="0.0">
    <ignored/>
  </testcase> <!-- ShowButtonDoctors -->
  <testcase classname="MedDashborad.AdminPanelDoctors" name="ShowEntiersDoctors" time="0.0">
    <ignored/>
  </testcase> <!-- ShowEntiersDoctors -->
  <testcase classname="MedDashborad.AdminPanelDoctors" name="DownloadCSVDoctors" time="0.0">
    <ignored/>
  </testcase> <!-- DownloadCSVDoctors -->
  <testcase classname="MedDashborad.AdminPanelDoctors" name="DownloadPDFDoctors" time="0.0">
    <ignored/>
  </testcase> <!-- DownloadPDFDoctors -->
</testsuite> <!-- Default test -->
