<?xml version="1.0" encoding="UTF-8"?>
<!-- Generated by org.testng.reporters.JUnitXMLReporter -->
<testsuite ignored="0" hostname="DESKTOP-LPDGG0M" failures="0" tests="8" name="Default test" time="154.546" errors="0" timestamp="2021-01-05T22:26:41 EET">
  <testcase classname="MedDashborad.AdminPanelCoupon" name="ShowEntiersCoupon" time="2.933"/>
  <testcase classname="MedDashborad.AdminPanelCoupon" name="SearchTextBoxCoupon" time="3.092"/>
  <testcase classname="MedDashborad.AdminPanelCoupon" name="ShowButtonCoupon" time="3.856"/>
  <testcase classname="MedDashborad.AdminPanelCoupon" name="DownloadPDFCoupon" time="2.953"/>
  <testcase classname="MedDashborad.AdminPanelCoupon" name="DownloadCSVCoupon" time="2.97"/>
  <testcase classname="MedDashborad.AdminPanelCoupon" name="DownloadExcelCoupon" time="3.083"/>
  <testcase classname="MedDashborad.AdminPanelCoupon" name="AddCoupon" time="5.859"/>
  <testcase classname="MedDashborad.AdminPanelCoupon" name="DeleteButtonCoupon" time="5.798"/>
</testsuite> <!-- Default test -->
