<?xml version="1.0" encoding="UTF-8"?>
<!-- Generated by org.testng.reporters.JUnitXMLReporter -->
<testsuite ignored="0" hostname="DESKTOP-LPDGG0M" failures="1" tests="18" name="Automation Test" time="552.336" errors="0" timestamp="2021-01-04T22:04:13 EET">
  <testcase classname="MedDashborad.AdminPanelOurPartners" name="ShowEntiersOurPartners" time="9.306"/>
  <testcase classname="MedDashborad.AdminPanelOurPartners" name="SearchTextBoxOurPartners" time="5.875"/>
  <testcase classname="MedDashborad.AdminPanelOurPartners" name="ShowButtonOurPartners" time="10.746"/>
  <testcase classname="MedDashborad.AdminPanelOurPartners" name="EditButtonOurPartners" time="6.437"/>
  <testcase classname="MedDashborad.AdminPanelOurPartners" name="DownloadPDFOurPartners" time="3.134"/>
  <testcase classname="MedDashborad.AdminPanelOurPartners" name="DownloadCSVOurPartners" time="2.987"/>
  <testcase classname="MedDashborad.AdminPanelOurPartners" name="DownloadExcelOurPartners" time="2.506"/>
  <testcase classname="MedDashborad.AdminPanelOurPartners" name="AddOurPartners" time="6.412"/>
  <testcase classname="MedDashborad.AdminPanelOurPartners" name="DeleteButtonOurPartners" time="5.96"/>
  <testcase classname="MedDashborad.AdminPanelCMSPages" name="ShowEntiersCMSPages" time="2.309"/>
  <testcase classname="MedDashborad.AdminPanelCMSPages" name="SearchTextBoxCMSPages" time="3.055"/>
  <testcase classname="MedDashborad.AdminPanelCMSPages" name="ShowButtonCMSPages" time="15.621">
    <failure type="org.openqa.selenium.NoSuchElementException" message="no such element: Unable to locate element: {&amp;quot;method&amp;quot;:&amp;quot;xpath&amp;quot;,&amp;quot;selector&amp;quot;:&amp;quot;//input[@value=&amp;apos;CMS Page #1&amp;apos;]&amp;quot;}
  (Session info: chrome=87.0.4280.88)
For documentation on this error, please visit: https://www.seleniumhq.org/exceptions/no_such_element.html
Build info: version: &amp;apos;3.141.59&amp;apos;, revision: &amp;apos;e82be7d358&amp;apos;, time: &amp;apos;2018-11-14T08:25:48&amp;apos;
System info: host: &amp;apos;DESKTOP-LPDGG0M&amp;apos;, ip: &amp;apos;192.168.1.130&amp;apos;, os.name: &amp;apos;Windows 10&amp;apos;, os.arch: &amp;apos;amd64&amp;apos;, os.version: &amp;apos;10.0&amp;apos;, java.version: &amp;apos;14.0.2&amp;apos;
Driver info: org.openqa.selenium.chrome.ChromeDriver
Capabilities {acceptInsecureCerts: false, browserName: chrome, browserVersion: 87.0.4280.88, chrome: {chromedriverVersion: 87.0.4280.88 (89e2380a3e36c..., userDataDir: C:\Users\ahmad\AppData\Loca...}, goog:chromeOptions: {debuggerAddress: localhost:62430}, javascriptEnabled: true, networkConnectionEnabled: false, pageLoadStrategy: normal, platform: WINDOWS, platformName: WINDOWS, proxy: Proxy(), setWindowRect: true, strictFileInteractability: false, timeouts: {implicit: 0, pageLoad: 300000, script: 30000}, unhandledPromptBehavior: dismiss and notify, webauthn:virtualAuthenticators: true}
Session ID: b8780b21dcec2624c430bbaa08750521
*** Element info: {Using=xpath, value=//input[@value=&amp;apos;CMS Page #1&amp;apos;]}">
      <![CDATA[org.openqa.selenium.NoSuchElementException: no such element: Unable to locate element: {"method":"xpath","selector":"//input[@value='CMS Page #1']"}
  (Session info: chrome=87.0.4280.88)
For documentation on this error, please visit: https://www.seleniumhq.org/exceptions/no_such_element.html
Build info: version: '3.141.59', revision: 'e82be7d358', time: '2018-11-14T08:25:48'
System info: host: 'DESKTOP-LPDGG0M', ip: '192.168.1.130', os.name: 'Windows 10', os.arch: 'amd64', os.version: '10.0', java.version: '14.0.2'
Driver info: org.openqa.selenium.chrome.ChromeDriver
Capabilities {acceptInsecureCerts: false, browserName: chrome, browserVersion: 87.0.4280.88, chrome: {chromedriverVersion: 87.0.4280.88 (89e2380a3e36c..., userDataDir: C:\Users\ahmad\AppData\Loca...}, goog:chromeOptions: {debuggerAddress: localhost:62430}, javascriptEnabled: true, networkConnectionEnabled: false, pageLoadStrategy: normal, platform: WINDOWS, platformName: WINDOWS, proxy: Proxy(), setWindowRect: true, strictFileInteractability: false, timeouts: {implicit: 0, pageLoad: 300000, script: 30000}, unhandledPromptBehavior: dismiss and notify, webauthn:virtualAuthenticators: true}
Session ID: b8780b21dcec2624c430bbaa08750521
*** Element info: {Using=xpath, value=//input[@value='CMS Page #1']}
at org.openqa.selenium.remote.http.W3CHttpResponseCodec.createException(W3CHttpResponseCodec.java:187)
at org.openqa.selenium.remote.http.W3CHttpResponseCodec.decode(W3CHttpResponseCodec.java:122)
at org.openqa.selenium.remote.http.W3CHttpResponseCodec.decode(W3CHttpResponseCodec.java:49)
at org.openqa.selenium.remote.HttpCommandExecutor.execute(HttpCommandExecutor.java:158)
at org.openqa.selenium.remote.service.DriverCommandExecutor.execute(DriverCommandExecutor.java:83)
at org.openqa.selenium.remote.RemoteWebDriver.execute(RemoteWebDriver.java:552)
at org.openqa.selenium.remote.RemoteWebDriver.findElement(RemoteWebDriver.java:323)
at org.openqa.selenium.remote.RemoteWebDriver.findElementByXPath(RemoteWebDriver.java:428)
at org.openqa.selenium.By$ByXPath.findElement(By.java:353)
at org.openqa.selenium.remote.RemoteWebDriver.findElement(RemoteWebDriver.java:315)
at MedDashborad.AdminPanelCMSPages.ShowButtonCMSPages(AdminPanelCMSPages.java:100)
at java.base/java.util.ArrayList.forEach(ArrayList.java:1511)
... Removed 32 stack frames]]>
    </failure>
  </testcase> <!-- ShowButtonCMSPages -->
  <testcase classname="MedDashborad.AdminPanelCMSPages" name="EditButtonCMSPages" time="7.075"/>
  <testcase classname="MedDashborad.AdminPanelCMSPages" name="DownloadPDFCMSPages" time="2.927"/>
  <testcase classname="MedDashborad.AdminPanelCMSPages" name="DownloadCSVCMSPages" time="2.801"/>
  <testcase classname="MedDashborad.AdminPanelCMSPages" name="DownloadExcelCMSPages" time="3.288"/>
  <testcase classname="MedDashborad.AdminPanelCMSPages" name="AddCMSPages" time="7.328"/>
  <testcase classname="MedDashborad.AdminPanelCMSPages" name="DeleteButtonCMSPages" time="2.897"/>
</testsuite> <!-- Automation Test -->
