<?xml version="1.0" encoding="UTF-8"?>
<!-- Generated by org.testng.reporters.JUnitXMLReporter -->
<testsuite ignored="36" hostname="DESKTOP-LPDGG0M" failures="1" tests="4" name="Automation Test" time="109.026" errors="0" timestamp="2021-01-12T21:42:21 EET">
  <testcase classname="MedWebsite.HomePage" name="HelpPageAdvancedSearch" time="14.672">
    <failure type="org.openqa.selenium.NoSuchElementException" message="no such element: Unable to locate element: {&amp;quot;method&amp;quot;:&amp;quot;xpath&amp;quot;,&amp;quot;selector&amp;quot;:&amp;quot;//li[text()=&amp;apos;Advanced Search&amp;apos;]&amp;quot;}
  (Session info: chrome=87.0.4280.141)
For documentation on this error, please visit: https://www.seleniumhq.org/exceptions/no_such_element.html
Build info: version: &amp;apos;3.141.59&amp;apos;, revision: &amp;apos;e82be7d358&amp;apos;, time: &amp;apos;2018-11-14T08:25:48&amp;apos;
System info: host: &amp;apos;DESKTOP-LPDGG0M&amp;apos;, ip: &amp;apos;192.168.1.130&amp;apos;, os.name: &amp;apos;Windows 10&amp;apos;, os.arch: &amp;apos;amd64&amp;apos;, os.version: &amp;apos;10.0&amp;apos;, java.version: &amp;apos;14.0.2&amp;apos;
Driver info: org.openqa.selenium.chrome.ChromeDriver
Capabilities {acceptInsecureCerts: false, browserName: chrome, browserVersion: 87.0.4280.141, chrome: {chromedriverVersion: 87.0.4280.88 (89e2380a3e36c..., userDataDir: C:\Users\ahmad\AppData\Loca...}, goog:chromeOptions: {debuggerAddress: localhost:61376}, javascriptEnabled: true, networkConnectionEnabled: false, pageLoadStrategy: normal, platform: WINDOWS, platformName: WINDOWS, proxy: Proxy(), setWindowRect: true, strictFileInteractability: false, timeouts: {implicit: 0, pageLoad: 300000, script: 30000}, unhandledPromptBehavior: dismiss and notify, webauthn:virtualAuthenticators: true}
Session ID: 2b1dbbbdf3a2a02931b0f74014d33dcf
*** Element info: {Using=xpath, value=//li[text()=&amp;apos;Advanced Search&amp;apos;]}">
      <![CDATA[org.openqa.selenium.NoSuchElementException: no such element: Unable to locate element: {"method":"xpath","selector":"//li[text()='Advanced Search']"}
  (Session info: chrome=87.0.4280.141)
For documentation on this error, please visit: https://www.seleniumhq.org/exceptions/no_such_element.html
Build info: version: '3.141.59', revision: 'e82be7d358', time: '2018-11-14T08:25:48'
System info: host: 'DESKTOP-LPDGG0M', ip: '192.168.1.130', os.name: 'Windows 10', os.arch: 'amd64', os.version: '10.0', java.version: '14.0.2'
Driver info: org.openqa.selenium.chrome.ChromeDriver
Capabilities {acceptInsecureCerts: false, browserName: chrome, browserVersion: 87.0.4280.141, chrome: {chromedriverVersion: 87.0.4280.88 (89e2380a3e36c..., userDataDir: C:\Users\ahmad\AppData\Loca...}, goog:chromeOptions: {debuggerAddress: localhost:61376}, javascriptEnabled: true, networkConnectionEnabled: false, pageLoadStrategy: normal, platform: WINDOWS, platformName: WINDOWS, proxy: Proxy(), setWindowRect: true, strictFileInteractability: false, timeouts: {implicit: 0, pageLoad: 300000, script: 30000}, unhandledPromptBehavior: dismiss and notify, webauthn:virtualAuthenticators: true}
Session ID: 2b1dbbbdf3a2a02931b0f74014d33dcf
*** Element info: {Using=xpath, value=//li[text()='Advanced Search']}
at org.openqa.selenium.remote.http.W3CHttpResponseCodec.createException(W3CHttpResponseCodec.java:187)
at org.openqa.selenium.remote.http.W3CHttpResponseCodec.decode(W3CHttpResponseCodec.java:122)
at org.openqa.selenium.remote.http.W3CHttpResponseCodec.decode(W3CHttpResponseCodec.java:49)
at org.openqa.selenium.remote.HttpCommandExecutor.execute(HttpCommandExecutor.java:158)
at org.openqa.selenium.remote.service.DriverCommandExecutor.execute(DriverCommandExecutor.java:83)
at org.openqa.selenium.remote.RemoteWebDriver.execute(RemoteWebDriver.java:552)
at org.openqa.selenium.remote.RemoteWebDriver.findElement(RemoteWebDriver.java:323)
at org.openqa.selenium.remote.RemoteWebDriver.findElementByXPath(RemoteWebDriver.java:428)
at org.openqa.selenium.By$ByXPath.findElement(By.java:353)
at org.openqa.selenium.remote.RemoteWebDriver.findElement(RemoteWebDriver.java:315)
at MedWebsite.HomePage.HelpPageAdvancedSearch(HomePage.java:399)
at java.base/java.util.ArrayList.forEach(ArrayList.java:1511)
... Removed 32 stack frames]]>
    </failure>
  </testcase> <!-- HelpPageAdvancedSearch -->
  <testcase classname="MedWebsite.HomePage" name="HelpPageHelpFaqs" time="3.505"/>
  <testcase classname="MedWebsite.HomePage" name="HelpPageStoreLocation" time="5.843"/>
  <testcase classname="MedWebsite.HomePage" name="HelpPageOrdersReturns" time="2.99"/>
  <testcase classname="MedWebsite.HomePage" name="AboutUsCheck" time="0.0">
    <ignored/>
  </testcase> <!-- AboutUsCheck -->
  <testcase classname="MedWebsite.HomePage" name="OurPartnersCheck" time="0.0">
    <ignored/>
  </testcase> <!-- OurPartnersCheck -->
  <testcase classname="MedWebsite.HomePage" name="ConnectWithUsFacebook" time="0.0">
    <ignored/>
  </testcase> <!-- ConnectWithUsFacebook -->
  <testcase classname="MedWebsite.HomePage" name="HosptialCheck" time="0.0">
    <ignored/>
  </testcase> <!-- HosptialCheck -->
  <testcase classname="MedWebsite.HomePage" name="OurMissionCheck" time="0.0">
    <ignored/>
  </testcase> <!-- OurMissionCheck -->
  <testcase classname="MedWebsite.HomePage" name="HelpPageCheck" time="0.0">
    <ignored/>
  </testcase> <!-- HelpPageCheck -->
  <testcase classname="MedWebsite.HomePage" name="ConnectWithUsLinkedIn" time="0.0">
    <ignored/>
  </testcase> <!-- ConnectWithUsLinkedIn -->
  <testcase classname="MedWebsite.HomePage" name="ConnectWithUsTwitter" time="0.0">
    <ignored/>
  </testcase> <!-- ConnectWithUsTwitter -->
  <testcase classname="MedWebsite.HomePage" name="PhoneNumberCheck" time="0.0">
    <ignored/>
  </testcase> <!-- PhoneNumberCheck -->
  <testcase classname="MedWebsite.HomePage" name="MyCartCheck" time="0.0">
    <ignored/>
  </testcase> <!-- MyCartCheck -->
  <testcase classname="MedWebsite.HomePage" name="LinkedInCheck" time="0.0">
    <ignored/>
  </testcase> <!-- LinkedInCheck -->
  <testcase classname="MedWebsite.HomePage" name="InstagrameCheck" time="0.0">
    <ignored/>
  </testcase> <!-- InstagrameCheck -->
  <testcase classname="MedWebsite.HomePage" name="OurVisionCheck" time="0.0">
    <ignored/>
  </testcase> <!-- OurVisionCheck -->
  <testcase classname="MedWebsite.HomePage" name="HelpPageRefundsReturns" time="0.0">
    <ignored/>
  </testcase> <!-- HelpPageRefundsReturns -->
  <testcase classname="MedWebsite.HomePage" name="HelpPageDeliveries" time="0.0">
    <ignored/>
  </testcase> <!-- HelpPageDeliveries -->
  <testcase classname="MedWebsite.HomePage" name="BlogsNewsCheck" time="0.0">
    <ignored/>
  </testcase> <!-- BlogsNewsCheck -->
  <testcase classname="MedWebsite.HomePage" name="SearchCheck" time="0.0">
    <ignored/>
  </testcase> <!-- SearchCheck -->
  <testcase classname="MedWebsite.HomePage" name="HelpPageCareers" time="0.0">
    <ignored/>
  </testcase> <!-- HelpPageCareers -->
  <testcase classname="MedWebsite.HomePage" name="HelpPageInformation" time="0.0">
    <ignored/>
  </testcase> <!-- HelpPageInformation -->
  <testcase classname="MedWebsite.HomePage" name="MedicalTourisumCheck" time="0.0">
    <ignored/>
  </testcase> <!-- MedicalTourisumCheck -->
  <testcase classname="MedWebsite.HomePage" name="OurValueCheck" time="0.0">
    <ignored/>
  </testcase> <!-- OurValueCheck -->
  <testcase classname="MedWebsite.HomePage" name="ShopNowCheck" time="0.0">
    <ignored/>
  </testcase> <!-- ShopNowCheck -->
  <testcase classname="MedWebsite.HomePage" name="ConnectWithUsGoogle" time="0.0">
    <ignored/>
  </testcase> <!-- ConnectWithUsGoogle -->
  <testcase classname="MedWebsite.HomePage" name="ConsultancyCheck" time="0.0">
    <ignored/>
  </testcase> <!-- ConsultancyCheck -->
  <testcase classname="MedWebsite.HomePage" name="VendorCheck" time="0.0">
    <ignored/>
  </testcase> <!-- VendorCheck -->
  <testcase classname="MedWebsite.HomePage" name="ContuctCheck" time="0.0">
    <ignored/>
  </testcase> <!-- ContuctCheck -->
  <testcase classname="MedWebsite.HomePage" name="HelpPageShippingDetails" time="0.0">
    <ignored/>
  </testcase> <!-- HelpPageShippingDetails -->
  <testcase classname="MedWebsite.HomePage" name="SubscribNow" time="0.0">
    <ignored/>
  </testcase> <!-- SubscribNow -->
  <testcase classname="MedWebsite.HomePage" name="FacebookCheck" time="0.0">
    <ignored/>
  </testcase> <!-- FacebookCheck -->
  <testcase classname="MedWebsite.HomePage" name="HelpPagePrivacyPolicy" time="0.0">
    <ignored/>
  </testcase> <!-- HelpPagePrivacyPolicy -->
  <testcase classname="MedWebsite.HomePage" name="TwitterCheck" time="0.0">
    <ignored/>
  </testcase> <!-- TwitterCheck -->
  <testcase classname="MedWebsite.HomePage" name="LanguageButtonCheck" time="0.0">
    <ignored/>
  </testcase> <!-- LanguageButtonCheck -->
  <testcase classname="MedWebsite.HomePage" name="DirectoriesCheck" time="0.0">
    <ignored/>
  </testcase> <!-- DirectoriesCheck -->
  <testcase classname="MedWebsite.HomePage" name="SnapchatCheck" time="0.0">
    <ignored/>
  </testcase> <!-- SnapchatCheck -->
  <testcase classname="MedWebsite.HomePage" name="ServicesCheck" time="0.0">
    <ignored/>
  </testcase> <!-- ServicesCheck -->
  <testcase classname="MedWebsite.HomePage" name="HelpPageAboutUs" time="0.0">
    <ignored/>
  </testcase> <!-- HelpPageAboutUs -->
</testsuite> <!-- Automation Test -->
