<?xml version="1.0" encoding="UTF-8"?>
<!-- Generated by org.testng.reporters.JUnitXMLReporter -->
<testsuite ignored="36" hostname="DESKTOP-LPDGG0M" failures="0" tests="3" name="Automation Test" time="127.529" errors="0" timestamp="2021-01-26T20:54:44 EET">
  <testcase classname="MedWebsite.HomePage" name="HosptialCheck" time="6.774"/>
  <testcase classname="MedWebsite.HomePage" name="VendorCheck" time="5.815"/>
  <testcase classname="MedWebsite.HomePage" name="LatestNews" time="19.327"/>
  <testcase classname="MedWebsite.HomePage" name="AboutUsCheck" time="0.0">
    <ignored/>
  </testcase> <!-- AboutUsCheck -->
  <testcase classname="MedWebsite.HomePage" name="OurMissionCheck" time="0.0">
    <ignored/>
  </testcase> <!-- OurMissionCheck -->
  <testcase classname="MedWebsite.HomePage" name="ConnectWithUsFacebook" time="0.0">
    <ignored/>
  </testcase> <!-- ConnectWithUsFacebook -->
  <testcase classname="MedWebsite.HomePage" name="ConnectWithUsLinkedIn" time="0.0">
    <ignored/>
  </testcase> <!-- ConnectWithUsLinkedIn -->
  <testcase classname="MedWebsite.HomePage" name="ConnectWithUsTwitter" time="0.0">
    <ignored/>
  </testcase> <!-- ConnectWithUsTwitter -->
  <testcase classname="MedWebsite.HomePage" name="PhoneNumberCheck" time="0.0">
    <ignored/>
  </testcase> <!-- PhoneNumberCheck -->
  <testcase classname="MedWebsite.HomePage" name="MyCartCheck" time="0.0">
    <ignored/>
  </testcase> <!-- MyCartCheck -->
  <testcase classname="MedWebsite.HomePage" name="HelpPageOrdersReturns" time="0.0">
    <ignored/>
  </testcase> <!-- HelpPageOrdersReturns -->
  <testcase classname="MedWebsite.HomePage" name="LinkedInCheck" time="0.0">
    <ignored/>
  </testcase> <!-- LinkedInCheck -->
  <testcase classname="MedWebsite.HomePage" name="InstagrameCheck" time="0.0">
    <ignored/>
  </testcase> <!-- InstagrameCheck -->
  <testcase classname="MedWebsite.HomePage" name="OurVisionCheck" time="0.0">
    <ignored/>
  </testcase> <!-- OurVisionCheck -->
  <testcase classname="MedWebsite.HomePage" name="HelpPageRefundsReturns" time="0.0">
    <ignored/>
  </testcase> <!-- HelpPageRefundsReturns -->
  <testcase classname="MedWebsite.HomePage" name="HelpPageDeliveries" time="0.0">
    <ignored/>
  </testcase> <!-- HelpPageDeliveries -->
  <testcase classname="MedWebsite.HomePage" name="SearchCheck" time="0.0">
    <ignored/>
  </testcase> <!-- SearchCheck -->
  <testcase classname="MedWebsite.HomePage" name="BlogsNewsCheck" time="0.0">
    <ignored/>
  </testcase> <!-- BlogsNewsCheck -->
  <testcase classname="MedWebsite.HomePage" name="HelpPageCareers" time="0.0">
    <ignored/>
  </testcase> <!-- HelpPageCareers -->
  <testcase classname="MedWebsite.HomePage" name="HelpPageHelpFaqs" time="0.0">
    <ignored/>
  </testcase> <!-- HelpPageHelpFaqs -->
  <testcase classname="MedWebsite.HomePage" name="HelpPageInformation" time="0.0">
    <ignored/>
  </testcase> <!-- HelpPageInformation -->
  <testcase classname="MedWebsite.HomePage" name="OurValueCheck" time="0.0">
    <ignored/>
  </testcase> <!-- OurValueCheck -->
  <testcase classname="MedWebsite.HomePage" name="MedicalTourisumCheck" time="0.0">
    <ignored/>
  </testcase> <!-- MedicalTourisumCheck -->
  <testcase classname="MedWebsite.HomePage" name="ShopNowCheck" time="0.0">
    <ignored/>
  </testcase> <!-- ShopNowCheck -->
  <testcase classname="MedWebsite.HomePage" name="ConsultancyCheck" time="0.0">
    <ignored/>
  </testcase> <!-- ConsultancyCheck -->
  <testcase classname="MedWebsite.HomePage" name="ConnectWithUsGoogle" time="0.0">
    <ignored/>
  </testcase> <!-- ConnectWithUsGoogle -->
  <testcase classname="MedWebsite.HomePage" name="ContuctCheck" time="0.0">
    <ignored/>
  </testcase> <!-- ContuctCheck -->
  <testcase classname="MedWebsite.HomePage" name="HelpPageShippingDetails" time="0.0">
    <ignored/>
  </testcase> <!-- HelpPageShippingDetails -->
  <testcase classname="MedWebsite.HomePage" name="SubscribNow" time="0.0">
    <ignored/>
  </testcase> <!-- SubscribNow -->
  <testcase classname="MedWebsite.HomePage" name="FacebookCheck" time="0.0">
    <ignored/>
  </testcase> <!-- FacebookCheck -->
  <testcase classname="MedWebsite.HomePage" name="HelpPageStoreLocation" time="0.0">
    <ignored/>
  </testcase> <!-- HelpPageStoreLocation -->
  <testcase classname="MedWebsite.HomePage" name="HelpPagePrivacyPolicy" time="0.0">
    <ignored/>
  </testcase> <!-- HelpPagePrivacyPolicy -->
  <testcase classname="MedWebsite.HomePage" name="TwitterCheck" time="0.0">
    <ignored/>
  </testcase> <!-- TwitterCheck -->
  <testcase classname="MedWebsite.HomePage" name="LanguageButtonCheck" time="0.0">
    <ignored/>
  </testcase> <!-- LanguageButtonCheck -->
  <testcase classname="MedWebsite.HomePage" name="HelpPageAdvancedSearch" time="0.0">
    <ignored/>
  </testcase> <!-- HelpPageAdvancedSearch -->
  <testcase classname="MedWebsite.HomePage" name="DirectoriesCheck" time="0.0">
    <ignored/>
  </testcase> <!-- DirectoriesCheck -->
  <testcase classname="MedWebsite.HomePage" name="SnapchatCheck" time="0.0">
    <ignored/>
  </testcase> <!-- SnapchatCheck -->
  <testcase classname="MedWebsite.HomePage" name="ServicesCheck" time="0.0">
    <ignored/>
  </testcase> <!-- ServicesCheck -->
  <testcase classname="MedWebsite.HomePage" name="HelpPageAboutUs" time="0.0">
    <ignored/>
  </testcase> <!-- HelpPageAboutUs -->
</testsuite> <!-- Automation Test -->
