<?xml version="1.0" encoding="UTF-8"?>
<testng-results ignored="36" total="40" passed="3" failed="1" skipped="0">
  <reporter-output>
  </reporter-output>
  <suite started-at="2021-01-11T22:10:24 EET" name="Default suite" finished-at="2021-01-11T22:11:49 EET" duration-ms="84548">
    <groups>
    </groups>
    <test started-at="2021-01-11T22:10:24 EET" name="Default test" finished-at="2021-01-11T22:11:49 EET" duration-ms="84548">
      <class name="MedWebsite.HomePage">
        <test-method is-config="true" signature="Started()[pri:0, instance:MedWebsite.HomePage@54c562f7]" started-at="2021-01-11T22:10:24 EET" name="Started" finished-at="2021-01-11T22:10:24 EET" duration-ms="270" status="PASS">
          <reporter-output>
          </reporter-output>
        </test-method> <!-- Started -->
        <test-method is-config="true" signature="Setup(java.lang.reflect.Method)[pri:0, instance:MedWebsite.HomePage@54c562f7]" started-at="2021-01-11T22:10:24 EET" name="Setup" finished-at="2021-01-11T22:10:37 EET" duration-ms="12941" status="PASS">
          <params>
            <param index="0">
              <value>
                <![CDATA[public void MedWebsite.HomePage.HelpPageAdvancedSearch()]]>
              </value>
            </param>
          </params>
          <reporter-output>
          </reporter-output>
        </test-method> <!-- Setup -->
        <test-method signature="HelpPageAdvancedSearch()[pri:37, instance:MedWebsite.HomePage@54c562f7]" started-at="2021-01-11T22:10:37 EET" name="HelpPageAdvancedSearch" finished-at="2021-01-11T22:10:51 EET" duration-ms="13928" status="FAIL">
          <exception class="org.openqa.selenium.NoSuchElementException">
            <message>
              <![CDATA[no such element: Unable to locate element: {"method":"xpath","selector":"//li[text()='Advanced Search']"}
  (Session info: chrome=87.0.4280.88)
For documentation on this error, please visit: https://www.seleniumhq.org/exceptions/no_such_element.html
Build info: version: '3.141.59', revision: 'e82be7d358', time: '2018-11-14T08:25:48'
System info: host: 'DESKTOP-LPDGG0M', ip: '192.168.1.130', os.name: 'Windows 10', os.arch: 'amd64', os.version: '10.0', java.version: '14.0.2'
Driver info: org.openqa.selenium.chrome.ChromeDriver
Capabilities {acceptInsecureCerts: false, browserName: chrome, browserVersion: 87.0.4280.88, chrome: {chromedriverVersion: 87.0.4280.88 (89e2380a3e36c..., userDataDir: C:\Users\ahmad\AppData\Loca...}, goog:chromeOptions: {debuggerAddress: localhost:53944}, javascriptEnabled: true, networkConnectionEnabled: false, pageLoadStrategy: normal, platform: WINDOWS, platformName: WINDOWS, proxy: Proxy(), setWindowRect: true, strictFileInteractability: false, timeouts: {implicit: 0, pageLoad: 300000, script: 30000}, unhandledPromptBehavior: dismiss and notify, webauthn:virtualAuthenticators: true}
Session ID: af6832d92d9a1d5783c1c234292799a5
*** Element info: {Using=xpath, value=//li[text()='Advanced Search']}]]>
            </message>
            <full-stacktrace>
              <![CDATA[org.openqa.selenium.NoSuchElementException: no such element: Unable to locate element: {"method":"xpath","selector":"//li[text()='Advanced Search']"}
  (Session info: chrome=87.0.4280.88)
For documentation on this error, please visit: https://www.seleniumhq.org/exceptions/no_such_element.html
Build info: version: '3.141.59', revision: 'e82be7d358', time: '2018-11-14T08:25:48'
System info: host: 'DESKTOP-LPDGG0M', ip: '192.168.1.130', os.name: 'Windows 10', os.arch: 'amd64', os.version: '10.0', java.version: '14.0.2'
Driver info: org.openqa.selenium.chrome.ChromeDriver
Capabilities {acceptInsecureCerts: false, browserName: chrome, browserVersion: 87.0.4280.88, chrome: {chromedriverVersion: 87.0.4280.88 (89e2380a3e36c..., userDataDir: C:\Users\ahmad\AppData\Loca...}, goog:chromeOptions: {debuggerAddress: localhost:53944}, javascriptEnabled: true, networkConnectionEnabled: false, pageLoadStrategy: normal, platform: WINDOWS, platformName: WINDOWS, proxy: Proxy(), setWindowRect: true, strictFileInteractability: false, timeouts: {implicit: 0, pageLoad: 300000, script: 30000}, unhandledPromptBehavior: dismiss and notify, webauthn:virtualAuthenticators: true}
Session ID: af6832d92d9a1d5783c1c234292799a5
*** Element info: {Using=xpath, value=//li[text()='Advanced Search']}
at java.base/jdk.internal.reflect.NativeConstructorAccessorImpl.newInstance0(Native Method)
at java.base/jdk.internal.reflect.NativeConstructorAccessorImpl.newInstance(NativeConstructorAccessorImpl.java:62)
at java.base/jdk.internal.reflect.DelegatingConstructorAccessorImpl.newInstance(DelegatingConstructorAccessorImpl.java:45)
at java.base/java.lang.reflect.Constructor.newInstanceWithCaller(Constructor.java:500)
at java.base/java.lang.reflect.Constructor.newInstance(Constructor.java:481)
at org.openqa.selenium.remote.http.W3CHttpResponseCodec.createException(W3CHttpResponseCodec.java:187)
at org.openqa.selenium.remote.http.W3CHttpResponseCodec.decode(W3CHttpResponseCodec.java:122)
at org.openqa.selenium.remote.http.W3CHttpResponseCodec.decode(W3CHttpResponseCodec.java:49)
at org.openqa.selenium.remote.HttpCommandExecutor.execute(HttpCommandExecutor.java:158)
at org.openqa.selenium.remote.service.DriverCommandExecutor.execute(DriverCommandExecutor.java:83)
at org.openqa.selenium.remote.RemoteWebDriver.execute(RemoteWebDriver.java:552)
at org.openqa.selenium.remote.RemoteWebDriver.findElement(RemoteWebDriver.java:323)
at org.openqa.selenium.remote.RemoteWebDriver.findElementByXPath(RemoteWebDriver.java:428)
at org.openqa.selenium.By$ByXPath.findElement(By.java:353)
at org.openqa.selenium.remote.RemoteWebDriver.findElement(RemoteWebDriver.java:315)
at MedWebsite.HomePage.HelpPageAdvancedSearch(HomePage.java:399)
at java.base/jdk.internal.reflect.NativeMethodAccessorImpl.invoke0(Native Method)
at java.base/jdk.internal.reflect.NativeMethodAccessorImpl.invoke(NativeMethodAccessorImpl.java:62)
at java.base/jdk.internal.reflect.DelegatingMethodAccessorImpl.invoke(DelegatingMethodAccessorImpl.java:43)
at java.base/java.lang.reflect.Method.invoke(Method.java:564)
at org.testng.internal.MethodInvocationHelper.invokeMethod(MethodInvocationHelper.java:132)
at org.testng.internal.TestInvoker.invokeMethod(TestInvoker.java:599)
at org.testng.internal.TestInvoker.invokeTestMethod(TestInvoker.java:174)
at org.testng.internal.MethodRunner.runInSequence(MethodRunner.java:46)
at org.testng.internal.TestInvoker$MethodInvocationAgent.invoke(TestInvoker.java:822)
at org.testng.internal.TestInvoker.invokeTestMethods(TestInvoker.java:147)
at org.testng.internal.TestMethodWorker.invokeTestMethods(TestMethodWorker.java:146)
at org.testng.internal.TestMethodWorker.run(TestMethodWorker.java:128)
at java.base/java.util.ArrayList.forEach(ArrayList.java:1511)
at org.testng.TestRunner.privateRun(TestRunner.java:764)
at org.testng.TestRunner.run(TestRunner.java:585)
at org.testng.SuiteRunner.runTest(SuiteRunner.java:384)
at org.testng.SuiteRunner.runSequentially(SuiteRunner.java:378)
at org.testng.SuiteRunner.privateRun(SuiteRunner.java:337)
at org.testng.SuiteRunner.run(SuiteRunner.java:286)
at org.testng.SuiteRunnerWorker.runSuite(SuiteRunnerWorker.java:53)
at org.testng.SuiteRunnerWorker.run(SuiteRunnerWorker.java:96)
at org.testng.TestNG.runSuitesSequentially(TestNG.java:1218)
at org.testng.TestNG.runSuitesLocally(TestNG.java:1140)
at org.testng.TestNG.runSuites(TestNG.java:1069)
at org.testng.TestNG.run(TestNG.java:1037)
at org.testng.remote.AbstractRemoteTestNG.run(AbstractRemoteTestNG.java:115)
at org.testng.remote.RemoteTestNG.initAndRun(RemoteTestNG.java:251)
at org.testng.remote.RemoteTestNG.main(RemoteTestNG.java:77)
]]>
            </full-stacktrace>
          </exception> <!-- org.openqa.selenium.NoSuchElementException -->
          <reporter-output>
          </reporter-output>
        </test-method> <!-- HelpPageAdvancedSearch -->
        <test-method is-config="true" signature="Teardown(org.testng.ITestResult, java.lang.reflect.Method)[pri:0, instance:MedWebsite.HomePage@54c562f7]" started-at="2021-01-11T22:10:51 EET" name="Teardown" finished-at="2021-01-11T22:10:55 EET" duration-ms="3304" status="PASS">
          <params>
            <param index="0">
              <value>
                <![CDATA[[TestResult name=HelpPageAdvancedSearch status=FAILURE method=HomePage.HelpPageAdvancedSearch()[pri:37, instance:MedWebsite.HomePage@54c562f7] output={null}]]]>
              </value>
            </param>
            <param index="1">
              <value>
                <![CDATA[public void MedWebsite.HomePage.HelpPageAdvancedSearch()]]>
              </value>
            </param>
          </params>
          <reporter-output>
          </reporter-output>
        </test-method> <!-- Teardown -->
        <test-method is-config="true" signature="Setup(java.lang.reflect.Method)[pri:0, instance:MedWebsite.HomePage@54c562f7]" started-at="2021-01-11T22:10:55 EET" name="Setup" finished-at="2021-01-11T22:11:06 EET" duration-ms="10822" status="PASS">
          <params>
            <param index="0">
              <value>
                <![CDATA[public void MedWebsite.HomePage.HelpPageHelpFaqs()]]>
              </value>
            </param>
          </params>
          <reporter-output>
          </reporter-output>
        </test-method> <!-- Setup -->
        <test-method signature="HelpPageHelpFaqs()[pri:38, instance:MedWebsite.HomePage@54c562f7]" started-at="2021-01-11T22:11:06 EET" name="HelpPageHelpFaqs" finished-at="2021-01-11T22:11:08 EET" duration-ms="2594" status="PASS">
          <reporter-output>
          </reporter-output>
        </test-method> <!-- HelpPageHelpFaqs -->
        <test-method is-config="true" signature="Teardown(org.testng.ITestResult, java.lang.reflect.Method)[pri:0, instance:MedWebsite.HomePage@54c562f7]" started-at="2021-01-11T22:11:08 EET" name="Teardown" finished-at="2021-01-11T22:11:12 EET" duration-ms="3445" status="PASS">
          <params>
            <param index="0">
              <value>
                <![CDATA[[TestResult name=HelpPageHelpFaqs status=SUCCESS method=HomePage.HelpPageHelpFaqs()[pri:38, instance:MedWebsite.HomePage@54c562f7] output={null}]]]>
              </value>
            </param>
            <param index="1">
              <value>
                <![CDATA[public void MedWebsite.HomePage.HelpPageHelpFaqs()]]>
              </value>
            </param>
          </params>
          <reporter-output>
          </reporter-output>
        </test-method> <!-- Teardown -->
        <test-method is-config="true" signature="Setup(java.lang.reflect.Method)[pri:0, instance:MedWebsite.HomePage@54c562f7]" started-at="2021-01-11T22:11:12 EET" name="Setup" finished-at="2021-01-11T22:11:25 EET" duration-ms="13111" status="PASS">
          <params>
            <param index="0">
              <value>
                <![CDATA[public void MedWebsite.HomePage.HelpPageStoreLocation()]]>
              </value>
            </param>
          </params>
          <reporter-output>
          </reporter-output>
        </test-method> <!-- Setup -->
        <test-method signature="HelpPageStoreLocation()[pri:39, instance:MedWebsite.HomePage@54c562f7]" started-at="2021-01-11T22:11:25 EET" name="HelpPageStoreLocation" finished-at="2021-01-11T22:11:27 EET" duration-ms="2192" status="PASS">
          <reporter-output>
          </reporter-output>
        </test-method> <!-- HelpPageStoreLocation -->
        <test-method is-config="true" signature="Teardown(org.testng.ITestResult, java.lang.reflect.Method)[pri:0, instance:MedWebsite.HomePage@54c562f7]" started-at="2021-01-11T22:11:27 EET" name="Teardown" finished-at="2021-01-11T22:11:30 EET" duration-ms="3560" status="PASS">
          <params>
            <param index="0">
              <value>
                <![CDATA[[TestResult name=HelpPageStoreLocation status=SUCCESS method=HomePage.HelpPageStoreLocation()[pri:39, instance:MedWebsite.HomePage@54c562f7] output={null}]]]>
              </value>
            </param>
            <param index="1">
              <value>
                <![CDATA[public void MedWebsite.HomePage.HelpPageStoreLocation()]]>
              </value>
            </param>
          </params>
          <reporter-output>
          </reporter-output>
        </test-method> <!-- Teardown -->
        <test-method is-config="true" signature="Setup(java.lang.reflect.Method)[pri:0, instance:MedWebsite.HomePage@54c562f7]" started-at="2021-01-11T22:11:30 EET" name="Setup" finished-at="2021-01-11T22:11:43 EET" duration-ms="12135" status="PASS">
          <params>
            <param index="0">
              <value>
                <![CDATA[public void MedWebsite.HomePage.HelpPageOrdersReturns()]]>
              </value>
            </param>
          </params>
          <reporter-output>
          </reporter-output>
        </test-method> <!-- Setup -->
        <test-method signature="HelpPageOrdersReturns()[pri:40, instance:MedWebsite.HomePage@54c562f7]" started-at="2021-01-11T22:11:43 EET" name="HelpPageOrdersReturns" finished-at="2021-01-11T22:11:46 EET" duration-ms="2981" status="PASS">
          <reporter-output>
          </reporter-output>
        </test-method> <!-- HelpPageOrdersReturns -->
        <test-method is-config="true" signature="Teardown(org.testng.ITestResult, java.lang.reflect.Method)[pri:0, instance:MedWebsite.HomePage@54c562f7]" started-at="2021-01-11T22:11:46 EET" name="Teardown" finished-at="2021-01-11T22:11:49 EET" duration-ms="3458" status="PASS">
          <params>
            <param index="0">
              <value>
                <![CDATA[[TestResult name=HelpPageOrdersReturns status=SUCCESS method=HomePage.HelpPageOrdersReturns()[pri:40, instance:MedWebsite.HomePage@54c562f7] output={null}]]]>
              </value>
            </param>
            <param index="1">
              <value>
                <![CDATA[public void MedWebsite.HomePage.HelpPageOrdersReturns()]]>
              </value>
            </param>
          </params>
          <reporter-output>
          </reporter-output>
        </test-method> <!-- Teardown -->
        <test-method is-config="true" signature="Finished()[pri:0, instance:MedWebsite.HomePage@54c562f7]" started-at="2021-01-11T22:11:49 EET" name="Finished" finished-at="2021-01-11T22:11:50 EET" duration-ms="463" status="PASS">
          <reporter-output>
          </reporter-output>
        </test-method> <!-- Finished -->
      </class> <!-- MedWebsite.HomePage -->
    </test> <!-- Default test -->
  </suite> <!-- Default suite -->
</testng-results>
