<?xml version="1.0" encoding="UTF-8"?>
<testng-results ignored="0" total="7" passed="7" failed="0" skipped="0">
  <reporter-output>
  </reporter-output>
  <suite started-at="2021-01-13T22:26:04 EET" name="Default suite" finished-at="2021-01-13T22:29:19 EET" duration-ms="195775">
    <groups>
    </groups>
    <test started-at="2021-01-13T22:26:04 EET" name="Default test" finished-at="2021-01-13T22:29:19 EET" duration-ms="195775">
      <class name="MedWebsite.MyAccountPage">
        <test-method is-config="true" signature="Started()[pri:0, instance:MedWebsite.MyAccountPage@45b9a632]" started-at="2021-01-13T22:26:03 EET" name="Started" finished-at="2021-01-13T22:26:04 EET" duration-ms="256" status="PASS">
          <reporter-output>
          </reporter-output>
        </test-method> <!-- Started -->
        <test-method is-config="true" signature="Setup(java.lang.reflect.Method)[pri:0, instance:MedWebsite.MyAccountPage@45b9a632]" started-at="2021-01-13T22:26:04 EET" name="Setup" finished-at="2021-01-13T22:26:19 EET" duration-ms="15783" status="PASS">
          <params>
            <param index="0">
              <value>
                <![CDATA[public void MedWebsite.MyAccountPage.RecentOrdersCheck()]]>
              </value>
            </param>
          </params>
          <reporter-output>
          </reporter-output>
        </test-method> <!-- Setup -->
        <test-method signature="RecentOrdersCheck()[pri:1, instance:MedWebsite.MyAccountPage@45b9a632]" started-at="2021-01-13T22:26:19 EET" name="RecentOrdersCheck" finished-at="2021-01-13T22:26:28 EET" duration-ms="8875" status="PASS">
          <reporter-output>
          </reporter-output>
        </test-method> <!-- RecentOrdersCheck -->
        <test-method is-config="true" signature="Teardown(org.testng.ITestResult, java.lang.reflect.Method)[pri:0, instance:MedWebsite.MyAccountPage@45b9a632]" started-at="2021-01-13T22:26:28 EET" name="Teardown" finished-at="2021-01-13T22:26:32 EET" duration-ms="3396" status="PASS">
          <params>
            <param index="0">
              <value>
                <![CDATA[[TestResult name=RecentOrdersCheck status=SUCCESS method=MyAccountPage.RecentOrdersCheck()[pri:1, instance:MedWebsite.MyAccountPage@45b9a632] output={null}]]]>
              </value>
            </param>
            <param index="1">
              <value>
                <![CDATA[public void MedWebsite.MyAccountPage.RecentOrdersCheck()]]>
              </value>
            </param>
          </params>
          <reporter-output>
          </reporter-output>
        </test-method> <!-- Teardown -->
        <test-method is-config="true" signature="Setup(java.lang.reflect.Method)[pri:0, instance:MedWebsite.MyAccountPage@45b9a632]" started-at="2021-01-13T22:26:32 EET" name="Setup" finished-at="2021-01-13T22:26:44 EET" duration-ms="12614" status="PASS">
          <params>
            <param index="0">
              <value>
                <![CDATA[public void MedWebsite.MyAccountPage.MyOrdersCheck()]]>
              </value>
            </param>
          </params>
          <reporter-output>
          </reporter-output>
        </test-method> <!-- Setup -->
        <test-method signature="MyOrdersCheck()[pri:2, instance:MedWebsite.MyAccountPage@45b9a632]" started-at="2021-01-13T22:26:44 EET" name="MyOrdersCheck" finished-at="2021-01-13T22:26:56 EET" duration-ms="12015" status="PASS">
          <reporter-output>
          </reporter-output>
        </test-method> <!-- MyOrdersCheck -->
        <test-method is-config="true" signature="Teardown(org.testng.ITestResult, java.lang.reflect.Method)[pri:0, instance:MedWebsite.MyAccountPage@45b9a632]" started-at="2021-01-13T22:26:56 EET" name="Teardown" finished-at="2021-01-13T22:27:00 EET" duration-ms="3384" status="PASS">
          <params>
            <param index="0">
              <value>
                <![CDATA[[TestResult name=MyOrdersCheck status=SUCCESS method=MyAccountPage.MyOrdersCheck()[pri:2, instance:MedWebsite.MyAccountPage@45b9a632] output={null}]]]>
              </value>
            </param>
            <param index="1">
              <value>
                <![CDATA[public void MedWebsite.MyAccountPage.MyOrdersCheck()]]>
              </value>
            </param>
          </params>
          <reporter-output>
          </reporter-output>
        </test-method> <!-- Teardown -->
        <test-method is-config="true" signature="Setup(java.lang.reflect.Method)[pri:0, instance:MedWebsite.MyAccountPage@45b9a632]" started-at="2021-01-13T22:27:00 EET" name="Setup" finished-at="2021-01-13T22:27:14 EET" duration-ms="13988" status="PASS">
          <params>
            <param index="0">
              <value>
                <![CDATA[public void MedWebsite.MyAccountPage.MyWishlistCheck()]]>
              </value>
            </param>
          </params>
          <reporter-output>
          </reporter-output>
        </test-method> <!-- Setup -->
        <test-method signature="MyWishlistCheck()[pri:3, instance:MedWebsite.MyAccountPage@45b9a632]" started-at="2021-01-13T22:27:14 EET" name="MyWishlistCheck" finished-at="2021-01-13T22:27:25 EET" duration-ms="11512" status="PASS">
          <reporter-output>
          </reporter-output>
        </test-method> <!-- MyWishlistCheck -->
        <test-method is-config="true" signature="Teardown(org.testng.ITestResult, java.lang.reflect.Method)[pri:0, instance:MedWebsite.MyAccountPage@45b9a632]" started-at="2021-01-13T22:27:25 EET" name="Teardown" finished-at="2021-01-13T22:27:29 EET" duration-ms="3618" status="PASS">
          <params>
            <param index="0">
              <value>
                <![CDATA[[TestResult name=MyWishlistCheck status=SUCCESS method=MyAccountPage.MyWishlistCheck()[pri:3, instance:MedWebsite.MyAccountPage@45b9a632] output={null}]]]>
              </value>
            </param>
            <param index="1">
              <value>
                <![CDATA[public void MedWebsite.MyAccountPage.MyWishlistCheck()]]>
              </value>
            </param>
          </params>
          <reporter-output>
          </reporter-output>
        </test-method> <!-- Teardown -->
        <test-method is-config="true" signature="Setup(java.lang.reflect.Method)[pri:0, instance:MedWebsite.MyAccountPage@45b9a632]" started-at="2021-01-13T22:27:29 EET" name="Setup" finished-at="2021-01-13T22:27:41 EET" duration-ms="12205" status="PASS">
          <params>
            <param index="0">
              <value>
                <![CDATA[public void MedWebsite.MyAccountPage.MyReviwesCheck()]]>
              </value>
            </param>
          </params>
          <reporter-output>
          </reporter-output>
        </test-method> <!-- Setup -->
        <test-method signature="MyReviwesCheck()[pri:4, instance:MedWebsite.MyAccountPage@45b9a632]" started-at="2021-01-13T22:27:41 EET" name="MyReviwesCheck" finished-at="2021-01-13T22:27:49 EET" duration-ms="8171" status="PASS">
          <reporter-output>
          </reporter-output>
        </test-method> <!-- MyReviwesCheck -->
        <test-method is-config="true" signature="Teardown(org.testng.ITestResult, java.lang.reflect.Method)[pri:0, instance:MedWebsite.MyAccountPage@45b9a632]" started-at="2021-01-13T22:27:49 EET" name="Teardown" finished-at="2021-01-13T22:27:53 EET" duration-ms="3360" status="PASS">
          <params>
            <param index="0">
              <value>
                <![CDATA[[TestResult name=MyReviwesCheck status=SUCCESS method=MyAccountPage.MyReviwesCheck()[pri:4, instance:MedWebsite.MyAccountPage@45b9a632] output={null}]]]>
              </value>
            </param>
            <param index="1">
              <value>
                <![CDATA[public void MedWebsite.MyAccountPage.MyReviwesCheck()]]>
              </value>
            </param>
          </params>
          <reporter-output>
          </reporter-output>
        </test-method> <!-- Teardown -->
        <test-method is-config="true" signature="Setup(java.lang.reflect.Method)[pri:0, instance:MedWebsite.MyAccountPage@45b9a632]" started-at="2021-01-13T22:27:53 EET" name="Setup" finished-at="2021-01-13T22:28:05 EET" duration-ms="12654" status="PASS">
          <params>
            <param index="0">
              <value>
                <![CDATA[public void MedWebsite.MyAccountPage.MyAddressCheck()]]>
              </value>
            </param>
          </params>
          <reporter-output>
          </reporter-output>
        </test-method> <!-- Setup -->
        <test-method signature="MyAddressCheck()[pri:5, instance:MedWebsite.MyAccountPage@45b9a632]" started-at="2021-01-13T22:28:05 EET" name="MyAddressCheck" finished-at="2021-01-13T22:28:18 EET" duration-ms="12630" status="PASS">
          <reporter-output>
          </reporter-output>
        </test-method> <!-- MyAddressCheck -->
        <test-method is-config="true" signature="Teardown(org.testng.ITestResult, java.lang.reflect.Method)[pri:0, instance:MedWebsite.MyAccountPage@45b9a632]" started-at="2021-01-13T22:28:18 EET" name="Teardown" finished-at="2021-01-13T22:28:21 EET" duration-ms="3532" status="PASS">
          <params>
            <param index="0">
              <value>
                <![CDATA[[TestResult name=MyAddressCheck status=SUCCESS method=MyAccountPage.MyAddressCheck()[pri:5, instance:MedWebsite.MyAccountPage@45b9a632] output={null}]]]>
              </value>
            </param>
            <param index="1">
              <value>
                <![CDATA[public void MedWebsite.MyAccountPage.MyAddressCheck()]]>
              </value>
            </param>
          </params>
          <reporter-output>
          </reporter-output>
        </test-method> <!-- Teardown -->
        <test-method is-config="true" signature="Setup(java.lang.reflect.Method)[pri:0, instance:MedWebsite.MyAccountPage@45b9a632]" started-at="2021-01-13T22:28:21 EET" name="Setup" finished-at="2021-01-13T22:28:34 EET" duration-ms="12249" status="PASS">
          <params>
            <param index="0">
              <value>
                <![CDATA[public void MedWebsite.MyAccountPage.MyProfileCheck()]]>
              </value>
            </param>
          </params>
          <reporter-output>
          </reporter-output>
        </test-method> <!-- Setup -->
        <test-method signature="MyProfileCheck()[pri:6, instance:MedWebsite.MyAccountPage@45b9a632]" started-at="2021-01-13T22:28:34 EET" name="MyProfileCheck" finished-at="2021-01-13T22:28:46 EET" duration-ms="11989" status="PASS">
          <reporter-output>
          </reporter-output>
        </test-method> <!-- MyProfileCheck -->
        <test-method is-config="true" signature="Teardown(org.testng.ITestResult, java.lang.reflect.Method)[pri:0, instance:MedWebsite.MyAccountPage@45b9a632]" started-at="2021-01-13T22:28:46 EET" name="Teardown" finished-at="2021-01-13T22:28:50 EET" duration-ms="3891" status="PASS">
          <params>
            <param index="0">
              <value>
                <![CDATA[[TestResult name=MyProfileCheck status=SUCCESS method=MyAccountPage.MyProfileCheck()[pri:6, instance:MedWebsite.MyAccountPage@45b9a632] output={null}]]]>
              </value>
            </param>
            <param index="1">
              <value>
                <![CDATA[public void MedWebsite.MyAccountPage.MyProfileCheck()]]>
              </value>
            </param>
          </params>
          <reporter-output>
          </reporter-output>
        </test-method> <!-- Teardown -->
        <test-method is-config="true" signature="Setup(java.lang.reflect.Method)[pri:0, instance:MedWebsite.MyAccountPage@45b9a632]" started-at="2021-01-13T22:28:50 EET" name="Setup" finished-at="2021-01-13T22:29:05 EET" duration-ms="15161" status="PASS">
          <params>
            <param index="0">
              <value>
                <![CDATA[public void MedWebsite.MyAccountPage.LogOutCheck()]]>
              </value>
            </param>
          </params>
          <reporter-output>
          </reporter-output>
        </test-method> <!-- Setup -->
        <test-method signature="LogOutCheck()[pri:7, instance:MedWebsite.MyAccountPage@45b9a632]" started-at="2021-01-13T22:29:05 EET" name="LogOutCheck" finished-at="2021-01-13T22:29:15 EET" duration-ms="10711" status="PASS">
          <reporter-output>
          </reporter-output>
        </test-method> <!-- LogOutCheck -->
        <test-method is-config="true" signature="Teardown(org.testng.ITestResult, java.lang.reflect.Method)[pri:0, instance:MedWebsite.MyAccountPage@45b9a632]" started-at="2021-01-13T22:29:15 EET" name="Teardown" finished-at="2021-01-13T22:29:19 EET" duration-ms="3956" status="PASS">
          <params>
            <param index="0">
              <value>
                <![CDATA[[TestResult name=LogOutCheck status=SUCCESS method=MyAccountPage.LogOutCheck()[pri:7, instance:MedWebsite.MyAccountPage@45b9a632] output={null}]]]>
              </value>
            </param>
            <param index="1">
              <value>
                <![CDATA[public void MedWebsite.MyAccountPage.LogOutCheck()]]>
              </value>
            </param>
          </params>
          <reporter-output>
          </reporter-output>
        </test-method> <!-- Teardown -->
        <test-method is-config="true" signature="Finished()[pri:0, instance:MedWebsite.MyAccountPage@45b9a632]" started-at="2021-01-13T22:29:20 EET" name="Finished" finished-at="2021-01-13T22:29:20 EET" duration-ms="557" status="PASS">
          <reporter-output>
          </reporter-output>
        </test-method> <!-- Finished -->
      </class> <!-- MedWebsite.MyAccountPage -->
    </test> <!-- Default test -->
  </suite> <!-- Default suite -->
</testng-results>
