<?xml version="1.0" encoding="UTF-8"?>
<testng-results ignored="8" total="9" passed="1" failed="0" skipped="0">
  <reporter-output>
  </reporter-output>
  <suite started-at="2020-12-31T12:15:30 EET" name="Default suite" finished-at="2020-12-31T12:15:55 EET" duration-ms="25058">
    <groups>
    </groups>
    <test started-at="2020-12-31T12:15:30 EET" name="Default test" finished-at="2020-12-31T12:15:55 EET" duration-ms="25058">
      <class name="MedDashborad.AdminPanelBrand">
        <test-method is-config="true" signature="setuo(java.lang.reflect.Method)[pri:0, instance:MedDashborad.AdminPanelBrand@5bfa9431]" started-at="2020-12-31T12:15:30 EET" name="setuo" finished-at="2020-12-31T12:15:45 EET" duration-ms="14793" status="PASS">
          <params>
            <param index="0">
              <value>
                <![CDATA[public void MedDashborad.AdminPanelBrand.AddBrand()]]>
              </value>
            </param>
          </params>
          <reporter-output>
          </reporter-output>
        </test-method> <!-- setuo -->
        <test-method signature="AddBrand()[pri:9, instance:MedDashborad.AdminPanelBrand@5bfa9431]" started-at="2020-12-31T12:15:45 EET" name="AddBrand" finished-at="2020-12-31T12:15:52 EET" duration-ms="7121" status="PASS">
          <reporter-output>
          </reporter-output>
        </test-method> <!-- AddBrand -->
        <test-method is-config="true" signature="teardown()[pri:0, instance:MedDashborad.AdminPanelBrand@5bfa9431]" started-at="2020-12-31T12:15:52 EET" name="teardown" finished-at="2020-12-31T12:15:55 EET" duration-ms="3031" status="PASS">
          <reporter-output>
          </reporter-output>
        </test-method> <!-- teardown -->
      </class> <!-- MedDashborad.AdminPanelBrand -->
    </test> <!-- Default test -->
  </suite> <!-- Default suite -->
</testng-results>
