<?xml version="1.0" encoding="UTF-8"?>
<testng-results ignored="7" total="9" passed="2" failed="0" skipped="0">
  <reporter-output>
  </reporter-output>
  <suite started-at="2021-01-05T15:41:31 EET" name="Default suite" finished-at="2021-01-05T15:42:18 EET" duration-ms="46829">
    <groups>
    </groups>
    <test started-at="2021-01-05T15:41:31 EET" name="Default test" finished-at="2021-01-05T15:42:18 EET" duration-ms="46829">
      <class name="MedDashborad.AdminPanelDoctors">
        <test-method is-config="true" signature="StartedTesting()[pri:0, instance:MedDashborad.AdminPanelDoctors@45018215]" started-at="2021-01-05T15:41:31 EET" name="StartedTesting" finished-at="2021-01-05T15:41:31 EET" duration-ms="271" status="PASS">
          <reporter-output>
          </reporter-output>
        </test-method> <!-- StartedTesting -->
        <test-method is-config="true" signature="setup(java.lang.reflect.Method)[pri:0, instance:MedDashborad.AdminPanelDoctors@45018215]" started-at="2021-01-05T15:41:31 EET" name="setup" finished-at="2021-01-05T15:41:45 EET" duration-ms="13837" status="PASS">
          <params>
            <param index="0">
              <value>
                <![CDATA[public void MedDashborad.AdminPanelDoctors.AddDoctors()]]>
              </value>
            </param>
          </params>
          <reporter-output>
          </reporter-output>
        </test-method> <!-- setup -->
        <test-method signature="AddDoctors()[pri:7, instance:MedDashborad.AdminPanelDoctors@45018215]" started-at="2021-01-05T15:41:45 EET" name="AddDoctors" finished-at="2021-01-05T15:41:52 EET" duration-ms="7349" status="PASS">
          <reporter-output>
          </reporter-output>
        </test-method> <!-- AddDoctors -->
        <test-method is-config="true" signature="teardown(org.testng.ITestResult, java.lang.reflect.Method)[pri:0, instance:MedDashborad.AdminPanelDoctors@45018215]" started-at="2021-01-05T15:41:52 EET" name="teardown" finished-at="2021-01-05T15:41:55 EET" duration-ms="2967" status="PASS">
          <params>
            <param index="0">
              <value>
                <![CDATA[[TestResult name=AddDoctors status=SUCCESS method=AdminPanelDoctors.AddDoctors()[pri:7, instance:MedDashborad.AdminPanelDoctors@45018215] output={null}]]]>
              </value>
            </param>
            <param index="1">
              <value>
                <![CDATA[public void MedDashborad.AdminPanelDoctors.AddDoctors()]]>
              </value>
            </param>
          </params>
          <reporter-output>
          </reporter-output>
        </test-method> <!-- teardown -->
        <test-method is-config="true" signature="setup(java.lang.reflect.Method)[pri:0, instance:MedDashborad.AdminPanelDoctors@45018215]" started-at="2021-01-05T15:41:55 EET" name="setup" finished-at="2021-01-05T15:42:09 EET" duration-ms="13196" status="PASS">
          <params>
            <param index="0">
              <value>
                <![CDATA[public void MedDashborad.AdminPanelDoctors.DeleteButtonDoctors()]]>
              </value>
            </param>
          </params>
          <reporter-output>
          </reporter-output>
        </test-method> <!-- setup -->
        <test-method signature="DeleteButtonDoctors()[pri:8, instance:MedDashborad.AdminPanelDoctors@45018215]" started-at="2021-01-05T15:42:09 EET" name="DeleteButtonDoctors" finished-at="2021-01-05T15:42:15 EET" duration-ms="6040" status="PASS">
          <reporter-output>
          </reporter-output>
        </test-method> <!-- DeleteButtonDoctors -->
        <test-method is-config="true" signature="teardown(org.testng.ITestResult, java.lang.reflect.Method)[pri:0, instance:MedDashborad.AdminPanelDoctors@45018215]" started-at="2021-01-05T15:42:15 EET" name="teardown" finished-at="2021-01-05T15:42:18 EET" duration-ms="3371" status="PASS">
          <params>
            <param index="0">
              <value>
                <![CDATA[[TestResult name=DeleteButtonDoctors status=SUCCESS method=AdminPanelDoctors.DeleteButtonDoctors()[pri:8, instance:MedDashborad.AdminPanelDoctors@45018215] output={null}]]]>
              </value>
            </param>
            <param index="1">
              <value>
                <![CDATA[public void MedDashborad.AdminPanelDoctors.DeleteButtonDoctors()]]>
              </value>
            </param>
          </params>
          <reporter-output>
          </reporter-output>
        </test-method> <!-- teardown -->
        <test-method is-config="true" signature="FinishedTesting()[pri:0, instance:MedDashborad.AdminPanelDoctors@45018215]" started-at="2021-01-05T15:42:18 EET" name="FinishedTesting" finished-at="2021-01-05T15:42:19 EET" duration-ms="675" status="PASS">
          <reporter-output>
          </reporter-output>
        </test-method> <!-- FinishedTesting -->
      </class> <!-- MedDashborad.AdminPanelDoctors -->
    </test> <!-- Default test -->
  </suite> <!-- Default suite -->
</testng-results>
