<?xml version="1.0" encoding="UTF-8"?>
<testng-results ignored="4" total="5" passed="1" failed="0" skipped="0">
  <reporter-output>
  </reporter-output>
  <suite started-at="2020-12-30T22:08:39 EET" name="Default suite" finished-at="2020-12-30T22:09:09 EET" duration-ms="29757">
    <groups>
    </groups>
    <test started-at="2020-12-30T22:08:39 EET" name="Default test" finished-at="2020-12-30T22:09:09 EET" duration-ms="29757">
      <class name="MedDashborad.AdminPanelproducts">
        <test-method is-config="true" signature="setuo(java.lang.reflect.Method)[pri:0, instance:MedDashborad.AdminPanelproducts@75f32542]" started-at="2020-12-30T22:08:39 EET" name="setuo" finished-at="2020-12-30T22:09:00 EET" duration-ms="21203" status="PASS">
          <params>
            <param index="0">
              <value>
                <![CDATA[public void MedDashborad.AdminPanelproducts.AddNew()]]>
              </value>
            </param>
          </params>
          <reporter-output>
          </reporter-output>
        </test-method> <!-- setuo -->
        <test-method signature="AddNew()[pri:0, instance:MedDashborad.AdminPanelproducts@75f32542]" started-at="2020-12-30T22:09:00 EET" name="AddNew" finished-at="2020-12-30T22:09:06 EET" duration-ms="5558" status="PASS">
          <reporter-output>
          </reporter-output>
        </test-method> <!-- AddNew -->
        <test-method is-config="true" signature="teardown()[pri:0, instance:MedDashborad.AdminPanelproducts@75f32542]" started-at="2020-12-30T22:09:06 EET" name="teardown" finished-at="2020-12-30T22:09:09 EET" duration-ms="2921" status="PASS">
          <reporter-output>
          </reporter-output>
        </test-method> <!-- teardown -->
      </class> <!-- MedDashborad.AdminPanelproducts -->
    </test> <!-- Default test -->
  </suite> <!-- Default suite -->
</testng-results>
