<?xml version="1.0" encoding="UTF-8"?>
<testng-results ignored="8" total="9" passed="1" failed="0" skipped="0">
  <reporter-output>
  </reporter-output>
  <suite started-at="2020-12-31T22:08:32 EET" name="Default suite" finished-at="2020-12-31T22:09:02 EET" duration-ms="29329">
    <groups>
    </groups>
    <test started-at="2020-12-31T22:08:32 EET" name="Default test" finished-at="2020-12-31T22:09:02 EET" duration-ms="29329">
      <class name="MedDashborad.AdminPanelProduct">
        <test-method is-config="true" signature="setuo(java.lang.reflect.Method)[pri:0, instance:MedDashborad.AdminPanelProduct@5bfa9431]" started-at="2020-12-31T22:08:32 EET" name="setuo" finished-at="2020-12-31T22:08:49 EET" duration-ms="16965" status="PASS">
          <params>
            <param index="0">
              <value>
                <![CDATA[public void MedDashborad.AdminPanelProduct.AddNewProduct()]]>
              </value>
            </param>
          </params>
          <reporter-output>
          </reporter-output>
        </test-method> <!-- setuo -->
        <test-method signature="AddNewProduct()[pri:0, instance:MedDashborad.AdminPanelProduct@5bfa9431]" started-at="2020-12-31T22:08:49 EET" name="AddNewProduct" finished-at="2020-12-31T22:08:59 EET" duration-ms="9262" status="PASS">
          <reporter-output>
          </reporter-output>
        </test-method> <!-- AddNewProduct -->
        <test-method is-config="true" signature="teardown()[pri:0, instance:MedDashborad.AdminPanelProduct@5bfa9431]" started-at="2020-12-31T22:08:59 EET" name="teardown" finished-at="2020-12-31T22:09:02 EET" duration-ms="3014" status="PASS">
          <reporter-output>
          </reporter-output>
        </test-method> <!-- teardown -->
      </class> <!-- MedDashborad.AdminPanelProduct -->
    </test> <!-- Default test -->
  </suite> <!-- Default suite -->
</testng-results>
