<?xml version="1.0" encoding="UTF-8"?>
<testng-results ignored="0" total="8" passed="8" failed="0" skipped="0">
  <reporter-output>
  </reporter-output>
  <suite started-at="2021-01-05T22:24:06 EET" name="Default suite" finished-at="2021-01-05T22:26:41 EET" duration-ms="154546">
    <groups>
    </groups>
    <test started-at="2021-01-05T22:24:06 EET" name="Default test" finished-at="2021-01-05T22:26:41 EET" duration-ms="154546">
      <class name="MedDashborad.AdminPanelCoupon">
        <test-method is-config="true" signature="StartedTesting()[pri:0, instance:MedDashborad.AdminPanelCoupon@45018215]" started-at="2021-01-05T22:24:06 EET" name="StartedTesting" finished-at="2021-01-05T22:24:06 EET" duration-ms="246" status="PASS">
          <reporter-output>
          </reporter-output>
        </test-method> <!-- StartedTesting -->
        <test-method is-config="true" signature="setup(java.lang.reflect.Method)[pri:0, instance:MedDashborad.AdminPanelCoupon@45018215]" started-at="2021-01-05T22:24:06 EET" name="setup" finished-at="2021-01-05T22:24:19 EET" duration-ms="13109" status="PASS">
          <params>
            <param index="0">
              <value>
                <![CDATA[public void MedDashborad.AdminPanelCoupon.ShowEntiersCoupon()]]>
              </value>
            </param>
          </params>
          <reporter-output>
          </reporter-output>
        </test-method> <!-- setup -->
        <test-method signature="ShowEntiersCoupon()[pri:1, instance:MedDashborad.AdminPanelCoupon@45018215]" started-at="2021-01-05T22:24:19 EET" name="ShowEntiersCoupon" finished-at="2021-01-05T22:24:22 EET" duration-ms="2933" status="PASS">
          <reporter-output>
          </reporter-output>
        </test-method> <!-- ShowEntiersCoupon -->
        <test-method is-config="true" signature="teardown(org.testng.ITestResult, java.lang.reflect.Method)[pri:0, instance:MedDashborad.AdminPanelCoupon@45018215]" started-at="2021-01-05T22:24:22 EET" name="teardown" finished-at="2021-01-05T22:24:26 EET" duration-ms="3400" status="PASS">
          <params>
            <param index="0">
              <value>
                <![CDATA[[TestResult name=ShowEntiersCoupon status=SUCCESS method=AdminPanelCoupon.ShowEntiersCoupon()[pri:1, instance:MedDashborad.AdminPanelCoupon@45018215] output={null}]]]>
              </value>
            </param>
            <param index="1">
              <value>
                <![CDATA[public void MedDashborad.AdminPanelCoupon.ShowEntiersCoupon()]]>
              </value>
            </param>
          </params>
          <reporter-output>
          </reporter-output>
        </test-method> <!-- teardown -->
        <test-method is-config="true" signature="setup(java.lang.reflect.Method)[pri:0, instance:MedDashborad.AdminPanelCoupon@45018215]" started-at="2021-01-05T22:24:26 EET" name="setup" finished-at="2021-01-05T22:24:38 EET" duration-ms="11985" status="PASS">
          <params>
            <param index="0">
              <value>
                <![CDATA[public void MedDashborad.AdminPanelCoupon.SearchTextBoxCoupon()]]>
              </value>
            </param>
          </params>
          <reporter-output>
          </reporter-output>
        </test-method> <!-- setup -->
        <test-method signature="SearchTextBoxCoupon()[pri:2, instance:MedDashborad.AdminPanelCoupon@45018215]" started-at="2021-01-05T22:24:38 EET" name="SearchTextBoxCoupon" finished-at="2021-01-05T22:24:41 EET" duration-ms="3092" status="PASS">
          <reporter-output>
          </reporter-output>
        </test-method> <!-- SearchTextBoxCoupon -->
        <test-method is-config="true" signature="teardown(org.testng.ITestResult, java.lang.reflect.Method)[pri:0, instance:MedDashborad.AdminPanelCoupon@45018215]" started-at="2021-01-05T22:24:41 EET" name="teardown" finished-at="2021-01-05T22:24:44 EET" duration-ms="3279" status="PASS">
          <params>
            <param index="0">
              <value>
                <![CDATA[[TestResult name=SearchTextBoxCoupon status=SUCCESS method=AdminPanelCoupon.SearchTextBoxCoupon()[pri:2, instance:MedDashborad.AdminPanelCoupon@45018215] output={null}]]]>
              </value>
            </param>
            <param index="1">
              <value>
                <![CDATA[public void MedDashborad.AdminPanelCoupon.SearchTextBoxCoupon()]]>
              </value>
            </param>
          </params>
          <reporter-output>
          </reporter-output>
        </test-method> <!-- teardown -->
        <test-method is-config="true" signature="setup(java.lang.reflect.Method)[pri:0, instance:MedDashborad.AdminPanelCoupon@45018215]" started-at="2021-01-05T22:24:44 EET" name="setup" finished-at="2021-01-05T22:24:56 EET" duration-ms="12018" status="PASS">
          <params>
            <param index="0">
              <value>
                <![CDATA[public void MedDashborad.AdminPanelCoupon.ShowButtonCoupon()]]>
              </value>
            </param>
          </params>
          <reporter-output>
          </reporter-output>
        </test-method> <!-- setup -->
        <test-method signature="ShowButtonCoupon()[pri:3, instance:MedDashborad.AdminPanelCoupon@45018215]" started-at="2021-01-05T22:24:56 EET" name="ShowButtonCoupon" finished-at="2021-01-05T22:25:00 EET" duration-ms="3856" status="PASS">
          <reporter-output>
          </reporter-output>
        </test-method> <!-- ShowButtonCoupon -->
        <test-method is-config="true" signature="teardown(org.testng.ITestResult, java.lang.reflect.Method)[pri:0, instance:MedDashborad.AdminPanelCoupon@45018215]" started-at="2021-01-05T22:25:00 EET" name="teardown" finished-at="2021-01-05T22:25:03 EET" duration-ms="3263" status="PASS">
          <params>
            <param index="0">
              <value>
                <![CDATA[[TestResult name=ShowButtonCoupon status=SUCCESS method=AdminPanelCoupon.ShowButtonCoupon()[pri:3, instance:MedDashborad.AdminPanelCoupon@45018215] output={null}]]]>
              </value>
            </param>
            <param index="1">
              <value>
                <![CDATA[public void MedDashborad.AdminPanelCoupon.ShowButtonCoupon()]]>
              </value>
            </param>
          </params>
          <reporter-output>
          </reporter-output>
        </test-method> <!-- teardown -->
        <test-method is-config="true" signature="setup(java.lang.reflect.Method)[pri:0, instance:MedDashborad.AdminPanelCoupon@45018215]" started-at="2021-01-05T22:25:03 EET" name="setup" finished-at="2021-01-05T22:25:15 EET" duration-ms="12234" status="PASS">
          <params>
            <param index="0">
              <value>
                <![CDATA[public void MedDashborad.AdminPanelCoupon.DownloadPDFCoupon()]]>
              </value>
            </param>
          </params>
          <reporter-output>
          </reporter-output>
        </test-method> <!-- setup -->
        <test-method signature="DownloadPDFCoupon()[pri:4, instance:MedDashborad.AdminPanelCoupon@45018215]" started-at="2021-01-05T22:25:15 EET" name="DownloadPDFCoupon" finished-at="2021-01-05T22:25:18 EET" duration-ms="2953" status="PASS">
          <reporter-output>
          </reporter-output>
        </test-method> <!-- DownloadPDFCoupon -->
        <test-method is-config="true" signature="teardown(org.testng.ITestResult, java.lang.reflect.Method)[pri:0, instance:MedDashborad.AdminPanelCoupon@45018215]" started-at="2021-01-05T22:25:18 EET" name="teardown" finished-at="2021-01-05T22:25:22 EET" duration-ms="3377" status="PASS">
          <params>
            <param index="0">
              <value>
                <![CDATA[[TestResult name=DownloadPDFCoupon status=SUCCESS method=AdminPanelCoupon.DownloadPDFCoupon()[pri:4, instance:MedDashborad.AdminPanelCoupon@45018215] output={null}]]]>
              </value>
            </param>
            <param index="1">
              <value>
                <![CDATA[public void MedDashborad.AdminPanelCoupon.DownloadPDFCoupon()]]>
              </value>
            </param>
          </params>
          <reporter-output>
          </reporter-output>
        </test-method> <!-- teardown -->
        <test-method is-config="true" signature="setup(java.lang.reflect.Method)[pri:0, instance:MedDashborad.AdminPanelCoupon@45018215]" started-at="2021-01-05T22:25:22 EET" name="setup" finished-at="2021-01-05T22:25:34 EET" duration-ms="11882" status="PASS">
          <params>
            <param index="0">
              <value>
                <![CDATA[public void MedDashborad.AdminPanelCoupon.DownloadCSVCoupon()]]>
              </value>
            </param>
          </params>
          <reporter-output>
          </reporter-output>
        </test-method> <!-- setup -->
        <test-method signature="DownloadCSVCoupon()[pri:5, instance:MedDashborad.AdminPanelCoupon@45018215]" started-at="2021-01-05T22:25:34 EET" name="DownloadCSVCoupon" finished-at="2021-01-05T22:25:36 EET" duration-ms="2970" status="PASS">
          <reporter-output>
          </reporter-output>
        </test-method> <!-- DownloadCSVCoupon -->
        <test-method is-config="true" signature="teardown(org.testng.ITestResult, java.lang.reflect.Method)[pri:0, instance:MedDashborad.AdminPanelCoupon@45018215]" started-at="2021-01-05T22:25:36 EET" name="teardown" finished-at="2021-01-05T22:25:40 EET" duration-ms="3229" status="PASS">
          <params>
            <param index="0">
              <value>
                <![CDATA[[TestResult name=DownloadCSVCoupon status=SUCCESS method=AdminPanelCoupon.DownloadCSVCoupon()[pri:5, instance:MedDashborad.AdminPanelCoupon@45018215] output={null}]]]>
              </value>
            </param>
            <param index="1">
              <value>
                <![CDATA[public void MedDashborad.AdminPanelCoupon.DownloadCSVCoupon()]]>
              </value>
            </param>
          </params>
          <reporter-output>
          </reporter-output>
        </test-method> <!-- teardown -->
        <test-method is-config="true" signature="setup(java.lang.reflect.Method)[pri:0, instance:MedDashborad.AdminPanelCoupon@45018215]" started-at="2021-01-05T22:25:40 EET" name="setup" finished-at="2021-01-05T22:25:50 EET" duration-ms="10435" status="PASS">
          <params>
            <param index="0">
              <value>
                <![CDATA[public void MedDashborad.AdminPanelCoupon.DownloadExcelCoupon()]]>
              </value>
            </param>
          </params>
          <reporter-output>
          </reporter-output>
        </test-method> <!-- setup -->
        <test-method signature="DownloadExcelCoupon()[pri:6, instance:MedDashborad.AdminPanelCoupon@45018215]" started-at="2021-01-05T22:25:50 EET" name="DownloadExcelCoupon" finished-at="2021-01-05T22:25:53 EET" duration-ms="3083" status="PASS">
          <reporter-output>
          </reporter-output>
        </test-method> <!-- DownloadExcelCoupon -->
        <test-method is-config="true" signature="teardown(org.testng.ITestResult, java.lang.reflect.Method)[pri:0, instance:MedDashborad.AdminPanelCoupon@45018215]" started-at="2021-01-05T22:25:53 EET" name="teardown" finished-at="2021-01-05T22:25:56 EET" duration-ms="3252" status="PASS">
          <params>
            <param index="0">
              <value>
                <![CDATA[[TestResult name=DownloadExcelCoupon status=SUCCESS method=AdminPanelCoupon.DownloadExcelCoupon()[pri:6, instance:MedDashborad.AdminPanelCoupon@45018215] output={null}]]]>
              </value>
            </param>
            <param index="1">
              <value>
                <![CDATA[public void MedDashborad.AdminPanelCoupon.DownloadExcelCoupon()]]>
              </value>
            </param>
          </params>
          <reporter-output>
          </reporter-output>
        </test-method> <!-- teardown -->
        <test-method is-config="true" signature="setup(java.lang.reflect.Method)[pri:0, instance:MedDashborad.AdminPanelCoupon@45018215]" started-at="2021-01-05T22:25:56 EET" name="setup" finished-at="2021-01-05T22:26:09 EET" duration-ms="12889" status="PASS">
          <params>
            <param index="0">
              <value>
                <![CDATA[public void MedDashborad.AdminPanelCoupon.AddCoupon()]]>
              </value>
            </param>
          </params>
          <reporter-output>
          </reporter-output>
        </test-method> <!-- setup -->
        <test-method signature="AddCoupon()[pri:7, instance:MedDashborad.AdminPanelCoupon@45018215]" started-at="2021-01-05T22:26:09 EET" name="AddCoupon" finished-at="2021-01-05T22:26:15 EET" duration-ms="5859" status="PASS">
          <reporter-output>
          </reporter-output>
        </test-method> <!-- AddCoupon -->
        <test-method is-config="true" signature="teardown(org.testng.ITestResult, java.lang.reflect.Method)[pri:0, instance:MedDashborad.AdminPanelCoupon@45018215]" started-at="2021-01-05T22:26:15 EET" name="teardown" finished-at="2021-01-05T22:26:19 EET" duration-ms="3664" status="PASS">
          <params>
            <param index="0">
              <value>
                <![CDATA[[TestResult name=AddCoupon status=SUCCESS method=AdminPanelCoupon.AddCoupon()[pri:7, instance:MedDashborad.AdminPanelCoupon@45018215] output={null}]]]>
              </value>
            </param>
            <param index="1">
              <value>
                <![CDATA[public void MedDashborad.AdminPanelCoupon.AddCoupon()]]>
              </value>
            </param>
          </params>
          <reporter-output>
          </reporter-output>
        </test-method> <!-- teardown -->
        <test-method is-config="true" signature="setup(java.lang.reflect.Method)[pri:0, instance:MedDashborad.AdminPanelCoupon@45018215]" started-at="2021-01-05T22:26:19 EET" name="setup" finished-at="2021-01-05T22:26:32 EET" duration-ms="12711" status="PASS">
          <params>
            <param index="0">
              <value>
                <![CDATA[public void MedDashborad.AdminPanelCoupon.DeleteButtonCoupon()]]>
              </value>
            </param>
          </params>
          <reporter-output>
          </reporter-output>
        </test-method> <!-- setup -->
        <test-method signature="DeleteButtonCoupon()[pri:8, instance:MedDashborad.AdminPanelCoupon@45018215]" started-at="2021-01-05T22:26:32 EET" name="DeleteButtonCoupon" finished-at="2021-01-05T22:26:37 EET" duration-ms="5798" status="PASS">
          <reporter-output>
          </reporter-output>
        </test-method> <!-- DeleteButtonCoupon -->
        <test-method is-config="true" signature="teardown(org.testng.ITestResult, java.lang.reflect.Method)[pri:0, instance:MedDashborad.AdminPanelCoupon@45018215]" started-at="2021-01-05T22:26:37 EET" name="teardown" finished-at="2021-01-05T22:26:41 EET" duration-ms="3196" status="PASS">
          <params>
            <param index="0">
              <value>
                <![CDATA[[TestResult name=DeleteButtonCoupon status=SUCCESS method=AdminPanelCoupon.DeleteButtonCoupon()[pri:8, instance:MedDashborad.AdminPanelCoupon@45018215] output={null}]]]>
              </value>
            </param>
            <param index="1">
              <value>
                <![CDATA[public void MedDashborad.AdminPanelCoupon.DeleteButtonCoupon()]]>
              </value>
            </param>
          </params>
          <reporter-output>
          </reporter-output>
        </test-method> <!-- teardown -->
        <test-method is-config="true" signature="FinishedTesting()[pri:0, instance:MedDashborad.AdminPanelCoupon@45018215]" started-at="2021-01-05T22:26:41 EET" name="FinishedTesting" finished-at="2021-01-05T22:26:41 EET" duration-ms="634" status="PASS">
          <reporter-output>
          </reporter-output>
        </test-method> <!-- FinishedTesting -->
      </class> <!-- MedDashborad.AdminPanelCoupon -->
    </test> <!-- Default test -->
  </suite> <!-- Default suite -->
</testng-results>
