<?xml version="1.0" encoding="UTF-8"?>
<testng-results ignored="0" total="9" passed="8" failed="1" skipped="0">
  <reporter-output>
  </reporter-output>
  <suite started-at="2021-01-01T19:16:59 EET" name="Default suite" finished-at="2021-01-01T19:20:18 EET" duration-ms="198636">
    <groups>
    </groups>
    <test started-at="2021-01-01T19:16:59 EET" name="Default test" finished-at="2021-01-01T19:20:18 EET" duration-ms="198636">
      <class name="MedDashborad.AdminPanelTender">
        <test-method is-config="true" signature="setuo(java.lang.reflect.Method)[pri:0, instance:MedDashborad.AdminPanelTender@5bfa9431]" started-at="2021-01-01T19:16:59 EET" name="setuo" finished-at="2021-01-01T19:17:14 EET" duration-ms="15320" status="PASS">
          <params>
            <param index="0">
              <value>
                <![CDATA[public void MedDashborad.AdminPanelTender.DeleteButton()]]>
              </value>
            </param>
          </params>
          <reporter-output>
          </reporter-output>
        </test-method> <!-- setuo -->
        <test-method signature="DeleteButton()[pri:0, instance:MedDashborad.AdminPanelTender@5bfa9431]" started-at="2021-01-01T19:17:14 EET" name="DeleteButton" finished-at="2021-01-01T19:17:27 EET" duration-ms="12601" status="FAIL">
          <exception class="org.openqa.selenium.NoSuchElementException">
            <message>
              <![CDATA[no such element: Unable to locate element: {"method":"xpath","selector":"(//a[@title='Delete'])[2]"}
  (Session info: chrome=87.0.4280.88)
For documentation on this error, please visit: https://www.seleniumhq.org/exceptions/no_such_element.html
Build info: version: '3.141.59', revision: 'e82be7d358', time: '2018-11-14T08:25:48'
System info: host: 'DESKTOP-LPDGG0M', ip: '192.168.1.130', os.name: 'Windows 10', os.arch: 'amd64', os.version: '10.0', java.version: '14.0.2'
Driver info: org.openqa.selenium.chrome.ChromeDriver
Capabilities {acceptInsecureCerts: false, browserName: chrome, browserVersion: 87.0.4280.88, chrome: {chromedriverVersion: 87.0.4280.88 (89e2380a3e36c..., userDataDir: C:\Users\ahmad\AppData\Loca...}, goog:chromeOptions: {debuggerAddress: localhost:56216}, javascriptEnabled: true, networkConnectionEnabled: false, pageLoadStrategy: normal, platform: WINDOWS, platformName: WINDOWS, proxy: Proxy(), setWindowRect: true, strictFileInteractability: false, timeouts: {implicit: 0, pageLoad: 300000, script: 30000}, unhandledPromptBehavior: dismiss and notify, webauthn:virtualAuthenticators: true}
Session ID: c2d13281e711f1d59ed32b572f07e49a
*** Element info: {Using=xpath, value=(//a[@title='Delete'])[2]}]]>
            </message>
            <full-stacktrace>
              <![CDATA[org.openqa.selenium.NoSuchElementException: no such element: Unable to locate element: {"method":"xpath","selector":"(//a[@title='Delete'])[2]"}
  (Session info: chrome=87.0.4280.88)
For documentation on this error, please visit: https://www.seleniumhq.org/exceptions/no_such_element.html
Build info: version: '3.141.59', revision: 'e82be7d358', time: '2018-11-14T08:25:48'
System info: host: 'DESKTOP-LPDGG0M', ip: '192.168.1.130', os.name: 'Windows 10', os.arch: 'amd64', os.version: '10.0', java.version: '14.0.2'
Driver info: org.openqa.selenium.chrome.ChromeDriver
Capabilities {acceptInsecureCerts: false, browserName: chrome, browserVersion: 87.0.4280.88, chrome: {chromedriverVersion: 87.0.4280.88 (89e2380a3e36c..., userDataDir: C:\Users\ahmad\AppData\Loca...}, goog:chromeOptions: {debuggerAddress: localhost:56216}, javascriptEnabled: true, networkConnectionEnabled: false, pageLoadStrategy: normal, platform: WINDOWS, platformName: WINDOWS, proxy: Proxy(), setWindowRect: true, strictFileInteractability: false, timeouts: {implicit: 0, pageLoad: 300000, script: 30000}, unhandledPromptBehavior: dismiss and notify, webauthn:virtualAuthenticators: true}
Session ID: c2d13281e711f1d59ed32b572f07e49a
*** Element info: {Using=xpath, value=(//a[@title='Delete'])[2]}
at java.base/jdk.internal.reflect.NativeConstructorAccessorImpl.newInstance0(Native Method)
at java.base/jdk.internal.reflect.NativeConstructorAccessorImpl.newInstance(NativeConstructorAccessorImpl.java:62)
at java.base/jdk.internal.reflect.DelegatingConstructorAccessorImpl.newInstance(DelegatingConstructorAccessorImpl.java:45)
at java.base/java.lang.reflect.Constructor.newInstanceWithCaller(Constructor.java:500)
at java.base/java.lang.reflect.Constructor.newInstance(Constructor.java:481)
at org.openqa.selenium.remote.http.W3CHttpResponseCodec.createException(W3CHttpResponseCodec.java:187)
at org.openqa.selenium.remote.http.W3CHttpResponseCodec.decode(W3CHttpResponseCodec.java:122)
at org.openqa.selenium.remote.http.W3CHttpResponseCodec.decode(W3CHttpResponseCodec.java:49)
at org.openqa.selenium.remote.HttpCommandExecutor.execute(HttpCommandExecutor.java:158)
at org.openqa.selenium.remote.service.DriverCommandExecutor.execute(DriverCommandExecutor.java:83)
at org.openqa.selenium.remote.RemoteWebDriver.execute(RemoteWebDriver.java:552)
at org.openqa.selenium.remote.RemoteWebDriver.findElement(RemoteWebDriver.java:323)
at org.openqa.selenium.remote.RemoteWebDriver.findElementByXPath(RemoteWebDriver.java:428)
at org.openqa.selenium.By$ByXPath.findElement(By.java:353)
at org.openqa.selenium.remote.RemoteWebDriver.findElement(RemoteWebDriver.java:315)
at MedDashborad.AdminPanelTender.DeleteButton(AdminPanelTender.java:148)
at java.base/jdk.internal.reflect.NativeMethodAccessorImpl.invoke0(Native Method)
at java.base/jdk.internal.reflect.NativeMethodAccessorImpl.invoke(NativeMethodAccessorImpl.java:62)
at java.base/jdk.internal.reflect.DelegatingMethodAccessorImpl.invoke(DelegatingMethodAccessorImpl.java:43)
at java.base/java.lang.reflect.Method.invoke(Method.java:564)
at org.testng.internal.MethodInvocationHelper.invokeMethod(MethodInvocationHelper.java:132)
at org.testng.internal.TestInvoker.invokeMethod(TestInvoker.java:599)
at org.testng.internal.TestInvoker.invokeTestMethod(TestInvoker.java:174)
at org.testng.internal.MethodRunner.runInSequence(MethodRunner.java:46)
at org.testng.internal.TestInvoker$MethodInvocationAgent.invoke(TestInvoker.java:822)
at org.testng.internal.TestInvoker.invokeTestMethods(TestInvoker.java:147)
at org.testng.internal.TestMethodWorker.invokeTestMethods(TestMethodWorker.java:146)
at org.testng.internal.TestMethodWorker.run(TestMethodWorker.java:128)
at java.base/java.util.ArrayList.forEach(ArrayList.java:1511)
at org.testng.TestRunner.privateRun(TestRunner.java:764)
at org.testng.TestRunner.run(TestRunner.java:585)
at org.testng.SuiteRunner.runTest(SuiteRunner.java:384)
at org.testng.SuiteRunner.runSequentially(SuiteRunner.java:378)
at org.testng.SuiteRunner.privateRun(SuiteRunner.java:337)
at org.testng.SuiteRunner.run(SuiteRunner.java:286)
at org.testng.SuiteRunnerWorker.runSuite(SuiteRunnerWorker.java:53)
at org.testng.SuiteRunnerWorker.run(SuiteRunnerWorker.java:96)
at org.testng.TestNG.runSuitesSequentially(TestNG.java:1218)
at org.testng.TestNG.runSuitesLocally(TestNG.java:1140)
at org.testng.TestNG.runSuites(TestNG.java:1069)
at org.testng.TestNG.run(TestNG.java:1037)
at org.testng.remote.AbstractRemoteTestNG.run(AbstractRemoteTestNG.java:115)
at org.testng.remote.RemoteTestNG.initAndRun(RemoteTestNG.java:251)
at org.testng.remote.RemoteTestNG.main(RemoteTestNG.java:77)
]]>
            </full-stacktrace>
          </exception> <!-- org.openqa.selenium.NoSuchElementException -->
          <reporter-output>
          </reporter-output>
        </test-method> <!-- DeleteButton -->
        <test-method is-config="true" signature="teardown()[pri:0, instance:MedDashborad.AdminPanelTender@5bfa9431]" started-at="2021-01-01T19:17:27 EET" name="teardown" finished-at="2021-01-01T19:17:30 EET" duration-ms="2776" status="PASS">
          <reporter-output>
          </reporter-output>
        </test-method> <!-- teardown -->
        <test-method is-config="true" signature="setuo(java.lang.reflect.Method)[pri:0, instance:MedDashborad.AdminPanelTender@5bfa9431]" started-at="2021-01-01T19:17:30 EET" name="setuo" finished-at="2021-01-01T19:17:42 EET" duration-ms="11955" status="PASS">
          <params>
            <param index="0">
              <value>
                <![CDATA[public void MedDashborad.AdminPanelTender.SearchTextBox()]]>
              </value>
            </param>
          </params>
          <reporter-output>
          </reporter-output>
        </test-method> <!-- setuo -->
        <test-method signature="SearchTextBox()[pri:1, instance:MedDashborad.AdminPanelTender@5bfa9431]" started-at="2021-01-01T19:17:42 EET" name="SearchTextBox" finished-at="2021-01-01T19:17:45 EET" duration-ms="2971" status="PASS">
          <reporter-output>
          </reporter-output>
        </test-method> <!-- SearchTextBox -->
        <test-method is-config="true" signature="teardown()[pri:0, instance:MedDashborad.AdminPanelTender@5bfa9431]" started-at="2021-01-01T19:17:45 EET" name="teardown" finished-at="2021-01-01T19:17:47 EET" duration-ms="2827" status="PASS">
          <reporter-output>
          </reporter-output>
        </test-method> <!-- teardown -->
        <test-method is-config="true" signature="setuo(java.lang.reflect.Method)[pri:0, instance:MedDashborad.AdminPanelTender@5bfa9431]" started-at="2021-01-01T19:17:47 EET" name="setuo" finished-at="2021-01-01T19:18:00 EET" duration-ms="12401" status="PASS">
          <params>
            <param index="0">
              <value>
                <![CDATA[public void MedDashborad.AdminPanelTender.ShowEntries()]]>
              </value>
            </param>
          </params>
          <reporter-output>
          </reporter-output>
        </test-method> <!-- setuo -->
        <test-method signature="ShowEntries()[pri:2, instance:MedDashborad.AdminPanelTender@5bfa9431]" started-at="2021-01-01T19:18:00 EET" name="ShowEntries" finished-at="2021-01-01T19:18:03 EET" duration-ms="3254" status="PASS">
          <reporter-output>
          </reporter-output>
        </test-method> <!-- ShowEntries -->
        <test-method is-config="true" signature="teardown()[pri:0, instance:MedDashborad.AdminPanelTender@5bfa9431]" started-at="2021-01-01T19:18:03 EET" name="teardown" finished-at="2021-01-01T19:18:06 EET" duration-ms="2809" status="PASS">
          <reporter-output>
          </reporter-output>
        </test-method> <!-- teardown -->
        <test-method is-config="true" signature="setuo(java.lang.reflect.Method)[pri:0, instance:MedDashborad.AdminPanelTender@5bfa9431]" started-at="2021-01-01T19:18:06 EET" name="setuo" finished-at="2021-01-01T19:18:19 EET" duration-ms="13071" status="PASS">
          <params>
            <param index="0">
              <value>
                <![CDATA[public void MedDashborad.AdminPanelTender.ShowButton()]]>
              </value>
            </param>
          </params>
          <reporter-output>
          </reporter-output>
        </test-method> <!-- setuo -->
        <test-method signature="ShowButton()[pri:3, instance:MedDashborad.AdminPanelTender@5bfa9431]" started-at="2021-01-01T19:18:19 EET" name="ShowButton" finished-at="2021-01-01T19:18:23 EET" duration-ms="4119" status="PASS">
          <reporter-output>
          </reporter-output>
        </test-method> <!-- ShowButton -->
        <test-method is-config="true" signature="teardown()[pri:0, instance:MedDashborad.AdminPanelTender@5bfa9431]" started-at="2021-01-01T19:18:23 EET" name="teardown" finished-at="2021-01-01T19:18:26 EET" duration-ms="3252" status="PASS">
          <reporter-output>
          </reporter-output>
        </test-method> <!-- teardown -->
        <test-method is-config="true" signature="setuo(java.lang.reflect.Method)[pri:0, instance:MedDashborad.AdminPanelTender@5bfa9431]" started-at="2021-01-01T19:18:26 EET" name="setuo" finished-at="2021-01-01T19:18:38 EET" duration-ms="11985" status="PASS">
          <params>
            <param index="0">
              <value>
                <![CDATA[public void MedDashborad.AdminPanelTender.EditButton()]]>
              </value>
            </param>
          </params>
          <reporter-output>
          </reporter-output>
        </test-method> <!-- setuo -->
        <test-method signature="EditButton()[pri:4, instance:MedDashborad.AdminPanelTender@5bfa9431]" started-at="2021-01-01T19:18:38 EET" name="EditButton" finished-at="2021-01-01T19:18:45 EET" duration-ms="6337" status="PASS">
          <reporter-output>
          </reporter-output>
        </test-method> <!-- EditButton -->
        <test-method is-config="true" signature="teardown()[pri:0, instance:MedDashborad.AdminPanelTender@5bfa9431]" started-at="2021-01-01T19:18:45 EET" name="teardown" finished-at="2021-01-01T19:18:48 EET" duration-ms="2865" status="PASS">
          <reporter-output>
          </reporter-output>
        </test-method> <!-- teardown -->
        <test-method is-config="true" signature="setuo(java.lang.reflect.Method)[pri:0, instance:MedDashborad.AdminPanelTender@5bfa9431]" started-at="2021-01-01T19:18:48 EET" name="setuo" finished-at="2021-01-01T19:19:00 EET" duration-ms="12566" status="PASS">
          <params>
            <param index="0">
              <value>
                <![CDATA[public void MedDashborad.AdminPanelTender.DownloadPDF()]]>
              </value>
            </param>
          </params>
          <reporter-output>
          </reporter-output>
        </test-method> <!-- setuo -->
        <test-method signature="DownloadPDF()[pri:5, instance:MedDashborad.AdminPanelTender@5bfa9431]" started-at="2021-01-01T19:19:00 EET" name="DownloadPDF" finished-at="2021-01-01T19:19:03 EET" duration-ms="3264" status="PASS">
          <reporter-output>
          </reporter-output>
        </test-method> <!-- DownloadPDF -->
        <test-method is-config="true" signature="teardown()[pri:0, instance:MedDashborad.AdminPanelTender@5bfa9431]" started-at="2021-01-01T19:19:03 EET" name="teardown" finished-at="2021-01-01T19:19:07 EET" duration-ms="3360" status="PASS">
          <reporter-output>
          </reporter-output>
        </test-method> <!-- teardown -->
        <test-method is-config="true" signature="setuo(java.lang.reflect.Method)[pri:0, instance:MedDashborad.AdminPanelTender@5bfa9431]" started-at="2021-01-01T19:19:07 EET" name="setuo" finished-at="2021-01-01T19:19:19 EET" duration-ms="12056" status="PASS">
          <params>
            <param index="0">
              <value>
                <![CDATA[public void MedDashborad.AdminPanelTender.DownloadCSV()]]>
              </value>
            </param>
          </params>
          <reporter-output>
          </reporter-output>
        </test-method> <!-- setuo -->
        <test-method signature="DownloadCSV()[pri:6, instance:MedDashborad.AdminPanelTender@5bfa9431]" started-at="2021-01-01T19:19:19 EET" name="DownloadCSV" finished-at="2021-01-01T19:19:22 EET" duration-ms="2803" status="PASS">
          <reporter-output>
          </reporter-output>
        </test-method> <!-- DownloadCSV -->
        <test-method is-config="true" signature="teardown()[pri:0, instance:MedDashborad.AdminPanelTender@5bfa9431]" started-at="2021-01-01T19:19:22 EET" name="teardown" finished-at="2021-01-01T19:19:24 EET" duration-ms="2802" status="PASS">
          <reporter-output>
          </reporter-output>
        </test-method> <!-- teardown -->
        <test-method is-config="true" signature="setuo(java.lang.reflect.Method)[pri:0, instance:MedDashborad.AdminPanelTender@5bfa9431]" started-at="2021-01-01T19:19:24 EET" name="setuo" finished-at="2021-01-01T19:19:36 EET" duration-ms="11875" status="PASS">
          <params>
            <param index="0">
              <value>
                <![CDATA[public void MedDashborad.AdminPanelTender.DownloadExcel()]]>
              </value>
            </param>
          </params>
          <reporter-output>
          </reporter-output>
        </test-method> <!-- setuo -->
        <test-method signature="DownloadExcel()[pri:7, instance:MedDashborad.AdminPanelTender@5bfa9431]" started-at="2021-01-01T19:19:36 EET" name="DownloadExcel" finished-at="2021-01-01T19:19:39 EET" duration-ms="3137" status="PASS">
          <reporter-output>
          </reporter-output>
        </test-method> <!-- DownloadExcel -->
        <test-method is-config="true" signature="teardown()[pri:0, instance:MedDashborad.AdminPanelTender@5bfa9431]" started-at="2021-01-01T19:19:39 EET" name="teardown" finished-at="2021-01-01T19:19:43 EET" duration-ms="4025" status="PASS">
          <reporter-output>
          </reporter-output>
        </test-method> <!-- teardown -->
        <test-method is-config="true" signature="setuo(java.lang.reflect.Method)[pri:0, instance:MedDashborad.AdminPanelTender@5bfa9431]" started-at="2021-01-01T19:19:43 EET" name="setuo" finished-at="2021-01-01T19:20:09 EET" duration-ms="25609" status="PASS">
          <params>
            <param index="0">
              <value>
                <![CDATA[public void MedDashborad.AdminPanelTender.AddNewTender()]]>
              </value>
            </param>
          </params>
          <reporter-output>
          </reporter-output>
        </test-method> <!-- setuo -->
        <test-method signature="AddNewTender()[pri:8, instance:MedDashborad.AdminPanelTender@5bfa9431]" started-at="2021-01-01T19:20:09 EET" name="AddNewTender" finished-at="2021-01-01T19:20:15 EET" duration-ms="5648" status="PASS">
          <reporter-output>
          </reporter-output>
        </test-method> <!-- AddNewTender -->
        <test-method is-config="true" signature="teardown()[pri:0, instance:MedDashborad.AdminPanelTender@5bfa9431]" started-at="2021-01-01T19:20:15 EET" name="teardown" finished-at="2021-01-01T19:20:18 EET" duration-ms="2842" status="PASS">
          <reporter-output>
          </reporter-output>
        </test-method> <!-- teardown -->
      </class> <!-- MedDashborad.AdminPanelTender -->
    </test> <!-- Default test -->
  </suite> <!-- Default suite -->
</testng-results>
