<?xml version="1.0" encoding="UTF-8"?>
<testng-results ignored="1" total="24" passed="23" failed="0" skipped="0">
  <reporter-output>
  </reporter-output>
  <suite started-at="2021-01-10T19:13:02 EET" name="Default suite" finished-at="2021-01-10T19:20:09 EET" duration-ms="427133">
    <groups>
    </groups>
    <test started-at="2021-01-10T19:13:02 EET" name="Default test" finished-at="2021-01-10T19:20:09 EET" duration-ms="427133">
      <class name="MedWebsite.HomePage">
        <test-method is-config="true" signature="Started()[pri:0, instance:MedWebsite.HomePage@6ce139a4]" started-at="2021-01-10T19:13:02 EET" name="Started" finished-at="2021-01-10T19:13:02 EET" duration-ms="249" status="PASS">
          <reporter-output>
          </reporter-output>
        </test-method> <!-- Started -->
        <test-method is-config="true" signature="Setup(java.lang.reflect.Method)[pri:0, instance:MedWebsite.HomePage@6ce139a4]" started-at="2021-01-10T19:13:02 EET" name="Setup" finished-at="2021-01-10T19:13:15 EET" duration-ms="12272" status="PASS">
          <params>
            <param index="0">
              <value>
                <![CDATA[public void MedWebsite.HomePage.LanguageButtonCheck()]]>
              </value>
            </param>
          </params>
          <reporter-output>
          </reporter-output>
        </test-method> <!-- Setup -->
        <test-method signature="LanguageButtonCheck()[pri:1, instance:MedWebsite.HomePage@6ce139a4]" started-at="2021-01-10T19:13:15 EET" name="LanguageButtonCheck" finished-at="2021-01-10T19:13:18 EET" duration-ms="3828" status="PASS">
          <reporter-output>
          </reporter-output>
        </test-method> <!-- LanguageButtonCheck -->
        <test-method is-config="true" signature="Teardown(org.testng.ITestResult, java.lang.reflect.Method)[pri:0, instance:MedWebsite.HomePage@6ce139a4]" started-at="2021-01-10T19:13:18 EET" name="Teardown" finished-at="2021-01-10T19:13:23 EET" duration-ms="4323" status="PASS">
          <params>
            <param index="0">
              <value>
                <![CDATA[[TestResult name=LanguageButtonCheck status=SUCCESS method=HomePage.LanguageButtonCheck()[pri:1, instance:MedWebsite.HomePage@6ce139a4] output={null}]]]>
              </value>
            </param>
            <param index="1">
              <value>
                <![CDATA[public void MedWebsite.HomePage.LanguageButtonCheck()]]>
              </value>
            </param>
          </params>
          <reporter-output>
          </reporter-output>
        </test-method> <!-- Teardown -->
        <test-method is-config="true" signature="Setup(java.lang.reflect.Method)[pri:0, instance:MedWebsite.HomePage@6ce139a4]" started-at="2021-01-10T19:13:23 EET" name="Setup" finished-at="2021-01-10T19:13:33 EET" duration-ms="10598" status="PASS">
          <params>
            <param index="0">
              <value>
                <![CDATA[public void MedWebsite.HomePage.PhoneNumberCheck()]]>
              </value>
            </param>
          </params>
          <reporter-output>
          </reporter-output>
        </test-method> <!-- Setup -->
        <test-method signature="PhoneNumberCheck()[pri:2, instance:MedWebsite.HomePage@6ce139a4]" started-at="2021-01-10T19:13:33 EET" name="PhoneNumberCheck" finished-at="2021-01-10T19:13:34 EET" duration-ms="834" status="PASS">
          <reporter-output>
          </reporter-output>
        </test-method> <!-- PhoneNumberCheck -->
        <test-method is-config="true" signature="Teardown(org.testng.ITestResult, java.lang.reflect.Method)[pri:0, instance:MedWebsite.HomePage@6ce139a4]" started-at="2021-01-10T19:13:34 EET" name="Teardown" finished-at="2021-01-10T19:13:38 EET" duration-ms="4171" status="PASS">
          <params>
            <param index="0">
              <value>
                <![CDATA[[TestResult name=PhoneNumberCheck status=SUCCESS method=HomePage.PhoneNumberCheck()[pri:2, instance:MedWebsite.HomePage@6ce139a4] output={null}]]]>
              </value>
            </param>
            <param index="1">
              <value>
                <![CDATA[public void MedWebsite.HomePage.PhoneNumberCheck()]]>
              </value>
            </param>
          </params>
          <reporter-output>
          </reporter-output>
        </test-method> <!-- Teardown -->
        <test-method is-config="true" signature="Setup(java.lang.reflect.Method)[pri:0, instance:MedWebsite.HomePage@6ce139a4]" started-at="2021-01-10T19:13:38 EET" name="Setup" finished-at="2021-01-10T19:13:50 EET" duration-ms="11193" status="PASS">
          <params>
            <param index="0">
              <value>
                <![CDATA[public void MedWebsite.HomePage.ContuctCheck()]]>
              </value>
            </param>
          </params>
          <reporter-output>
          </reporter-output>
        </test-method> <!-- Setup -->
        <test-method signature="ContuctCheck()[pri:3, instance:MedWebsite.HomePage@6ce139a4]" started-at="2021-01-10T19:13:50 EET" name="ContuctCheck" finished-at="2021-01-10T19:13:59 EET" duration-ms="9221" status="PASS">
          <reporter-output>
          </reporter-output>
        </test-method> <!-- ContuctCheck -->
        <test-method is-config="true" signature="Teardown(org.testng.ITestResult, java.lang.reflect.Method)[pri:0, instance:MedWebsite.HomePage@6ce139a4]" started-at="2021-01-10T19:13:59 EET" name="Teardown" finished-at="2021-01-10T19:14:02 EET" duration-ms="3545" status="PASS">
          <params>
            <param index="0">
              <value>
                <![CDATA[[TestResult name=ContuctCheck status=SUCCESS method=HomePage.ContuctCheck()[pri:3, instance:MedWebsite.HomePage@6ce139a4] output={null}]]]>
              </value>
            </param>
            <param index="1">
              <value>
                <![CDATA[public void MedWebsite.HomePage.ContuctCheck()]]>
              </value>
            </param>
          </params>
          <reporter-output>
          </reporter-output>
        </test-method> <!-- Teardown -->
        <test-method is-config="true" signature="Setup(java.lang.reflect.Method)[pri:0, instance:MedWebsite.HomePage@6ce139a4]" started-at="2021-01-10T19:14:02 EET" name="Setup" finished-at="2021-01-10T19:14:15 EET" duration-ms="12383" status="PASS">
          <params>
            <param index="0">
              <value>
                <![CDATA[public void MedWebsite.HomePage.FacebookCheck()]]>
              </value>
            </param>
          </params>
          <reporter-output>
          </reporter-output>
        </test-method> <!-- Setup -->
        <test-method signature="FacebookCheck()[pri:4, instance:MedWebsite.HomePage@6ce139a4]" started-at="2021-01-10T19:14:15 EET" name="FacebookCheck" finished-at="2021-01-10T19:14:16 EET" duration-ms="772" status="PASS">
          <reporter-output>
          </reporter-output>
        </test-method> <!-- FacebookCheck -->
        <test-method is-config="true" signature="Teardown(org.testng.ITestResult, java.lang.reflect.Method)[pri:0, instance:MedWebsite.HomePage@6ce139a4]" started-at="2021-01-10T19:14:16 EET" name="Teardown" finished-at="2021-01-10T19:14:19 EET" duration-ms="3924" status="PASS">
          <params>
            <param index="0">
              <value>
                <![CDATA[[TestResult name=FacebookCheck status=SUCCESS method=HomePage.FacebookCheck()[pri:4, instance:MedWebsite.HomePage@6ce139a4] output={null}]]]>
              </value>
            </param>
            <param index="1">
              <value>
                <![CDATA[public void MedWebsite.HomePage.FacebookCheck()]]>
              </value>
            </param>
          </params>
          <reporter-output>
          </reporter-output>
        </test-method> <!-- Teardown -->
        <test-method is-config="true" signature="Setup(java.lang.reflect.Method)[pri:0, instance:MedWebsite.HomePage@6ce139a4]" started-at="2021-01-10T19:14:19 EET" name="Setup" finished-at="2021-01-10T19:14:31 EET" duration-ms="11027" status="PASS">
          <params>
            <param index="0">
              <value>
                <![CDATA[public void MedWebsite.HomePage.LinkedInCheck()]]>
              </value>
            </param>
          </params>
          <reporter-output>
          </reporter-output>
        </test-method> <!-- Setup -->
        <test-method signature="LinkedInCheck()[pri:5, instance:MedWebsite.HomePage@6ce139a4]" started-at="2021-01-10T19:14:31 EET" name="LinkedInCheck" finished-at="2021-01-10T19:14:31 EET" duration-ms="962" status="PASS">
          <reporter-output>
          </reporter-output>
        </test-method> <!-- LinkedInCheck -->
        <test-method is-config="true" signature="Teardown(org.testng.ITestResult, java.lang.reflect.Method)[pri:0, instance:MedWebsite.HomePage@6ce139a4]" started-at="2021-01-10T19:14:31 EET" name="Teardown" finished-at="2021-01-10T19:14:35 EET" duration-ms="3699" status="PASS">
          <params>
            <param index="0">
              <value>
                <![CDATA[[TestResult name=LinkedInCheck status=SUCCESS method=HomePage.LinkedInCheck()[pri:5, instance:MedWebsite.HomePage@6ce139a4] output={null}]]]>
              </value>
            </param>
            <param index="1">
              <value>
                <![CDATA[public void MedWebsite.HomePage.LinkedInCheck()]]>
              </value>
            </param>
          </params>
          <reporter-output>
          </reporter-output>
        </test-method> <!-- Teardown -->
        <test-method is-config="true" signature="Setup(java.lang.reflect.Method)[pri:0, instance:MedWebsite.HomePage@6ce139a4]" started-at="2021-01-10T19:14:35 EET" name="Setup" finished-at="2021-01-10T19:14:46 EET" duration-ms="10740" status="PASS">
          <params>
            <param index="0">
              <value>
                <![CDATA[public void MedWebsite.HomePage.TwitterCheck()]]>
              </value>
            </param>
          </params>
          <reporter-output>
          </reporter-output>
        </test-method> <!-- Setup -->
        <test-method signature="TwitterCheck()[pri:6, instance:MedWebsite.HomePage@6ce139a4]" started-at="2021-01-10T19:14:46 EET" name="TwitterCheck" finished-at="2021-01-10T19:14:47 EET" duration-ms="1085" status="PASS">
          <reporter-output>
          </reporter-output>
        </test-method> <!-- TwitterCheck -->
        <test-method is-config="true" signature="Teardown(org.testng.ITestResult, java.lang.reflect.Method)[pri:0, instance:MedWebsite.HomePage@6ce139a4]" started-at="2021-01-10T19:14:47 EET" name="Teardown" finished-at="2021-01-10T19:14:51 EET" duration-ms="4262" status="PASS">
          <params>
            <param index="0">
              <value>
                <![CDATA[[TestResult name=TwitterCheck status=SUCCESS method=HomePage.TwitterCheck()[pri:6, instance:MedWebsite.HomePage@6ce139a4] output={null}]]]>
              </value>
            </param>
            <param index="1">
              <value>
                <![CDATA[public void MedWebsite.HomePage.TwitterCheck()]]>
              </value>
            </param>
          </params>
          <reporter-output>
          </reporter-output>
        </test-method> <!-- Teardown -->
        <test-method is-config="true" signature="Setup(java.lang.reflect.Method)[pri:0, instance:MedWebsite.HomePage@6ce139a4]" started-at="2021-01-10T19:14:51 EET" name="Setup" finished-at="2021-01-10T19:15:03 EET" duration-ms="11349" status="PASS">
          <params>
            <param index="0">
              <value>
                <![CDATA[public void MedWebsite.HomePage.InstagrameCheck()]]>
              </value>
            </param>
          </params>
          <reporter-output>
          </reporter-output>
        </test-method> <!-- Setup -->
        <test-method signature="InstagrameCheck()[pri:7, instance:MedWebsite.HomePage@6ce139a4]" started-at="2021-01-10T19:15:03 EET" name="InstagrameCheck" finished-at="2021-01-10T19:15:04 EET" duration-ms="937" status="PASS">
          <reporter-output>
          </reporter-output>
        </test-method> <!-- InstagrameCheck -->
        <test-method is-config="true" signature="Teardown(org.testng.ITestResult, java.lang.reflect.Method)[pri:0, instance:MedWebsite.HomePage@6ce139a4]" started-at="2021-01-10T19:15:04 EET" name="Teardown" finished-at="2021-01-10T19:15:07 EET" duration-ms="3838" status="PASS">
          <params>
            <param index="0">
              <value>
                <![CDATA[[TestResult name=InstagrameCheck status=SUCCESS method=HomePage.InstagrameCheck()[pri:7, instance:MedWebsite.HomePage@6ce139a4] output={null}]]]>
              </value>
            </param>
            <param index="1">
              <value>
                <![CDATA[public void MedWebsite.HomePage.InstagrameCheck()]]>
              </value>
            </param>
          </params>
          <reporter-output>
          </reporter-output>
        </test-method> <!-- Teardown -->
        <test-method is-config="true" signature="Setup(java.lang.reflect.Method)[pri:0, instance:MedWebsite.HomePage@6ce139a4]" started-at="2021-01-10T19:15:07 EET" name="Setup" finished-at="2021-01-10T19:15:19 EET" duration-ms="11566" status="PASS">
          <params>
            <param index="0">
              <value>
                <![CDATA[public void MedWebsite.HomePage.SnapchatCheck()]]>
              </value>
            </param>
          </params>
          <reporter-output>
          </reporter-output>
        </test-method> <!-- Setup -->
        <test-method signature="SnapchatCheck()[pri:8, instance:MedWebsite.HomePage@6ce139a4]" started-at="2021-01-10T19:15:19 EET" name="SnapchatCheck" finished-at="2021-01-10T19:15:20 EET" duration-ms="1191" status="PASS">
          <reporter-output>
          </reporter-output>
        </test-method> <!-- SnapchatCheck -->
        <test-method is-config="true" signature="Teardown(org.testng.ITestResult, java.lang.reflect.Method)[pri:0, instance:MedWebsite.HomePage@6ce139a4]" started-at="2021-01-10T19:15:20 EET" name="Teardown" finished-at="2021-01-10T19:15:25 EET" duration-ms="4361" status="PASS">
          <params>
            <param index="0">
              <value>
                <![CDATA[[TestResult name=SnapchatCheck status=SUCCESS method=HomePage.SnapchatCheck()[pri:8, instance:MedWebsite.HomePage@6ce139a4] output={null}]]]>
              </value>
            </param>
            <param index="1">
              <value>
                <![CDATA[public void MedWebsite.HomePage.SnapchatCheck()]]>
              </value>
            </param>
          </params>
          <reporter-output>
          </reporter-output>
        </test-method> <!-- Teardown -->
        <test-method is-config="true" signature="Setup(java.lang.reflect.Method)[pri:0, instance:MedWebsite.HomePage@6ce139a4]" started-at="2021-01-10T19:15:25 EET" name="Setup" finished-at="2021-01-10T19:15:37 EET" duration-ms="12057" status="PASS">
          <params>
            <param index="0">
              <value>
                <![CDATA[public void MedWebsite.HomePage.AboutUsCheck()]]>
              </value>
            </param>
          </params>
          <reporter-output>
          </reporter-output>
        </test-method> <!-- Setup -->
        <test-method signature="AboutUsCheck()[pri:9, instance:MedWebsite.HomePage@6ce139a4]" started-at="2021-01-10T19:15:37 EET" name="AboutUsCheck" finished-at="2021-01-10T19:15:38 EET" duration-ms="1908" status="PASS">
          <reporter-output>
          </reporter-output>
        </test-method> <!-- AboutUsCheck -->
        <test-method is-config="true" signature="Teardown(org.testng.ITestResult, java.lang.reflect.Method)[pri:0, instance:MedWebsite.HomePage@6ce139a4]" started-at="2021-01-10T19:15:38 EET" name="Teardown" finished-at="2021-01-10T19:15:43 EET" duration-ms="4089" status="PASS">
          <params>
            <param index="0">
              <value>
                <![CDATA[[TestResult name=AboutUsCheck status=SUCCESS method=HomePage.AboutUsCheck()[pri:9, instance:MedWebsite.HomePage@6ce139a4] output={null}]]]>
              </value>
            </param>
            <param index="1">
              <value>
                <![CDATA[public void MedWebsite.HomePage.AboutUsCheck()]]>
              </value>
            </param>
          </params>
          <reporter-output>
          </reporter-output>
        </test-method> <!-- Teardown -->
        <test-method is-config="true" signature="Setup(java.lang.reflect.Method)[pri:0, instance:MedWebsite.HomePage@6ce139a4]" started-at="2021-01-10T19:15:43 EET" name="Setup" finished-at="2021-01-10T19:15:54 EET" duration-ms="11085" status="PASS">
          <params>
            <param index="0">
              <value>
                <![CDATA[public void MedWebsite.HomePage.DirectoriesCheck()]]>
              </value>
            </param>
          </params>
          <reporter-output>
          </reporter-output>
        </test-method> <!-- Setup -->
        <test-method signature="DirectoriesCheck()[pri:10, instance:MedWebsite.HomePage@6ce139a4]" started-at="2021-01-10T19:15:54 EET" name="DirectoriesCheck" finished-at="2021-01-10T19:15:54 EET" duration-ms="434" status="PASS">
          <reporter-output>
          </reporter-output>
        </test-method> <!-- DirectoriesCheck -->
        <test-method is-config="true" signature="Teardown(org.testng.ITestResult, java.lang.reflect.Method)[pri:0, instance:MedWebsite.HomePage@6ce139a4]" started-at="2021-01-10T19:15:54 EET" name="Teardown" finished-at="2021-01-10T19:16:00 EET" duration-ms="6382" status="PASS">
          <params>
            <param index="0">
              <value>
                <![CDATA[[TestResult name=DirectoriesCheck status=SUCCESS method=HomePage.DirectoriesCheck()[pri:10, instance:MedWebsite.HomePage@6ce139a4] output={null}]]]>
              </value>
            </param>
            <param index="1">
              <value>
                <![CDATA[public void MedWebsite.HomePage.DirectoriesCheck()]]>
              </value>
            </param>
          </params>
          <reporter-output>
          </reporter-output>
        </test-method> <!-- Teardown -->
        <test-method is-config="true" signature="Setup(java.lang.reflect.Method)[pri:0, instance:MedWebsite.HomePage@6ce139a4]" started-at="2021-01-10T19:16:00 EET" name="Setup" finished-at="2021-01-10T19:16:18 EET" duration-ms="17848" status="PASS">
          <params>
            <param index="0">
              <value>
                <![CDATA[public void MedWebsite.HomePage.ServicesCheck()]]>
              </value>
            </param>
          </params>
          <reporter-output>
          </reporter-output>
        </test-method> <!-- Setup -->
        <test-method signature="ServicesCheck()[pri:11, instance:MedWebsite.HomePage@6ce139a4]" started-at="2021-01-10T19:16:18 EET" name="ServicesCheck" finished-at="2021-01-10T19:16:19 EET" duration-ms="661" status="PASS">
          <reporter-output>
          </reporter-output>
        </test-method> <!-- ServicesCheck -->
        <test-method is-config="true" signature="Teardown(org.testng.ITestResult, java.lang.reflect.Method)[pri:0, instance:MedWebsite.HomePage@6ce139a4]" started-at="2021-01-10T19:16:19 EET" name="Teardown" finished-at="2021-01-10T19:16:23 EET" duration-ms="4436" status="PASS">
          <params>
            <param index="0">
              <value>
                <![CDATA[[TestResult name=ServicesCheck status=SUCCESS method=HomePage.ServicesCheck()[pri:11, instance:MedWebsite.HomePage@6ce139a4] output={null}]]]>
              </value>
            </param>
            <param index="1">
              <value>
                <![CDATA[public void MedWebsite.HomePage.ServicesCheck()]]>
              </value>
            </param>
          </params>
          <reporter-output>
          </reporter-output>
        </test-method> <!-- Teardown -->
        <test-method is-config="true" signature="Setup(java.lang.reflect.Method)[pri:0, instance:MedWebsite.HomePage@6ce139a4]" started-at="2021-01-10T19:16:23 EET" name="Setup" finished-at="2021-01-10T19:16:34 EET" duration-ms="10628" status="PASS">
          <params>
            <param index="0">
              <value>
                <![CDATA[public void MedWebsite.HomePage.BlogsNewsCheck()]]>
              </value>
            </param>
          </params>
          <reporter-output>
          </reporter-output>
        </test-method> <!-- Setup -->
        <test-method signature="BlogsNewsCheck()[pri:12, instance:MedWebsite.HomePage@6ce139a4]" started-at="2021-01-10T19:16:34 EET" name="BlogsNewsCheck" finished-at="2021-01-10T19:16:35 EET" duration-ms="466" status="PASS">
          <reporter-output>
          </reporter-output>
        </test-method> <!-- BlogsNewsCheck -->
        <test-method is-config="true" signature="Teardown(org.testng.ITestResult, java.lang.reflect.Method)[pri:0, instance:MedWebsite.HomePage@6ce139a4]" started-at="2021-01-10T19:16:35 EET" name="Teardown" finished-at="2021-01-10T19:16:39 EET" duration-ms="4214" status="PASS">
          <params>
            <param index="0">
              <value>
                <![CDATA[[TestResult name=BlogsNewsCheck status=SUCCESS method=HomePage.BlogsNewsCheck()[pri:12, instance:MedWebsite.HomePage@6ce139a4] output={null}]]]>
              </value>
            </param>
            <param index="1">
              <value>
                <![CDATA[public void MedWebsite.HomePage.BlogsNewsCheck()]]>
              </value>
            </param>
          </params>
          <reporter-output>
          </reporter-output>
        </test-method> <!-- Teardown -->
        <test-method is-config="true" signature="Setup(java.lang.reflect.Method)[pri:0, instance:MedWebsite.HomePage@6ce139a4]" started-at="2021-01-10T19:16:39 EET" name="Setup" finished-at="2021-01-10T19:16:52 EET" duration-ms="12975" status="PASS">
          <params>
            <param index="0">
              <value>
                <![CDATA[public void MedWebsite.HomePage.MedicalTourisumCheck()]]>
              </value>
            </param>
          </params>
          <reporter-output>
          </reporter-output>
        </test-method> <!-- Setup -->
        <test-method signature="MedicalTourisumCheck()[pri:13, instance:MedWebsite.HomePage@6ce139a4]" started-at="2021-01-10T19:16:52 EET" name="MedicalTourisumCheck" finished-at="2021-01-10T19:16:52 EET" duration-ms="364" status="PASS">
          <reporter-output>
          </reporter-output>
        </test-method> <!-- MedicalTourisumCheck -->
        <test-method is-config="true" signature="Teardown(org.testng.ITestResult, java.lang.reflect.Method)[pri:0, instance:MedWebsite.HomePage@6ce139a4]" started-at="2021-01-10T19:16:52 EET" name="Teardown" finished-at="2021-01-10T19:16:56 EET" duration-ms="4249" status="PASS">
          <params>
            <param index="0">
              <value>
                <![CDATA[[TestResult name=MedicalTourisumCheck status=SUCCESS method=HomePage.MedicalTourisumCheck()[pri:13, instance:MedWebsite.HomePage@6ce139a4] output={null}]]]>
              </value>
            </param>
            <param index="1">
              <value>
                <![CDATA[public void MedWebsite.HomePage.MedicalTourisumCheck()]]>
              </value>
            </param>
          </params>
          <reporter-output>
          </reporter-output>
        </test-method> <!-- Teardown -->
        <test-method is-config="true" signature="Setup(java.lang.reflect.Method)[pri:0, instance:MedWebsite.HomePage@6ce139a4]" started-at="2021-01-10T19:16:56 EET" name="Setup" finished-at="2021-01-10T19:17:08 EET" duration-ms="11754" status="PASS">
          <params>
            <param index="0">
              <value>
                <![CDATA[public void MedWebsite.HomePage.MyCartCheck()]]>
              </value>
            </param>
          </params>
          <reporter-output>
          </reporter-output>
        </test-method> <!-- Setup -->
        <test-method signature="MyCartCheck()[pri:14, instance:MedWebsite.HomePage@6ce139a4]" started-at="2021-01-10T19:17:08 EET" name="MyCartCheck" finished-at="2021-01-10T19:17:10 EET" duration-ms="1822" status="PASS">
          <reporter-output>
          </reporter-output>
        </test-method> <!-- MyCartCheck -->
        <test-method is-config="true" signature="Teardown(org.testng.ITestResult, java.lang.reflect.Method)[pri:0, instance:MedWebsite.HomePage@6ce139a4]" started-at="2021-01-10T19:17:10 EET" name="Teardown" finished-at="2021-01-10T19:17:14 EET" duration-ms="3850" status="PASS">
          <params>
            <param index="0">
              <value>
                <![CDATA[[TestResult name=MyCartCheck status=SUCCESS method=HomePage.MyCartCheck()[pri:14, instance:MedWebsite.HomePage@6ce139a4] output={null}]]]>
              </value>
            </param>
            <param index="1">
              <value>
                <![CDATA[public void MedWebsite.HomePage.MyCartCheck()]]>
              </value>
            </param>
          </params>
          <reporter-output>
          </reporter-output>
        </test-method> <!-- Teardown -->
        <test-method is-config="true" signature="Setup(java.lang.reflect.Method)[pri:0, instance:MedWebsite.HomePage@6ce139a4]" started-at="2021-01-10T19:17:14 EET" name="Setup" finished-at="2021-01-10T19:17:26 EET" duration-ms="11938" status="PASS">
          <params>
            <param index="0">
              <value>
                <![CDATA[public void MedWebsite.HomePage.SearchCheck()]]>
              </value>
            </param>
          </params>
          <reporter-output>
          </reporter-output>
        </test-method> <!-- Setup -->
        <test-method signature="SearchCheck()[pri:15, instance:MedWebsite.HomePage@6ce139a4]" started-at="2021-01-10T19:17:26 EET" name="SearchCheck" finished-at="2021-01-10T19:17:30 EET" duration-ms="4127" status="PASS">
          <reporter-output>
          </reporter-output>
        </test-method> <!-- SearchCheck -->
        <test-method is-config="true" signature="Teardown(org.testng.ITestResult, java.lang.reflect.Method)[pri:0, instance:MedWebsite.HomePage@6ce139a4]" started-at="2021-01-10T19:17:30 EET" name="Teardown" finished-at="2021-01-10T19:17:34 EET" duration-ms="3669" status="PASS">
          <params>
            <param index="0">
              <value>
                <![CDATA[[TestResult name=SearchCheck status=SUCCESS method=HomePage.SearchCheck()[pri:15, instance:MedWebsite.HomePage@6ce139a4] output={null}]]]>
              </value>
            </param>
            <param index="1">
              <value>
                <![CDATA[public void MedWebsite.HomePage.SearchCheck()]]>
              </value>
            </param>
          </params>
          <reporter-output>
          </reporter-output>
        </test-method> <!-- Teardown -->
        <test-method is-config="true" signature="Setup(java.lang.reflect.Method)[pri:0, instance:MedWebsite.HomePage@6ce139a4]" started-at="2021-01-10T19:17:34 EET" name="Setup" finished-at="2021-01-10T19:17:45 EET" duration-ms="11792" status="PASS">
          <params>
            <param index="0">
              <value>
                <![CDATA[public void MedWebsite.HomePage.ShopNowCheck()]]>
              </value>
            </param>
          </params>
          <reporter-output>
          </reporter-output>
        </test-method> <!-- Setup -->
        <test-method signature="ShopNowCheck()[pri:16, instance:MedWebsite.HomePage@6ce139a4]" started-at="2021-01-10T19:17:45 EET" name="ShopNowCheck" finished-at="2021-01-10T19:17:49 EET" duration-ms="3300" status="PASS">
          <reporter-output>
          </reporter-output>
        </test-method> <!-- ShopNowCheck -->
        <test-method is-config="true" signature="Teardown(org.testng.ITestResult, java.lang.reflect.Method)[pri:0, instance:MedWebsite.HomePage@6ce139a4]" started-at="2021-01-10T19:17:49 EET" name="Teardown" finished-at="2021-01-10T19:17:52 EET" duration-ms="3355" status="PASS">
          <params>
            <param index="0">
              <value>
                <![CDATA[[TestResult name=ShopNowCheck status=SUCCESS method=HomePage.ShopNowCheck()[pri:16, instance:MedWebsite.HomePage@6ce139a4] output={null}]]]>
              </value>
            </param>
            <param index="1">
              <value>
                <![CDATA[public void MedWebsite.HomePage.ShopNowCheck()]]>
              </value>
            </param>
          </params>
          <reporter-output>
          </reporter-output>
        </test-method> <!-- Teardown -->
        <test-method is-config="true" signature="Setup(java.lang.reflect.Method)[pri:0, instance:MedWebsite.HomePage@6ce139a4]" started-at="2021-01-10T19:17:52 EET" name="Setup" finished-at="2021-01-10T19:18:07 EET" duration-ms="15122" status="PASS">
          <params>
            <param index="0">
              <value>
                <![CDATA[public void MedWebsite.HomePage.HosptialCheck()]]>
              </value>
            </param>
          </params>
          <reporter-output>
          </reporter-output>
        </test-method> <!-- Setup -->
        <test-method signature="HosptialCheck()[pri:17, instance:MedWebsite.HomePage@6ce139a4]" started-at="2021-01-10T19:18:07 EET" name="HosptialCheck" finished-at="2021-01-10T19:18:10 EET" duration-ms="3017" status="PASS">
          <reporter-output>
          </reporter-output>
        </test-method> <!-- HosptialCheck -->
        <test-method is-config="true" signature="Teardown(org.testng.ITestResult, java.lang.reflect.Method)[pri:0, instance:MedWebsite.HomePage@6ce139a4]" started-at="2021-01-10T19:18:10 EET" name="Teardown" finished-at="2021-01-10T19:18:15 EET" duration-ms="4418" status="PASS">
          <params>
            <param index="0">
              <value>
                <![CDATA[[TestResult name=HosptialCheck status=SUCCESS method=HomePage.HosptialCheck()[pri:17, instance:MedWebsite.HomePage@6ce139a4] output={null}]]]>
              </value>
            </param>
            <param index="1">
              <value>
                <![CDATA[public void MedWebsite.HomePage.HosptialCheck()]]>
              </value>
            </param>
          </params>
          <reporter-output>
          </reporter-output>
        </test-method> <!-- Teardown -->
        <test-method is-config="true" signature="Setup(java.lang.reflect.Method)[pri:0, instance:MedWebsite.HomePage@6ce139a4]" started-at="2021-01-10T19:18:15 EET" name="Setup" finished-at="2021-01-10T19:18:28 EET" duration-ms="13251" status="PASS">
          <params>
            <param index="0">
              <value>
                <![CDATA[public void MedWebsite.HomePage.VendorCheck()]]>
              </value>
            </param>
          </params>
          <reporter-output>
          </reporter-output>
        </test-method> <!-- Setup -->
        <test-method signature="VendorCheck()[pri:18, instance:MedWebsite.HomePage@6ce139a4]" started-at="2021-01-10T19:18:28 EET" name="VendorCheck" finished-at="2021-01-10T19:18:31 EET" duration-ms="3010" status="PASS">
          <reporter-output>
          </reporter-output>
        </test-method> <!-- VendorCheck -->
        <test-method is-config="true" signature="Teardown(org.testng.ITestResult, java.lang.reflect.Method)[pri:0, instance:MedWebsite.HomePage@6ce139a4]" started-at="2021-01-10T19:18:31 EET" name="Teardown" finished-at="2021-01-10T19:18:35 EET" duration-ms="3798" status="PASS">
          <params>
            <param index="0">
              <value>
                <![CDATA[[TestResult name=VendorCheck status=SUCCESS method=HomePage.VendorCheck()[pri:18, instance:MedWebsite.HomePage@6ce139a4] output={null}]]]>
              </value>
            </param>
            <param index="1">
              <value>
                <![CDATA[public void MedWebsite.HomePage.VendorCheck()]]>
              </value>
            </param>
          </params>
          <reporter-output>
          </reporter-output>
        </test-method> <!-- Teardown -->
        <test-method is-config="true" signature="Setup(java.lang.reflect.Method)[pri:0, instance:MedWebsite.HomePage@6ce139a4]" started-at="2021-01-10T19:18:35 EET" name="Setup" finished-at="2021-01-10T19:18:48 EET" duration-ms="13581" status="PASS">
          <params>
            <param index="0">
              <value>
                <![CDATA[public void MedWebsite.HomePage.OurMissionCheck()]]>
              </value>
            </param>
          </params>
          <reporter-output>
          </reporter-output>
        </test-method> <!-- Setup -->
        <test-method signature="OurMissionCheck()[pri:20, instance:MedWebsite.HomePage@6ce139a4]" started-at="2021-01-10T19:18:48 EET" name="OurMissionCheck" finished-at="2021-01-10T19:18:49 EET" duration-ms="717" status="PASS">
          <reporter-output>
          </reporter-output>
        </test-method> <!-- OurMissionCheck -->
        <test-method is-config="true" signature="Teardown(org.testng.ITestResult, java.lang.reflect.Method)[pri:0, instance:MedWebsite.HomePage@6ce139a4]" started-at="2021-01-10T19:18:49 EET" name="Teardown" finished-at="2021-01-10T19:18:52 EET" duration-ms="3579" status="PASS">
          <params>
            <param index="0">
              <value>
                <![CDATA[[TestResult name=OurMissionCheck status=SUCCESS method=HomePage.OurMissionCheck()[pri:20, instance:MedWebsite.HomePage@6ce139a4] output={null}]]]>
              </value>
            </param>
            <param index="1">
              <value>
                <![CDATA[public void MedWebsite.HomePage.OurMissionCheck()]]>
              </value>
            </param>
          </params>
          <reporter-output>
          </reporter-output>
        </test-method> <!-- Teardown -->
        <test-method is-config="true" signature="Setup(java.lang.reflect.Method)[pri:0, instance:MedWebsite.HomePage@6ce139a4]" started-at="2021-01-10T19:18:52 EET" name="Setup" finished-at="2021-01-10T19:19:13 EET" duration-ms="21004" status="PASS">
          <params>
            <param index="0">
              <value>
                <![CDATA[public void MedWebsite.HomePage.OurVisionCheck()]]>
              </value>
            </param>
          </params>
          <reporter-output>
          </reporter-output>
        </test-method> <!-- Setup -->
        <test-method signature="OurVisionCheck()[pri:21, instance:MedWebsite.HomePage@6ce139a4]" started-at="2021-01-10T19:19:13 EET" name="OurVisionCheck" finished-at="2021-01-10T19:19:14 EET" duration-ms="607" status="PASS">
          <reporter-output>
          </reporter-output>
        </test-method> <!-- OurVisionCheck -->
        <test-method is-config="true" signature="Teardown(org.testng.ITestResult, java.lang.reflect.Method)[pri:0, instance:MedWebsite.HomePage@6ce139a4]" started-at="2021-01-10T19:19:14 EET" name="Teardown" finished-at="2021-01-10T19:19:18 EET" duration-ms="3834" status="PASS">
          <params>
            <param index="0">
              <value>
                <![CDATA[[TestResult name=OurVisionCheck status=SUCCESS method=HomePage.OurVisionCheck()[pri:21, instance:MedWebsite.HomePage@6ce139a4] output={null}]]]>
              </value>
            </param>
            <param index="1">
              <value>
                <![CDATA[public void MedWebsite.HomePage.OurVisionCheck()]]>
              </value>
            </param>
          </params>
          <reporter-output>
          </reporter-output>
        </test-method> <!-- Teardown -->
        <test-method is-config="true" signature="Setup(java.lang.reflect.Method)[pri:0, instance:MedWebsite.HomePage@6ce139a4]" started-at="2021-01-10T19:19:18 EET" name="Setup" finished-at="2021-01-10T19:19:31 EET" duration-ms="13414" status="PASS">
          <params>
            <param index="0">
              <value>
                <![CDATA[public void MedWebsite.HomePage.OurValueCheck()]]>
              </value>
            </param>
          </params>
          <reporter-output>
          </reporter-output>
        </test-method> <!-- Setup -->
        <test-method signature="OurValueCheck()[pri:22, instance:MedWebsite.HomePage@6ce139a4]" started-at="2021-01-10T19:19:31 EET" name="OurValueCheck" finished-at="2021-01-10T19:19:32 EET" duration-ms="592" status="PASS">
          <reporter-output>
          </reporter-output>
        </test-method> <!-- OurValueCheck -->
        <test-method is-config="true" signature="Teardown(org.testng.ITestResult, java.lang.reflect.Method)[pri:0, instance:MedWebsite.HomePage@6ce139a4]" started-at="2021-01-10T19:19:32 EET" name="Teardown" finished-at="2021-01-10T19:19:35 EET" duration-ms="3420" status="PASS">
          <params>
            <param index="0">
              <value>
                <![CDATA[[TestResult name=OurValueCheck status=SUCCESS method=HomePage.OurValueCheck()[pri:22, instance:MedWebsite.HomePage@6ce139a4] output={null}]]]>
              </value>
            </param>
            <param index="1">
              <value>
                <![CDATA[public void MedWebsite.HomePage.OurValueCheck()]]>
              </value>
            </param>
          </params>
          <reporter-output>
          </reporter-output>
        </test-method> <!-- Teardown -->
        <test-method is-config="true" signature="Setup(java.lang.reflect.Method)[pri:0, instance:MedWebsite.HomePage@6ce139a4]" started-at="2021-01-10T19:19:35 EET" name="Setup" finished-at="2021-01-10T19:19:49 EET" duration-ms="13284" status="PASS">
          <params>
            <param index="0">
              <value>
                <![CDATA[public void MedWebsite.HomePage.OurPartnersCheck()]]>
              </value>
            </param>
          </params>
          <reporter-output>
          </reporter-output>
        </test-method> <!-- Setup -->
        <test-method signature="OurPartnersCheck()[pri:23, instance:MedWebsite.HomePage@6ce139a4]" started-at="2021-01-10T19:19:49 EET" name="OurPartnersCheck" finished-at="2021-01-10T19:19:50 EET" duration-ms="1037" status="PASS">
          <reporter-output>
          </reporter-output>
        </test-method> <!-- OurPartnersCheck -->
        <test-method is-config="true" signature="Teardown(org.testng.ITestResult, java.lang.reflect.Method)[pri:0, instance:MedWebsite.HomePage@6ce139a4]" started-at="2021-01-10T19:19:50 EET" name="Teardown" finished-at="2021-01-10T19:19:53 EET" duration-ms="3396" status="PASS">
          <params>
            <param index="0">
              <value>
                <![CDATA[[TestResult name=OurPartnersCheck status=SUCCESS method=HomePage.OurPartnersCheck()[pri:23, instance:MedWebsite.HomePage@6ce139a4] output={null}]]]>
              </value>
            </param>
            <param index="1">
              <value>
                <![CDATA[public void MedWebsite.HomePage.OurPartnersCheck()]]>
              </value>
            </param>
          </params>
          <reporter-output>
          </reporter-output>
        </test-method> <!-- Teardown -->
        <test-method is-config="true" signature="Setup(java.lang.reflect.Method)[pri:0, instance:MedWebsite.HomePage@6ce139a4]" started-at="2021-01-10T19:19:53 EET" name="Setup" finished-at="2021-01-10T19:20:03 EET" duration-ms="10143" status="PASS">
          <params>
            <param index="0">
              <value>
                <![CDATA[public void MedWebsite.HomePage.SubscribNow()]]>
              </value>
            </param>
          </params>
          <reporter-output>
          </reporter-output>
        </test-method> <!-- Setup -->
        <test-method signature="SubscribNow()[pri:24, instance:MedWebsite.HomePage@6ce139a4]" started-at="2021-01-10T19:20:03 EET" name="SubscribNow" finished-at="2021-01-10T19:20:06 EET" duration-ms="2394" status="PASS">
          <reporter-output>
          </reporter-output>
        </test-method> <!-- SubscribNow -->
        <test-method is-config="true" signature="Teardown(org.testng.ITestResult, java.lang.reflect.Method)[pri:0, instance:MedWebsite.HomePage@6ce139a4]" started-at="2021-01-10T19:20:06 EET" name="Teardown" finished-at="2021-01-10T19:20:09 EET" duration-ms="3887" status="PASS">
          <params>
            <param index="0">
              <value>
                <![CDATA[[TestResult name=SubscribNow status=SUCCESS method=HomePage.SubscribNow()[pri:24, instance:MedWebsite.HomePage@6ce139a4] output={null}]]]>
              </value>
            </param>
            <param index="1">
              <value>
                <![CDATA[public void MedWebsite.HomePage.SubscribNow()]]>
              </value>
            </param>
          </params>
          <reporter-output>
          </reporter-output>
        </test-method> <!-- Teardown -->
        <test-method is-config="true" signature="Finished()[pri:0, instance:MedWebsite.HomePage@6ce139a4]" started-at="2021-01-10T19:20:10 EET" name="Finished" finished-at="2021-01-10T19:20:10 EET" duration-ms="587" status="PASS">
          <reporter-output>
          </reporter-output>
        </test-method> <!-- Finished -->
      </class> <!-- MedWebsite.HomePage -->
    </test> <!-- Default test -->
  </suite> <!-- Default suite -->
</testng-results>
