<?xml version="1.0" encoding="UTF-8"?>
<testng-results ignored="0" total="15" passed="15" failed="0" skipped="0">
  <reporter-output>
  </reporter-output>
  <suite started-at="2021-01-09T19:49:28 EET" name="Default suite" finished-at="2021-01-09T19:53:51 EET" duration-ms="263496">
    <groups>
    </groups>
    <test started-at="2021-01-09T19:49:28 EET" name="Default test" finished-at="2021-01-09T19:53:51 EET" duration-ms="263496">
      <class name="MedWebsite.HomePage">
        <test-method is-config="true" signature="Started()[pri:0, instance:MedWebsite.HomePage@29176cc1]" started-at="2021-01-09T19:49:28 EET" name="Started" finished-at="2021-01-09T19:49:28 EET" duration-ms="250" status="PASS">
          <reporter-output>
          </reporter-output>
        </test-method> <!-- Started -->
        <test-method is-config="true" signature="Setup(java.lang.reflect.Method)[pri:0, instance:MedWebsite.HomePage@29176cc1]" started-at="2021-01-09T19:49:28 EET" name="Setup" finished-at="2021-01-09T19:49:42 EET" duration-ms="14575" status="PASS">
          <params>
            <param index="0">
              <value>
                <![CDATA[public void MedWebsite.HomePage.LanguageButtonCheck()]]>
              </value>
            </param>
          </params>
          <reporter-output>
          </reporter-output>
        </test-method> <!-- Setup -->
        <test-method signature="LanguageButtonCheck()[pri:1, instance:MedWebsite.HomePage@29176cc1]" started-at="2021-01-09T19:49:42 EET" name="LanguageButtonCheck" finished-at="2021-01-09T19:49:45 EET" duration-ms="3079" status="PASS">
          <reporter-output>
          </reporter-output>
        </test-method> <!-- LanguageButtonCheck -->
        <test-method is-config="true" signature="Teardown(org.testng.ITestResult, java.lang.reflect.Method)[pri:0, instance:MedWebsite.HomePage@29176cc1]" started-at="2021-01-09T19:49:46 EET" name="Teardown" finished-at="2021-01-09T19:49:50 EET" duration-ms="4460" status="PASS">
          <params>
            <param index="0">
              <value>
                <![CDATA[[TestResult name=LanguageButtonCheck status=SUCCESS method=HomePage.LanguageButtonCheck()[pri:1, instance:MedWebsite.HomePage@29176cc1] output={null}]]]>
              </value>
            </param>
            <param index="1">
              <value>
                <![CDATA[public void MedWebsite.HomePage.LanguageButtonCheck()]]>
              </value>
            </param>
          </params>
          <reporter-output>
          </reporter-output>
        </test-method> <!-- Teardown -->
        <test-method is-config="true" signature="Setup(java.lang.reflect.Method)[pri:0, instance:MedWebsite.HomePage@29176cc1]" started-at="2021-01-09T19:49:50 EET" name="Setup" finished-at="2021-01-09T19:50:01 EET" duration-ms="10585" status="PASS">
          <params>
            <param index="0">
              <value>
                <![CDATA[public void MedWebsite.HomePage.PhoneNumberCheck()]]>
              </value>
            </param>
          </params>
          <reporter-output>
          </reporter-output>
        </test-method> <!-- Setup -->
        <test-method signature="PhoneNumberCheck()[pri:2, instance:MedWebsite.HomePage@29176cc1]" started-at="2021-01-09T19:50:01 EET" name="PhoneNumberCheck" finished-at="2021-01-09T19:50:02 EET" duration-ms="990" status="PASS">
          <reporter-output>
          </reporter-output>
        </test-method> <!-- PhoneNumberCheck -->
        <test-method is-config="true" signature="Teardown(org.testng.ITestResult, java.lang.reflect.Method)[pri:0, instance:MedWebsite.HomePage@29176cc1]" started-at="2021-01-09T19:50:02 EET" name="Teardown" finished-at="2021-01-09T19:50:06 EET" duration-ms="3950" status="PASS">
          <params>
            <param index="0">
              <value>
                <![CDATA[[TestResult name=PhoneNumberCheck status=SUCCESS method=HomePage.PhoneNumberCheck()[pri:2, instance:MedWebsite.HomePage@29176cc1] output={null}]]]>
              </value>
            </param>
            <param index="1">
              <value>
                <![CDATA[public void MedWebsite.HomePage.PhoneNumberCheck()]]>
              </value>
            </param>
          </params>
          <reporter-output>
          </reporter-output>
        </test-method> <!-- Teardown -->
        <test-method is-config="true" signature="Setup(java.lang.reflect.Method)[pri:0, instance:MedWebsite.HomePage@29176cc1]" started-at="2021-01-09T19:50:06 EET" name="Setup" finished-at="2021-01-09T19:50:16 EET" duration-ms="10611" status="PASS">
          <params>
            <param index="0">
              <value>
                <![CDATA[public void MedWebsite.HomePage.ContuctCheck()]]>
              </value>
            </param>
          </params>
          <reporter-output>
          </reporter-output>
        </test-method> <!-- Setup -->
        <test-method signature="ContuctCheck()[pri:3, instance:MedWebsite.HomePage@29176cc1]" started-at="2021-01-09T19:50:16 EET" name="ContuctCheck" finished-at="2021-01-09T19:50:23 EET" duration-ms="6965" status="PASS">
          <reporter-output>
          </reporter-output>
        </test-method> <!-- ContuctCheck -->
        <test-method is-config="true" signature="Teardown(org.testng.ITestResult, java.lang.reflect.Method)[pri:0, instance:MedWebsite.HomePage@29176cc1]" started-at="2021-01-09T19:50:23 EET" name="Teardown" finished-at="2021-01-09T19:50:27 EET" duration-ms="3474" status="PASS">
          <params>
            <param index="0">
              <value>
                <![CDATA[[TestResult name=ContuctCheck status=SUCCESS method=HomePage.ContuctCheck()[pri:3, instance:MedWebsite.HomePage@29176cc1] output={null}]]]>
              </value>
            </param>
            <param index="1">
              <value>
                <![CDATA[public void MedWebsite.HomePage.ContuctCheck()]]>
              </value>
            </param>
          </params>
          <reporter-output>
          </reporter-output>
        </test-method> <!-- Teardown -->
        <test-method is-config="true" signature="Setup(java.lang.reflect.Method)[pri:0, instance:MedWebsite.HomePage@29176cc1]" started-at="2021-01-09T19:50:27 EET" name="Setup" finished-at="2021-01-09T19:50:41 EET" duration-ms="14296" status="PASS">
          <params>
            <param index="0">
              <value>
                <![CDATA[public void MedWebsite.HomePage.FacebookCheck()]]>
              </value>
            </param>
          </params>
          <reporter-output>
          </reporter-output>
        </test-method> <!-- Setup -->
        <test-method signature="FacebookCheck()[pri:4, instance:MedWebsite.HomePage@29176cc1]" started-at="2021-01-09T19:50:41 EET" name="FacebookCheck" finished-at="2021-01-09T19:50:42 EET" duration-ms="1192" status="PASS">
          <reporter-output>
          </reporter-output>
        </test-method> <!-- FacebookCheck -->
        <test-method is-config="true" signature="Teardown(org.testng.ITestResult, java.lang.reflect.Method)[pri:0, instance:MedWebsite.HomePage@29176cc1]" started-at="2021-01-09T19:50:42 EET" name="Teardown" finished-at="2021-01-09T19:50:46 EET" duration-ms="4067" status="PASS">
          <params>
            <param index="0">
              <value>
                <![CDATA[[TestResult name=FacebookCheck status=SUCCESS method=HomePage.FacebookCheck()[pri:4, instance:MedWebsite.HomePage@29176cc1] output={null}]]]>
              </value>
            </param>
            <param index="1">
              <value>
                <![CDATA[public void MedWebsite.HomePage.FacebookCheck()]]>
              </value>
            </param>
          </params>
          <reporter-output>
          </reporter-output>
        </test-method> <!-- Teardown -->
        <test-method is-config="true" signature="Setup(java.lang.reflect.Method)[pri:0, instance:MedWebsite.HomePage@29176cc1]" started-at="2021-01-09T19:50:46 EET" name="Setup" finished-at="2021-01-09T19:50:58 EET" duration-ms="12047" status="PASS">
          <params>
            <param index="0">
              <value>
                <![CDATA[public void MedWebsite.HomePage.LinkedInCheck()]]>
              </value>
            </param>
          </params>
          <reporter-output>
          </reporter-output>
        </test-method> <!-- Setup -->
        <test-method signature="LinkedInCheck()[pri:5, instance:MedWebsite.HomePage@29176cc1]" started-at="2021-01-09T19:50:58 EET" name="LinkedInCheck" finished-at="2021-01-09T19:50:59 EET" duration-ms="907" status="PASS">
          <reporter-output>
          </reporter-output>
        </test-method> <!-- LinkedInCheck -->
        <test-method is-config="true" signature="Teardown(org.testng.ITestResult, java.lang.reflect.Method)[pri:0, instance:MedWebsite.HomePage@29176cc1]" started-at="2021-01-09T19:50:59 EET" name="Teardown" finished-at="2021-01-09T19:51:03 EET" duration-ms="4025" status="PASS">
          <params>
            <param index="0">
              <value>
                <![CDATA[[TestResult name=LinkedInCheck status=SUCCESS method=HomePage.LinkedInCheck()[pri:5, instance:MedWebsite.HomePage@29176cc1] output={null}]]]>
              </value>
            </param>
            <param index="1">
              <value>
                <![CDATA[public void MedWebsite.HomePage.LinkedInCheck()]]>
              </value>
            </param>
          </params>
          <reporter-output>
          </reporter-output>
        </test-method> <!-- Teardown -->
        <test-method is-config="true" signature="Setup(java.lang.reflect.Method)[pri:0, instance:MedWebsite.HomePage@29176cc1]" started-at="2021-01-09T19:51:03 EET" name="Setup" finished-at="2021-01-09T19:51:14 EET" duration-ms="10560" status="PASS">
          <params>
            <param index="0">
              <value>
                <![CDATA[public void MedWebsite.HomePage.TwitterCheck()]]>
              </value>
            </param>
          </params>
          <reporter-output>
          </reporter-output>
        </test-method> <!-- Setup -->
        <test-method signature="TwitterCheck()[pri:6, instance:MedWebsite.HomePage@29176cc1]" started-at="2021-01-09T19:51:14 EET" name="TwitterCheck" finished-at="2021-01-09T19:51:15 EET" duration-ms="846" status="PASS">
          <reporter-output>
          </reporter-output>
        </test-method> <!-- TwitterCheck -->
        <test-method is-config="true" signature="Teardown(org.testng.ITestResult, java.lang.reflect.Method)[pri:0, instance:MedWebsite.HomePage@29176cc1]" started-at="2021-01-09T19:51:15 EET" name="Teardown" finished-at="2021-01-09T19:51:19 EET" duration-ms="4310" status="PASS">
          <params>
            <param index="0">
              <value>
                <![CDATA[[TestResult name=TwitterCheck status=SUCCESS method=HomePage.TwitterCheck()[pri:6, instance:MedWebsite.HomePage@29176cc1] output={null}]]]>
              </value>
            </param>
            <param index="1">
              <value>
                <![CDATA[public void MedWebsite.HomePage.TwitterCheck()]]>
              </value>
            </param>
          </params>
          <reporter-output>
          </reporter-output>
        </test-method> <!-- Teardown -->
        <test-method is-config="true" signature="Setup(java.lang.reflect.Method)[pri:0, instance:MedWebsite.HomePage@29176cc1]" started-at="2021-01-09T19:51:19 EET" name="Setup" finished-at="2021-01-09T19:51:37 EET" duration-ms="17899" status="PASS">
          <params>
            <param index="0">
              <value>
                <![CDATA[public void MedWebsite.HomePage.InstagrameCheck()]]>
              </value>
            </param>
          </params>
          <reporter-output>
          </reporter-output>
        </test-method> <!-- Setup -->
        <test-method signature="InstagrameCheck()[pri:7, instance:MedWebsite.HomePage@29176cc1]" started-at="2021-01-09T19:51:37 EET" name="InstagrameCheck" finished-at="2021-01-09T19:51:38 EET" duration-ms="863" status="PASS">
          <reporter-output>
          </reporter-output>
        </test-method> <!-- InstagrameCheck -->
        <test-method is-config="true" signature="Teardown(org.testng.ITestResult, java.lang.reflect.Method)[pri:0, instance:MedWebsite.HomePage@29176cc1]" started-at="2021-01-09T19:51:38 EET" name="Teardown" finished-at="2021-01-09T19:51:41 EET" duration-ms="3769" status="PASS">
          <params>
            <param index="0">
              <value>
                <![CDATA[[TestResult name=InstagrameCheck status=SUCCESS method=HomePage.InstagrameCheck()[pri:7, instance:MedWebsite.HomePage@29176cc1] output={null}]]]>
              </value>
            </param>
            <param index="1">
              <value>
                <![CDATA[public void MedWebsite.HomePage.InstagrameCheck()]]>
              </value>
            </param>
          </params>
          <reporter-output>
          </reporter-output>
        </test-method> <!-- Teardown -->
        <test-method is-config="true" signature="Setup(java.lang.reflect.Method)[pri:0, instance:MedWebsite.HomePage@29176cc1]" started-at="2021-01-09T19:51:41 EET" name="Setup" finished-at="2021-01-09T19:51:53 EET" duration-ms="11506" status="PASS">
          <params>
            <param index="0">
              <value>
                <![CDATA[public void MedWebsite.HomePage.SnapchatCheck()]]>
              </value>
            </param>
          </params>
          <reporter-output>
          </reporter-output>
        </test-method> <!-- Setup -->
        <test-method signature="SnapchatCheck()[pri:8, instance:MedWebsite.HomePage@29176cc1]" started-at="2021-01-09T19:51:53 EET" name="SnapchatCheck" finished-at="2021-01-09T19:51:54 EET" duration-ms="1102" status="PASS">
          <reporter-output>
          </reporter-output>
        </test-method> <!-- SnapchatCheck -->
        <test-method is-config="true" signature="Teardown(org.testng.ITestResult, java.lang.reflect.Method)[pri:0, instance:MedWebsite.HomePage@29176cc1]" started-at="2021-01-09T19:51:54 EET" name="Teardown" finished-at="2021-01-09T19:51:58 EET" duration-ms="4073" status="PASS">
          <params>
            <param index="0">
              <value>
                <![CDATA[[TestResult name=SnapchatCheck status=SUCCESS method=HomePage.SnapchatCheck()[pri:8, instance:MedWebsite.HomePage@29176cc1] output={null}]]]>
              </value>
            </param>
            <param index="1">
              <value>
                <![CDATA[public void MedWebsite.HomePage.SnapchatCheck()]]>
              </value>
            </param>
          </params>
          <reporter-output>
          </reporter-output>
        </test-method> <!-- Teardown -->
        <test-method is-config="true" signature="Setup(java.lang.reflect.Method)[pri:0, instance:MedWebsite.HomePage@29176cc1]" started-at="2021-01-09T19:51:58 EET" name="Setup" finished-at="2021-01-09T19:52:08 EET" duration-ms="10398" status="PASS">
          <params>
            <param index="0">
              <value>
                <![CDATA[public void MedWebsite.HomePage.AboutUsCheck()]]>
              </value>
            </param>
          </params>
          <reporter-output>
          </reporter-output>
        </test-method> <!-- Setup -->
        <test-method signature="AboutUsCheck()[pri:9, instance:MedWebsite.HomePage@29176cc1]" started-at="2021-01-09T19:52:08 EET" name="AboutUsCheck" finished-at="2021-01-09T19:52:09 EET" duration-ms="639" status="PASS">
          <reporter-output>
          </reporter-output>
        </test-method> <!-- AboutUsCheck -->
        <test-method is-config="true" signature="Teardown(org.testng.ITestResult, java.lang.reflect.Method)[pri:0, instance:MedWebsite.HomePage@29176cc1]" started-at="2021-01-09T19:52:09 EET" name="Teardown" finished-at="2021-01-09T19:52:13 EET" duration-ms="3844" status="PASS">
          <params>
            <param index="0">
              <value>
                <![CDATA[[TestResult name=AboutUsCheck status=SUCCESS method=HomePage.AboutUsCheck()[pri:9, instance:MedWebsite.HomePage@29176cc1] output={null}]]]>
              </value>
            </param>
            <param index="1">
              <value>
                <![CDATA[public void MedWebsite.HomePage.AboutUsCheck()]]>
              </value>
            </param>
          </params>
          <reporter-output>
          </reporter-output>
        </test-method> <!-- Teardown -->
        <test-method is-config="true" signature="Setup(java.lang.reflect.Method)[pri:0, instance:MedWebsite.HomePage@29176cc1]" started-at="2021-01-09T19:52:13 EET" name="Setup" finished-at="2021-01-09T19:52:24 EET" duration-ms="10673" status="PASS">
          <params>
            <param index="0">
              <value>
                <![CDATA[public void MedWebsite.HomePage.DirectoriesCheck()]]>
              </value>
            </param>
          </params>
          <reporter-output>
          </reporter-output>
        </test-method> <!-- Setup -->
        <test-method signature="DirectoriesCheck()[pri:10, instance:MedWebsite.HomePage@29176cc1]" started-at="2021-01-09T19:52:24 EET" name="DirectoriesCheck" finished-at="2021-01-09T19:52:24 EET" duration-ms="365" status="PASS">
          <reporter-output>
          </reporter-output>
        </test-method> <!-- DirectoriesCheck -->
        <test-method is-config="true" signature="Teardown(org.testng.ITestResult, java.lang.reflect.Method)[pri:0, instance:MedWebsite.HomePage@29176cc1]" started-at="2021-01-09T19:52:24 EET" name="Teardown" finished-at="2021-01-09T19:52:28 EET" duration-ms="3812" status="PASS">
          <params>
            <param index="0">
              <value>
                <![CDATA[[TestResult name=DirectoriesCheck status=SUCCESS method=HomePage.DirectoriesCheck()[pri:10, instance:MedWebsite.HomePage@29176cc1] output={null}]]]>
              </value>
            </param>
            <param index="1">
              <value>
                <![CDATA[public void MedWebsite.HomePage.DirectoriesCheck()]]>
              </value>
            </param>
          </params>
          <reporter-output>
          </reporter-output>
        </test-method> <!-- Teardown -->
        <test-method is-config="true" signature="Setup(java.lang.reflect.Method)[pri:0, instance:MedWebsite.HomePage@29176cc1]" started-at="2021-01-09T19:52:28 EET" name="Setup" finished-at="2021-01-09T19:52:38 EET" duration-ms="10451" status="PASS">
          <params>
            <param index="0">
              <value>
                <![CDATA[public void MedWebsite.HomePage.ServicesCheck()]]>
              </value>
            </param>
          </params>
          <reporter-output>
          </reporter-output>
        </test-method> <!-- Setup -->
        <test-method signature="ServicesCheck()[pri:11, instance:MedWebsite.HomePage@29176cc1]" started-at="2021-01-09T19:52:38 EET" name="ServicesCheck" finished-at="2021-01-09T19:52:39 EET" duration-ms="718" status="PASS">
          <reporter-output>
          </reporter-output>
        </test-method> <!-- ServicesCheck -->
        <test-method is-config="true" signature="Teardown(org.testng.ITestResult, java.lang.reflect.Method)[pri:0, instance:MedWebsite.HomePage@29176cc1]" started-at="2021-01-09T19:52:39 EET" name="Teardown" finished-at="2021-01-09T19:52:45 EET" duration-ms="6220" status="PASS">
          <params>
            <param index="0">
              <value>
                <![CDATA[[TestResult name=ServicesCheck status=SUCCESS method=HomePage.ServicesCheck()[pri:11, instance:MedWebsite.HomePage@29176cc1] output={null}]]]>
              </value>
            </param>
            <param index="1">
              <value>
                <![CDATA[public void MedWebsite.HomePage.ServicesCheck()]]>
              </value>
            </param>
          </params>
          <reporter-output>
          </reporter-output>
        </test-method> <!-- Teardown -->
        <test-method is-config="true" signature="Setup(java.lang.reflect.Method)[pri:0, instance:MedWebsite.HomePage@29176cc1]" started-at="2021-01-09T19:52:45 EET" name="Setup" finished-at="2021-01-09T19:52:59 EET" duration-ms="13419" status="PASS">
          <params>
            <param index="0">
              <value>
                <![CDATA[public void MedWebsite.HomePage.BlogsNewsCheck()]]>
              </value>
            </param>
          </params>
          <reporter-output>
          </reporter-output>
        </test-method> <!-- Setup -->
        <test-method signature="BlogsNewsCheck()[pri:12, instance:MedWebsite.HomePage@29176cc1]" started-at="2021-01-09T19:52:59 EET" name="BlogsNewsCheck" finished-at="2021-01-09T19:52:59 EET" duration-ms="445" status="PASS">
          <reporter-output>
          </reporter-output>
        </test-method> <!-- BlogsNewsCheck -->
        <test-method is-config="true" signature="Teardown(org.testng.ITestResult, java.lang.reflect.Method)[pri:0, instance:MedWebsite.HomePage@29176cc1]" started-at="2021-01-09T19:52:59 EET" name="Teardown" finished-at="2021-01-09T19:53:03 EET" duration-ms="4195" status="PASS">
          <params>
            <param index="0">
              <value>
                <![CDATA[[TestResult name=BlogsNewsCheck status=SUCCESS method=HomePage.BlogsNewsCheck()[pri:12, instance:MedWebsite.HomePage@29176cc1] output={null}]]]>
              </value>
            </param>
            <param index="1">
              <value>
                <![CDATA[public void MedWebsite.HomePage.BlogsNewsCheck()]]>
              </value>
            </param>
          </params>
          <reporter-output>
          </reporter-output>
        </test-method> <!-- Teardown -->
        <test-method is-config="true" signature="Setup(java.lang.reflect.Method)[pri:0, instance:MedWebsite.HomePage@29176cc1]" started-at="2021-01-09T19:53:03 EET" name="Setup" finished-at="2021-01-09T19:53:14 EET" duration-ms="10991" status="PASS">
          <params>
            <param index="0">
              <value>
                <![CDATA[public void MedWebsite.HomePage.MedicalTourisumCheck()]]>
              </value>
            </param>
          </params>
          <reporter-output>
          </reporter-output>
        </test-method> <!-- Setup -->
        <test-method signature="MedicalTourisumCheck()[pri:13, instance:MedWebsite.HomePage@29176cc1]" started-at="2021-01-09T19:53:14 EET" name="MedicalTourisumCheck" finished-at="2021-01-09T19:53:15 EET" duration-ms="459" status="PASS">
          <reporter-output>
          </reporter-output>
        </test-method> <!-- MedicalTourisumCheck -->
        <test-method is-config="true" signature="Teardown(org.testng.ITestResult, java.lang.reflect.Method)[pri:0, instance:MedWebsite.HomePage@29176cc1]" started-at="2021-01-09T19:53:15 EET" name="Teardown" finished-at="2021-01-09T19:53:18 EET" duration-ms="3716" status="PASS">
          <params>
            <param index="0">
              <value>
                <![CDATA[[TestResult name=MedicalTourisumCheck status=SUCCESS method=HomePage.MedicalTourisumCheck()[pri:13, instance:MedWebsite.HomePage@29176cc1] output={null}]]]>
              </value>
            </param>
            <param index="1">
              <value>
                <![CDATA[public void MedWebsite.HomePage.MedicalTourisumCheck()]]>
              </value>
            </param>
          </params>
          <reporter-output>
          </reporter-output>
        </test-method> <!-- Teardown -->
        <test-method is-config="true" signature="Setup(java.lang.reflect.Method)[pri:0, instance:MedWebsite.HomePage@29176cc1]" started-at="2021-01-09T19:53:18 EET" name="Setup" finished-at="2021-01-09T19:53:29 EET" duration-ms="10159" status="PASS">
          <params>
            <param index="0">
              <value>
                <![CDATA[public void MedWebsite.HomePage.MyCartCheck()]]>
              </value>
            </param>
          </params>
          <reporter-output>
          </reporter-output>
        </test-method> <!-- Setup -->
        <test-method signature="MyCartCheck()[pri:14, instance:MedWebsite.HomePage@29176cc1]" started-at="2021-01-09T19:53:29 EET" name="MyCartCheck" finished-at="2021-01-09T19:53:30 EET" duration-ms="1154" status="PASS">
          <reporter-output>
          </reporter-output>
        </test-method> <!-- MyCartCheck -->
        <test-method is-config="true" signature="Teardown(org.testng.ITestResult, java.lang.reflect.Method)[pri:0, instance:MedWebsite.HomePage@29176cc1]" started-at="2021-01-09T19:53:30 EET" name="Teardown" finished-at="2021-01-09T19:53:34 EET" duration-ms="3817" status="PASS">
          <params>
            <param index="0">
              <value>
                <![CDATA[[TestResult name=MyCartCheck status=SUCCESS method=HomePage.MyCartCheck()[pri:14, instance:MedWebsite.HomePage@29176cc1] output={null}]]]>
              </value>
            </param>
            <param index="1">
              <value>
                <![CDATA[public void MedWebsite.HomePage.MyCartCheck()]]>
              </value>
            </param>
          </params>
          <reporter-output>
          </reporter-output>
        </test-method> <!-- Teardown -->
        <test-method is-config="true" signature="Setup(java.lang.reflect.Method)[pri:0, instance:MedWebsite.HomePage@29176cc1]" started-at="2021-01-09T19:53:34 EET" name="Setup" finished-at="2021-01-09T19:53:45 EET" duration-ms="11804" status="PASS">
          <params>
            <param index="0">
              <value>
                <![CDATA[public void MedWebsite.HomePage.SearchCheck()]]>
              </value>
            </param>
          </params>
          <reporter-output>
          </reporter-output>
        </test-method> <!-- Setup -->
        <test-method signature="SearchCheck()[pri:15, instance:MedWebsite.HomePage@29176cc1]" started-at="2021-01-09T19:53:45 EET" name="SearchCheck" finished-at="2021-01-09T19:53:48 EET" duration-ms="2454" status="PASS">
          <reporter-output>
          </reporter-output>
        </test-method> <!-- SearchCheck -->
        <test-method is-config="true" signature="Teardown(org.testng.ITestResult, java.lang.reflect.Method)[pri:0, instance:MedWebsite.HomePage@29176cc1]" started-at="2021-01-09T19:53:48 EET" name="Teardown" finished-at="2021-01-09T19:53:51 EET" duration-ms="3486" status="PASS">
          <params>
            <param index="0">
              <value>
                <![CDATA[[TestResult name=SearchCheck status=SUCCESS method=HomePage.SearchCheck()[pri:15, instance:MedWebsite.HomePage@29176cc1] output={null}]]]>
              </value>
            </param>
            <param index="1">
              <value>
                <![CDATA[public void MedWebsite.HomePage.SearchCheck()]]>
              </value>
            </param>
          </params>
          <reporter-output>
          </reporter-output>
        </test-method> <!-- Teardown -->
        <test-method is-config="true" signature="Finished()[pri:0, instance:MedWebsite.HomePage@29176cc1]" started-at="2021-01-09T19:53:51 EET" name="Finished" finished-at="2021-01-09T19:53:52 EET" duration-ms="726" status="PASS">
          <reporter-output>
          </reporter-output>
        </test-method> <!-- Finished -->
      </class> <!-- MedWebsite.HomePage -->
    </test> <!-- Default test -->
  </suite> <!-- Default suite -->
</testng-results>
