<?xml version="1.0" encoding="UTF-8"?>
<testng-results ignored="8" total="9" passed="1" failed="0" skipped="0">
  <reporter-output>
  </reporter-output>
  <suite started-at="2021-01-03T15:26:20 EET" name="Default suite" finished-at="2021-01-03T15:26:58 EET" duration-ms="38103">
    <groups>
    </groups>
    <test started-at="2021-01-03T15:26:20 EET" name="Default test" finished-at="2021-01-03T15:26:58 EET" duration-ms="38103">
      <class name="MedDashborad.AdminPanelNews">
        <test-method is-config="true" signature="setuo(java.lang.reflect.Method)[pri:0, instance:MedDashborad.AdminPanelNews@11a9e7c8]" started-at="2021-01-03T15:26:20 EET" name="setuo" finished-at="2021-01-03T15:26:50 EET" duration-ms="30260" status="PASS">
          <params>
            <param index="0">
              <value>
                <![CDATA[public void MedDashborad.AdminPanelNews.DeleteButton()]]>
              </value>
            </param>
          </params>
          <reporter-output>
          </reporter-output>
        </test-method> <!-- setuo -->
        <test-method signature="DeleteButton()[pri:9, instance:MedDashborad.AdminPanelNews@11a9e7c8]" started-at="2021-01-03T15:26:50 EET" name="DeleteButton" finished-at="2021-01-03T15:26:55 EET" duration-ms="4702" status="PASS">
          <reporter-output>
          </reporter-output>
        </test-method> <!-- DeleteButton -->
        <test-method is-config="true" signature="teardown(org.testng.ITestResult)[pri:0, instance:MedDashborad.AdminPanelNews@11a9e7c8]" started-at="2021-01-03T15:26:55 EET" name="teardown" finished-at="2021-01-03T15:26:58 EET" duration-ms="3081" status="PASS">
          <params>
            <param index="0">
              <value>
                <![CDATA[[TestResult name=DeleteButton status=SUCCESS method=AdminPanelNews.DeleteButton()[pri:9, instance:MedDashborad.AdminPanelNews@11a9e7c8] output={null}]]]>
              </value>
            </param>
          </params>
          <reporter-output>
          </reporter-output>
        </test-method> <!-- teardown -->
      </class> <!-- MedDashborad.AdminPanelNews -->
    </test> <!-- Default test -->
  </suite> <!-- Default suite -->
</testng-results>
