<?xml version="1.0" encoding="UTF-8"?>
<testng-results ignored="0" total="1" passed="1" failed="0" skipped="0">
  <reporter-output>
  </reporter-output>
  <suite started-at="2021-01-27T22:11:20 EET" name="Default suite" finished-at="2021-01-27T22:11:43 EET" duration-ms="22952">
    <groups>
    </groups>
    <test started-at="2021-01-27T22:11:20 EET" name="Default test" finished-at="2021-01-27T22:11:43 EET" duration-ms="22952">
      <class name="MedWebsite.DirectoriesPage">
        <test-method is-config="true" signature="Started()[pri:0, instance:MedWebsite.DirectoriesPage@7a4ccb53]" started-at="2021-01-27T22:11:20 EET" name="Started" finished-at="2021-01-27T22:11:20 EET" duration-ms="272" status="PASS">
          <reporter-output>
          </reporter-output>
        </test-method> <!-- Started -->
        <test-method is-config="true" signature="setup(java.lang.reflect.Method)[pri:0, instance:MedWebsite.DirectoriesPage@7a4ccb53]" started-at="2021-01-27T22:11:20 EET" name="setup" finished-at="2021-01-27T22:11:33 EET" duration-ms="12445" status="PASS">
          <params>
            <param index="0">
              <value>
                <![CDATA[public void MedWebsite.DirectoriesPage.HospitalChecked()]]>
              </value>
            </param>
          </params>
          <reporter-output>
          </reporter-output>
        </test-method> <!-- setup -->
        <test-method signature="HospitalChecked()[pri:1, instance:MedWebsite.DirectoriesPage@7a4ccb53]" started-at="2021-01-27T22:11:33 EET" name="HospitalChecked" finished-at="2021-01-27T22:11:40 EET" duration-ms="7595" status="PASS">
          <reporter-output>
          </reporter-output>
        </test-method> <!-- HospitalChecked -->
        <test-method is-config="true" signature="teardown(org.testng.ITestResult, java.lang.reflect.Method)[pri:0, instance:MedWebsite.DirectoriesPage@7a4ccb53]" started-at="2021-01-27T22:11:40 EET" name="teardown" finished-at="2021-01-27T22:11:43 EET" duration-ms="2866" status="PASS">
          <params>
            <param index="0">
              <value>
                <![CDATA[[TestResult name=HospitalChecked status=SUCCESS method=DirectoriesPage.HospitalChecked()[pri:1, instance:MedWebsite.DirectoriesPage@7a4ccb53] output={null}]]]>
              </value>
            </param>
            <param index="1">
              <value>
                <![CDATA[public void MedWebsite.DirectoriesPage.HospitalChecked()]]>
              </value>
            </param>
          </params>
          <reporter-output>
          </reporter-output>
        </test-method> <!-- teardown -->
        <test-method is-config="true" signature="finishd()[pri:0, instance:MedWebsite.DirectoriesPage@7a4ccb53]" started-at="2021-01-27T22:11:43 EET" name="finishd" finished-at="2021-01-27T22:11:44 EET" duration-ms="392" status="PASS">
          <reporter-output>
          </reporter-output>
        </test-method> <!-- finishd -->
      </class> <!-- MedWebsite.DirectoriesPage -->
    </test> <!-- Default test -->
  </suite> <!-- Default suite -->
</testng-results>
