<?xml version="1.0" encoding="UTF-8"?>
<!-- Generated by org.testng.reporters.JUnitReportReporter -->
<testsuite hostname="DESKTOP-LPDGG0M" failures="0" tests="7" name="MedWebsite.MyAccountPage" time="195.694" errors="0" timestamp="2021-01-13T22:29:20 EET" skipped="0">
  <testcase classname="MedWebsite.MyAccountPage" name="RecentOrdersCheck" time="24.971"/>
  <system-out/>
  <testcase classname="MedWebsite.MyAccountPage" name="MyOrdersCheck" time="27.660"/>
  <system-out/>
  <testcase classname="MedWebsite.MyAccountPage" name="MyWishlistCheck" time="30.827"/>
  <system-out/>
  <testcase classname="MedWebsite.MyAccountPage" name="MyReviwesCheck" time="25.777"/>
  <system-out/>
  <testcase classname="MedWebsite.MyAccountPage" name="MyAddressCheck" time="28.644"/>
  <system-out/>
  <testcase classname="MedWebsite.MyAccountPage" name="MyProfileCheck" time="30.534"/>
  <system-out/>
  <testcase classname="MedWebsite.MyAccountPage" name="LogOutCheck" time="27.281"/>
  <system-out/>
</testsuite> <!-- MedWebsite.MyAccountPage -->
