<?xml version="1.0" encoding="UTF-8"?>
<!-- Generated by org.testng.reporters.JUnitReportReporter -->
<testsuite hostname="DESKTOP-LPDGG0M" failures="0" tests="9" name="MedDashborad.AdminPanelBrand" time="24.945" errors="0" timestamp="2020-12-31T12:15:55 EET" skipped="8">
  <testcase classname="MedDashborad.AdminPanelBrand" name="AddBrand" time="24.945"/>
  <system-out/>
  <testcase classname="MedDashborad.AdminPanelBrand" name="ShowEntries">
    <skipped/>
  </testcase> <!-- ShowEntries -->
  <system-out/>
  <testcase classname="MedDashborad.AdminPanelBrand" name="DeleteButton">
    <skipped/>
  </testcase> <!-- DeleteButton -->
  <system-out/>
  <testcase classname="MedDashborad.AdminPanelBrand" name="EditButton">
    <skipped/>
  </testcase> <!-- EditButton -->
  <system-out/>
  <testcase classname="MedDashborad.AdminPanelBrand" name="SearchTextBox">
    <skipped/>
  </testcase> <!-- SearchTextBox -->
  <system-out/>
  <testcase classname="MedDashborad.AdminPanelBrand" name="DownloadPDF">
    <skipped/>
  </testcase> <!-- DownloadPDF -->
  <system-out/>
  <testcase classname="MedDashborad.AdminPanelBrand" name="DownloadExcel">
    <skipped/>
  </testcase> <!-- DownloadExcel -->
  <system-out/>
  <testcase classname="MedDashborad.AdminPanelBrand" name="ShowButton">
    <skipped/>
  </testcase> <!-- ShowButton -->
  <system-out/>
  <testcase classname="MedDashborad.AdminPanelBrand" name="DownloadCSV">
    <skipped/>
  </testcase> <!-- DownloadCSV -->
  <system-out/>
</testsuite> <!-- MedDashborad.AdminPanelBrand -->
