<?xml version="1.0" encoding="UTF-8"?>
<!-- Generated by org.testng.reporters.JUnitReportReporter -->
<testsuite hostname="DESKTOP-LPDGG0M" failures="0" tests="15" name="MedWebsite.HomePage" time="263.370" errors="0" timestamp="2021-01-09T19:53:52 EET" skipped="0">
  <testcase classname="MedWebsite.HomePage" name="LanguageButtonCheck" time="17.556"/>
  <system-out/>
  <testcase classname="MedWebsite.HomePage" name="PhoneNumberCheck" time="19.130"/>
  <system-out/>
  <testcase classname="MedWebsite.HomePage" name="ContuctCheck" time="25.352"/>
  <system-out/>
  <testcase classname="MedWebsite.HomePage" name="FacebookCheck" time="16.237"/>
  <system-out/>
  <testcase classname="MedWebsite.HomePage" name="LinkedInCheck" time="15.500"/>
  <system-out/>
  <testcase classname="MedWebsite.HomePage" name="TwitterCheck" time="15.469"/>
  <system-out/>
  <testcase classname="MedWebsite.HomePage" name="InstagrameCheck" time="16.394"/>
  <system-out/>
  <testcase classname="MedWebsite.HomePage" name="SnapchatCheck" time="18.338"/>
  <system-out/>
  <testcase classname="MedWebsite.HomePage" name="AboutUsCheck" time="15.317"/>
  <system-out/>
  <testcase classname="MedWebsite.HomePage" name="DirectoriesCheck" time="14.290"/>
  <system-out/>
  <testcase classname="MedWebsite.HomePage" name="ServicesCheck" time="17.498"/>
  <system-out/>
  <testcase classname="MedWebsite.HomePage" name="BlogsNewsCheck" time="22.654"/>
  <system-out/>
  <testcase classname="MedWebsite.HomePage" name="MedicalTourisumCheck" time="16.222"/>
  <system-out/>
  <testcase classname="MedWebsite.HomePage" name="MyCartCheck" time="16.727"/>
  <system-out/>
  <testcase classname="MedWebsite.HomePage" name="SearchCheck" time="16.686"/>
  <system-out/>
</testsuite> <!-- MedWebsite.HomePage -->
