<?xml version="1.0" encoding="UTF-8"?>
<!-- Generated by org.testng.reporters.JUnitReportReporter -->
<testsuite hostname="DESKTOP-LPDGG0M" failures="0" tests="9" name="MedDashborad.AdminPanelBrand" time="167.681" errors="0" timestamp="2021-01-02T16:37:05 EET" skipped="1">
  <testcase classname="MedDashborad.AdminPanelBrand" name="ShowEntries" time="18.226"/>
  <system-out/>
  <testcase classname="MedDashborad.AdminPanelBrand" name="SearchTextBox" time="32.517"/>
  <system-out/>
  <testcase classname="MedDashborad.AdminPanelBrand" name="ShowButton" time="18.983"/>
  <system-out/>
  <testcase classname="MedDashborad.AdminPanelBrand" name="EditButton" time="22.369"/>
  <system-out/>
  <testcase classname="MedDashborad.AdminPanelBrand" name="DownloadPDF" time="17.804"/>
  <system-out/>
  <testcase classname="MedDashborad.AdminPanelBrand" name="DownloadCSV" time="18.307"/>
  <system-out/>
  <testcase classname="MedDashborad.AdminPanelBrand" name="DownloadExcel" time="17.370"/>
  <system-out/>
  <testcase classname="MedDashborad.AdminPanelBrand" name="AddBrand" time="22.105"/>
  <system-out/>
  <testcase classname="MedDashborad.AdminPanelBrand" name="DeleteButton">
    <skipped/>
  </testcase> <!-- DeleteButton -->
  <system-out/>
</testsuite> <!-- MedDashborad.AdminPanelBrand -->
