<?xml version="1.0" encoding="UTF-8"?>
<!-- Generated by org.testng.reporters.JUnitReportReporter -->
<testsuite hostname="DESKTOP-LPDGG0M" failures="0" tests="3" name="MedWebsite.HomePage" time="127.099" errors="0" timestamp="2021-01-26T20:54:49 EET" skipped="0">
  <testcase classname="MedWebsite.HomePage" name="HosptialCheck" time="51.810"/>
  <system-out/>
  <testcase classname="MedWebsite.HomePage" name="VendorCheck" time="28.570"/>
  <system-out/>
  <testcase classname="MedWebsite.HomePage" name="LatestNews" time="46.719"/>
  <system-out/>
</testsuite> <!-- MedWebsite.HomePage -->
