<?xml version="1.0" encoding="UTF-8"?>
<!-- Generated by org.testng.reporters.JUnitReportReporter -->
<testsuite hostname="DESKTOP-LPDGG0M" failures="0" tests="9" name="MedDashborad.AdminPanelTender" time="188.473" errors="0" timestamp="2021-01-02T19:31:51 EET" skipped="0">
  <testcase classname="MedDashborad.AdminPanelTender" name="SearchTextBox" time="18.072"/>
  <system-out/>
  <testcase classname="MedDashborad.AdminPanelTender" name="ShowEntries" time="18.647"/>
  <system-out/>
  <testcase classname="MedDashborad.AdminPanelTender" name="ShowButton" time="37.378"/>
  <system-out/>
  <testcase classname="MedDashborad.AdminPanelTender" name="EditButton" time="19.160"/>
  <system-out/>
  <testcase classname="MedDashborad.AdminPanelTender" name="DownloadPDF" time="17.403"/>
  <system-out/>
  <testcase classname="MedDashborad.AdminPanelTender" name="DownloadCSV" time="17.932"/>
  <system-out/>
  <testcase classname="MedDashborad.AdminPanelTender" name="DownloadExcel" time="18.960"/>
  <system-out/>
  <testcase classname="MedDashborad.AdminPanelTender" name="AddNewTender" time="20.708"/>
  <system-out/>
  <testcase classname="MedDashborad.AdminPanelTender" name="DeleteButton" time="20.213"/>
  <system-out/>
</testsuite> <!-- MedDashborad.AdminPanelTender -->
