<?xml version="1.0" encoding="UTF-8"?>
<!-- Generated by org.testng.reporters.JUnitReportReporter -->
<testsuite hostname="DESKTOP-LPDGG0M" failures="0" tests="9" name="MedDashborad.AdminPanelOurPartners" time="353.590" errors="0" timestamp="2021-01-04T22:04:15 EET" skipped="0">
  <testcase classname="MedDashborad.AdminPanelOurPartners" name="ShowEntiersOurPartners" time="28.517"/>
  <system-out/>
  <testcase classname="MedDashborad.AdminPanelOurPartners" name="SearchTextBoxOurPartners" time="20.481"/>
  <system-out/>
  <testcase classname="MedDashborad.AdminPanelOurPartners" name="ShowButtonOurPartners" time="30.300"/>
  <system-out/>
  <testcase classname="MedDashborad.AdminPanelOurPartners" name="EditButtonOurPartners" time="27.130"/>
  <system-out/>
  <testcase classname="MedDashborad.AdminPanelOurPartners" name="DownloadPDFOurPartners" time="20.412"/>
  <system-out/>
  <testcase classname="MedDashborad.AdminPanelOurPartners" name="DownloadCSVOurPartners" time="31.041"/>
  <system-out/>
  <testcase classname="MedDashborad.AdminPanelOurPartners" name="DownloadExcelOurPartners" time="57.710"/>
  <system-out/>
  <testcase classname="MedDashborad.AdminPanelOurPartners" name="AddOurPartners" time="46.863"/>
  <system-out/>
  <testcase classname="MedDashborad.AdminPanelOurPartners" name="DeleteButtonOurPartners" time="91.136"/>
  <system-out/>
</testsuite> <!-- MedDashborad.AdminPanelOurPartners -->
