<?xml version="1.0" encoding="UTF-8"?>
<!-- Generated by org.testng.reporters.JUnitReportReporter -->
<testsuite hostname="DESKTOP-LPDGG0M" failures="0" tests="7" name="MedDashborad.AdminPanelproducts" time="60.198" errors="0" timestamp="2020-12-31T11:57:12 EET" skipped="4">
  <testcase classname="MedDashborad.AdminPanelproducts" name="DownloadPDF" time="18.670"/>
  <system-out/>
  <testcase classname="MedDashborad.AdminPanelproducts" name="DownloadCSV" time="21.550"/>
  <system-out/>
  <testcase classname="MedDashborad.AdminPanelproducts" name="DownloadExcel" time="19.978"/>
  <system-out/>
  <testcase classname="MedDashborad.AdminPanelproducts" name="EditButton">
    <skipped/>
  </testcase> <!-- EditButton -->
  <system-out/>
  <testcase classname="MedDashborad.AdminPanelproducts" name="deletebutton">
    <skipped/>
  </testcase> <!-- deletebutton -->
  <system-out/>
  <testcase classname="MedDashborad.AdminPanelproducts" name="ShowButton">
    <skipped/>
  </testcase> <!-- ShowButton -->
  <system-out/>
  <testcase classname="MedDashborad.AdminPanelproducts" name="AddCategory">
    <skipped/>
  </testcase> <!-- AddCategory -->
  <system-out/>
</testsuite> <!-- MedDashborad.AdminPanelproducts -->
