<?xml version="1.0" encoding="UTF-8"?>
<!-- Generated by org.testng.reporters.JUnitReportReporter -->
<testsuite hostname="DESKTOP-LPDGG0M" failures="0" tests="2" name="MedDashborad.AdminPanelOurPartners" time="60.516" errors="0" timestamp="2021-01-04T12:39:12 EET" skipped="0">
  <testcase classname="MedDashborad.AdminPanelOurPartners" name="ShowEntiersOurPartners" time="26.004"/>
  <system-out/>
  <testcase classname="MedDashborad.AdminPanelOurPartners" name="SearchTextBoxOurPartners" time="34.512"/>
  <system-out/>
</testsuite> <!-- MedDashborad.AdminPanelOurPartners -->
