<?xml version="1.0" encoding="UTF-8"?>
<!-- Generated by org.testng.reporters.JUnitReportReporter -->
<testsuite hostname="DESKTOP-LPDGG0M" failures="0" tests="2" name="MedWebsite.ShopNowPage" time="31.829" errors="0" timestamp="2021-01-15T17:42:32 EET" skipped="1">
  <testcase classname="MedWebsite.ShopNowPage" name="CheckOutCheck" time="31.829"/>
  <system-out/>
  <testcase classname="MedWebsite.ShopNowPage" name="CopounCheck">
    <skipped/>
  </testcase> <!-- CopounCheck -->
  <system-out/>
</testsuite> <!-- MedWebsite.ShopNowPage -->
