<?xml version="1.0" encoding="UTF-8"?>
<!-- Generated by org.testng.reporters.JUnitReportReporter -->
<testsuite hostname="DESKTOP-LPDGG0M" failures="0" tests="8" name="MedWebsite.RegisterandLogIn" time="163.102" errors="0" timestamp="2021-01-22T17:22:01 EET" skipped="0">
  <testcase classname="MedWebsite.RegisterandLogIn" name="RegisterCheck" time="24.822"/>
  <system-out/>
  <testcase classname="MedWebsite.RegisterandLogIn" name="LogInCheck" time="19.040"/>
  <system-out/>
  <testcase classname="MedWebsite.RegisterandLogIn" name="PolicyCheck" time="20.216"/>
  <system-out/>
  <testcase classname="MedWebsite.RegisterandLogIn" name="loginDifferentCases" time="16.046"/>
  <system-out/>
  <testcase classname="MedWebsite.RegisterandLogIn" name="loginDifferentCases" time="16.888"/>
  <system-out/>
  <testcase classname="MedWebsite.RegisterandLogIn" name="loginDifferentCases" time="18.932"/>
  <system-out/>
  <testcase classname="MedWebsite.RegisterandLogIn" name="loginDifferentCases" time="18.369"/>
  <system-out/>
  <testcase classname="MedWebsite.RegisterandLogIn" name="ForgetpassCheck" time="28.789"/>
  <system-out/>
</testsuite> <!-- MedWebsite.RegisterandLogIn -->
