<?xml version="1.0" encoding="UTF-8"?>
<!-- Generated by org.testng.reporters.JUnitReportReporter -->
<testsuite hostname="DESKTOP-LPDGG0M" failures="0" tests="5" name="MedDashborad.AdminPanelproducts" time="29.682" errors="0" timestamp="2020-12-30T22:09:09 EET" skipped="4">
  <testcase classname="MedDashborad.AdminPanelproducts" name="AddNew" time="29.682"/>
  <system-out/>
  <testcase classname="MedDashborad.AdminPanelproducts" name="EditButton">
    <skipped/>
  </testcase> <!-- EditButton -->
  <system-out/>
  <testcase classname="MedDashborad.AdminPanelproducts" name="deletebutton">
    <skipped/>
  </testcase> <!-- deletebutton -->
  <system-out/>
  <testcase classname="MedDashborad.AdminPanelproducts" name="ShowButton">
    <skipped/>
  </testcase> <!-- ShowButton -->
  <system-out/>
  <testcase classname="MedDashborad.AdminPanelproducts" name="AddCategory">
    <skipped/>
  </testcase> <!-- AddCategory -->
  <system-out/>
</testsuite> <!-- MedDashborad.AdminPanelproducts -->
