<?xml version="1.0" encoding="UTF-8"?>
<!-- Generated by org.testng.reporters.JUnitReportReporter -->
<testsuite hostname="DESKTOP-LPDGG0M" failures="0" tests="40" name="MedWebsite.HomePage" time="84.471" errors="1" timestamp="2021-01-11T22:11:50 EET" skipped="36">
  <testcase classname="MedWebsite.HomePage" name="HelpPageAdvancedSearch" time="29.521">
    <error message="no such element: Unable to locate element: {&quot;method&quot;:&quot;xpath&quot;,&quot;selector&quot;:&quot;//li[text()=&#039;Advanced Search&#039;]&quot;}
  (Session info: chrome=87.0.4280.88)
For documentation on this error, please visit: https://www.seleniumhq.org/exceptions/no_such_element.html
Build info: version: &#039;3.141.59&#039;, revision: &#039;e82be7d358&#039;, time: &#039;2018-11-14T08:25:48&#039;
System info: host: &#039;DESKTOP-LPDGG0M&#039;, ip: &#039;192.168.1.130&#039;, os.name: &#039;Windows 10&#039;, os.arch: &#039;amd64&#039;, os.version: &#039;10.0&#039;, java.version: &#039;14.0.2&#039;
Driver info: org.openqa.selenium.chrome.ChromeDriver
Capabilities {acceptInsecureCerts: false, browserName: chrome, browserVersion: 87.0.4280.88, chrome: {chromedriverVersion: 87.0.4280.88 (89e2380a3e36c..., userDataDir: C:\Users\ahmad\AppData\Loca...}, goog:chromeOptions: {debuggerAddress: localhost:53944}, javascriptEnabled: true, networkConnectionEnabled: false, pageLoadStrategy: normal, platform: WINDOWS, platformName: WINDOWS, proxy: Proxy(), setWindowRect: true, strictFileInteractability: false, timeouts: {implicit: 0, pageLoad: 300000, script: 30000}, unhandledPromptBehavior: dismiss and notify, webauthn:virtualAuthenticators: true}
Session ID: af6832d92d9a1d5783c1c234292799a5
*** Element info: {Using=xpath, value=//li[text()=&#039;Advanced Search&#039;]}" type="org.openqa.selenium.NoSuchElementException">
      <![CDATA[org.openqa.selenium.NoSuchElementException: no such element: Unable to locate element: {"method":"xpath","selector":"//li[text()='Advanced Search']"}
  (Session info: chrome=87.0.4280.88)
For documentation on this error, please visit: https://www.seleniumhq.org/exceptions/no_such_element.html
Build info: version: '3.141.59', revision: 'e82be7d358', time: '2018-11-14T08:25:48'
System info: host: 'DESKTOP-LPDGG0M', ip: '192.168.1.130', os.name: 'Windows 10', os.arch: 'amd64', os.version: '10.0', java.version: '14.0.2'
Driver info: org.openqa.selenium.chrome.ChromeDriver
Capabilities {acceptInsecureCerts: false, browserName: chrome, browserVersion: 87.0.4280.88, chrome: {chromedriverVersion: 87.0.4280.88 (89e2380a3e36c..., userDataDir: C:\Users\ahmad\AppData\Loca...}, goog:chromeOptions: {debuggerAddress: localhost:53944}, javascriptEnabled: true, networkConnectionEnabled: false, pageLoadStrategy: normal, platform: WINDOWS, platformName: WINDOWS, proxy: Proxy(), setWindowRect: true, strictFileInteractability: false, timeouts: {implicit: 0, pageLoad: 300000, script: 30000}, unhandledPromptBehavior: dismiss and notify, webauthn:virtualAuthenticators: true}
Session ID: af6832d92d9a1d5783c1c234292799a5
*** Element info: {Using=xpath, value=//li[text()='Advanced Search']}
at java.base/jdk.internal.reflect.NativeConstructorAccessorImpl.newInstance0(Native Method)
at java.base/jdk.internal.reflect.NativeConstructorAccessorImpl.newInstance(NativeConstructorAccessorImpl.java:62)
at java.base/jdk.internal.reflect.DelegatingConstructorAccessorImpl.newInstance(DelegatingConstructorAccessorImpl.java:45)
at java.base/java.lang.reflect.Constructor.newInstanceWithCaller(Constructor.java:500)
at java.base/java.lang.reflect.Constructor.newInstance(Constructor.java:481)
at org.openqa.selenium.remote.http.W3CHttpResponseCodec.createException(W3CHttpResponseCodec.java:187)
at org.openqa.selenium.remote.http.W3CHttpResponseCodec.decode(W3CHttpResponseCodec.java:122)
at org.openqa.selenium.remote.http.W3CHttpResponseCodec.decode(W3CHttpResponseCodec.java:49)
at org.openqa.selenium.remote.HttpCommandExecutor.execute(HttpCommandExecutor.java:158)
at org.openqa.selenium.remote.service.DriverCommandExecutor.execute(DriverCommandExecutor.java:83)
at org.openqa.selenium.remote.RemoteWebDriver.execute(RemoteWebDriver.java:552)
at org.openqa.selenium.remote.RemoteWebDriver.findElement(RemoteWebDriver.java:323)
at org.openqa.selenium.remote.RemoteWebDriver.findElementByXPath(RemoteWebDriver.java:428)
at org.openqa.selenium.By$ByXPath.findElement(By.java:353)
at org.openqa.selenium.remote.RemoteWebDriver.findElement(RemoteWebDriver.java:315)
at MedWebsite.HomePage.HelpPageAdvancedSearch(HomePage.java:399)
at java.base/jdk.internal.reflect.NativeMethodAccessorImpl.invoke0(Native Method)
at java.base/jdk.internal.reflect.NativeMethodAccessorImpl.invoke(NativeMethodAccessorImpl.java:62)
at java.base/jdk.internal.reflect.DelegatingMethodAccessorImpl.invoke(DelegatingMethodAccessorImpl.java:43)
at java.base/java.lang.reflect.Method.invoke(Method.java:564)
at org.testng.internal.MethodInvocationHelper.invokeMethod(MethodInvocationHelper.java:132)
at org.testng.internal.TestInvoker.invokeMethod(TestInvoker.java:599)
at org.testng.internal.TestInvoker.invokeTestMethod(TestInvoker.java:174)
at org.testng.internal.MethodRunner.runInSequence(MethodRunner.java:46)
at org.testng.internal.TestInvoker$MethodInvocationAgent.invoke(TestInvoker.java:822)
at org.testng.internal.TestInvoker.invokeTestMethods(TestInvoker.java:147)
at org.testng.internal.TestMethodWorker.invokeTestMethods(TestMethodWorker.java:146)
at org.testng.internal.TestMethodWorker.run(TestMethodWorker.java:128)
at java.base/java.util.ArrayList.forEach(ArrayList.java:1511)
at org.testng.TestRunner.privateRun(TestRunner.java:764)
at org.testng.TestRunner.run(TestRunner.java:585)
at org.testng.SuiteRunner.runTest(SuiteRunner.java:384)
at org.testng.SuiteRunner.runSequentially(SuiteRunner.java:378)
at org.testng.SuiteRunner.privateRun(SuiteRunner.java:337)
at org.testng.SuiteRunner.run(SuiteRunner.java:286)
at org.testng.SuiteRunnerWorker.runSuite(SuiteRunnerWorker.java:53)
at org.testng.SuiteRunnerWorker.run(SuiteRunnerWorker.java:96)
at org.testng.TestNG.runSuitesSequentially(TestNG.java:1218)
at org.testng.TestNG.runSuitesLocally(TestNG.java:1140)
at org.testng.TestNG.runSuites(TestNG.java:1069)
at org.testng.TestNG.run(TestNG.java:1037)
at org.testng.remote.AbstractRemoteTestNG.run(AbstractRemoteTestNG.java:115)
at org.testng.remote.RemoteTestNG.initAndRun(RemoteTestNG.java:251)
at org.testng.remote.RemoteTestNG.main(RemoteTestNG.java:77)
]]>
    </error>
  </testcase> <!-- HelpPageAdvancedSearch -->
  <system-out/>
  <testcase classname="MedWebsite.HomePage" name="HelpPageHelpFaqs" time="19.009"/>
  <system-out/>
  <testcase classname="MedWebsite.HomePage" name="HelpPageStoreLocation" time="18.578"/>
  <system-out/>
  <testcase classname="MedWebsite.HomePage" name="HelpPageOrdersReturns" time="17.363"/>
  <system-out/>
  <testcase classname="MedWebsite.HomePage" name="AboutUsCheck">
    <skipped/>
  </testcase> <!-- AboutUsCheck -->
  <system-out/>
  <testcase classname="MedWebsite.HomePage" name="OurPartnersCheck">
    <skipped/>
  </testcase> <!-- OurPartnersCheck -->
  <system-out/>
  <testcase classname="MedWebsite.HomePage" name="ConnectWithUsFacebook">
    <skipped/>
  </testcase> <!-- ConnectWithUsFacebook -->
  <system-out/>
  <testcase classname="MedWebsite.HomePage" name="HosptialCheck">
    <skipped/>
  </testcase> <!-- HosptialCheck -->
  <system-out/>
  <testcase classname="MedWebsite.HomePage" name="OurMissionCheck">
    <skipped/>
  </testcase> <!-- OurMissionCheck -->
  <system-out/>
  <testcase classname="MedWebsite.HomePage" name="HelpPageCheck">
    <skipped/>
  </testcase> <!-- HelpPageCheck -->
  <system-out/>
  <testcase classname="MedWebsite.HomePage" name="ConnectWithUsLinkedIn">
    <skipped/>
  </testcase> <!-- ConnectWithUsLinkedIn -->
  <system-out/>
  <testcase classname="MedWebsite.HomePage" name="ConnectWithUsTwitter">
    <skipped/>
  </testcase> <!-- ConnectWithUsTwitter -->
  <system-out/>
  <testcase classname="MedWebsite.HomePage" name="PhoneNumberCheck">
    <skipped/>
  </testcase> <!-- PhoneNumberCheck -->
  <system-out/>
  <testcase classname="MedWebsite.HomePage" name="MyCartCheck">
    <skipped/>
  </testcase> <!-- MyCartCheck -->
  <system-out/>
  <testcase classname="MedWebsite.HomePage" name="LinkedInCheck">
    <skipped/>
  </testcase> <!-- LinkedInCheck -->
  <system-out/>
  <testcase classname="MedWebsite.HomePage" name="InstagrameCheck">
    <skipped/>
  </testcase> <!-- InstagrameCheck -->
  <system-out/>
  <testcase classname="MedWebsite.HomePage" name="OurVisionCheck">
    <skipped/>
  </testcase> <!-- OurVisionCheck -->
  <system-out/>
  <testcase classname="MedWebsite.HomePage" name="HelpPageRefundsReturns">
    <skipped/>
  </testcase> <!-- HelpPageRefundsReturns -->
  <system-out/>
  <testcase classname="MedWebsite.HomePage" name="HelpPageDeliveries">
    <skipped/>
  </testcase> <!-- HelpPageDeliveries -->
  <system-out/>
  <testcase classname="MedWebsite.HomePage" name="BlogsNewsCheck">
    <skipped/>
  </testcase> <!-- BlogsNewsCheck -->
  <system-out/>
  <testcase classname="MedWebsite.HomePage" name="SearchCheck">
    <skipped/>
  </testcase> <!-- SearchCheck -->
  <system-out/>
  <testcase classname="MedWebsite.HomePage" name="HelpPageCareers">
    <skipped/>
  </testcase> <!-- HelpPageCareers -->
  <system-out/>
  <testcase classname="MedWebsite.HomePage" name="HelpPageInformation">
    <skipped/>
  </testcase> <!-- HelpPageInformation -->
  <system-out/>
  <testcase classname="MedWebsite.HomePage" name="MedicalTourisumCheck">
    <skipped/>
  </testcase> <!-- MedicalTourisumCheck -->
  <system-out/>
  <testcase classname="MedWebsite.HomePage" name="OurValueCheck">
    <skipped/>
  </testcase> <!-- OurValueCheck -->
  <system-out/>
  <testcase classname="MedWebsite.HomePage" name="ShopNowCheck">
    <skipped/>
  </testcase> <!-- ShopNowCheck -->
  <system-out/>
  <testcase classname="MedWebsite.HomePage" name="ConnectWithUsGoogle">
    <skipped/>
  </testcase> <!-- ConnectWithUsGoogle -->
  <system-out/>
  <testcase classname="MedWebsite.HomePage" name="ConsultancyCheck">
    <skipped/>
  </testcase> <!-- ConsultancyCheck -->
  <system-out/>
  <testcase classname="MedWebsite.HomePage" name="VendorCheck">
    <skipped/>
  </testcase> <!-- VendorCheck -->
  <system-out/>
  <testcase classname="MedWebsite.HomePage" name="ContuctCheck">
    <skipped/>
  </testcase> <!-- ContuctCheck -->
  <system-out/>
  <testcase classname="MedWebsite.HomePage" name="HelpPageShippingDetails">
    <skipped/>
  </testcase> <!-- HelpPageShippingDetails -->
  <system-out/>
  <testcase classname="MedWebsite.HomePage" name="SubscribNow">
    <skipped/>
  </testcase> <!-- SubscribNow -->
  <system-out/>
  <testcase classname="MedWebsite.HomePage" name="FacebookCheck">
    <skipped/>
  </testcase> <!-- FacebookCheck -->
  <system-out/>
  <testcase classname="MedWebsite.HomePage" name="HelpPagePrivacyPolicy">
    <skipped/>
  </testcase> <!-- HelpPagePrivacyPolicy -->
  <system-out/>
  <testcase classname="MedWebsite.HomePage" name="TwitterCheck">
    <skipped/>
  </testcase> <!-- TwitterCheck -->
  <system-out/>
  <testcase classname="MedWebsite.HomePage" name="LanguageButtonCheck">
    <skipped/>
  </testcase> <!-- LanguageButtonCheck -->
  <system-out/>
  <testcase classname="MedWebsite.HomePage" name="DirectoriesCheck">
    <skipped/>
  </testcase> <!-- DirectoriesCheck -->
  <system-out/>
  <testcase classname="MedWebsite.HomePage" name="SnapchatCheck">
    <skipped/>
  </testcase> <!-- SnapchatCheck -->
  <system-out/>
  <testcase classname="MedWebsite.HomePage" name="ServicesCheck">
    <skipped/>
  </testcase> <!-- ServicesCheck -->
  <system-out/>
  <testcase classname="MedWebsite.HomePage" name="HelpPageAboutUs">
    <skipped/>
  </testcase> <!-- HelpPageAboutUs -->
  <system-out/>
</testsuite> <!-- MedWebsite.HomePage -->
