<?xml version="1.0" encoding="UTF-8"?>
<!-- Generated by org.testng.reporters.JUnitReportReporter -->
<testsuite hostname="DESKTOP-LPDGG0M" failures="0" tests="6" name="MedWebsite.ShopNowPage" time="63.091" errors="0" timestamp="2021-01-20T20:07:08 EET" skipped="5">
  <testcase classname="MedWebsite.ShopNowPage" name="PriceFilter" time="63.091"/>
  <system-out/>
  <testcase classname="MedWebsite.ShopNowPage" name="ShopNowCheck">
    <skipped/>
  </testcase> <!-- ShopNowCheck -->
  <system-out/>
  <testcase classname="MedWebsite.ShopNowPage" name="ShopByBrand">
    <skipped/>
  </testcase> <!-- ShopByBrand -->
  <system-out/>
  <testcase classname="MedWebsite.ShopNowPage" name="ShopByCategory">
    <skipped/>
  </testcase> <!-- ShopByCategory -->
  <system-out/>
  <testcase classname="MedWebsite.ShopNowPage" name="AddReviewCheck">
    <skipped/>
  </testcase> <!-- AddReviewCheck -->
  <system-out/>
  <testcase classname="MedWebsite.ShopNowPage" name="ShopByMaterial">
    <skipped/>
  </testcase> <!-- ShopByMaterial -->
  <system-out/>
</testsuite> <!-- MedWebsite.ShopNowPage -->
