<?xml version="1.0" encoding="UTF-8"?>
<!-- Generated by org.testng.reporters.JUnitReportReporter -->
<testsuite hostname="DESKTOP-LPDGG0M" failures="0" tests="3" name="MedHubProject.AdminPanel" time="64.804" errors="0" timestamp="2020-12-29T22:46:05 EET" skipped="1">
  <testcase classname="MedHubProject.AdminPanel" name="EditButton" time="37.007"/>
  <system-out/>
  <testcase classname="MedHubProject.AdminPanel" name="ShowButton" time="27.797"/>
  <system-out/>
  <testcase classname="MedHubProject.AdminPanel" name="DeleteButton">
    <skipped/>
  </testcase> <!-- DeleteButton -->
  <system-out/>
</testsuite> <!-- MedHubProject.AdminPanel -->
