<?xml version="1.0" encoding="UTF-8"?>
<!-- Generated by org.testng.reporters.JUnitReportReporter -->
<testsuite hostname="DESKTOP-LPDGG0M" failures="0" tests="3" name="MedHubProject.LogInPage" time="42.980" errors="0" timestamp="2020-12-28T22:05:33 EET" skipped="1">
  <testcase classname="MedHubProject.LogInPage" name="SignUpCheck" time="24.699"/>
  <system-out/>
  <testcase classname="MedHubProject.LogInPage" name="FailedLogInCheck" time="18.281"/>
  <system-out/>
  <testcase classname="MedHubProject.LogInPage" name="LogInCheck">
    <skipped/>
  </testcase> <!-- LogInCheck -->
  <system-out/>
</testsuite> <!-- MedHubProject.LogInPage -->
