<?xml version="1.0" encoding="UTF-8"?>
<!-- Generated by org.testng.reporters.JUnitReportReporter -->
<testsuite hostname="DESKTOP-LPDGG0M" failures="0" tests="9" name="MedDashborad.AdminPanelCity" time="22.551" errors="0" timestamp="2021-01-01T18:18:56 EET" skipped="8">
  <testcase classname="MedDashborad.AdminPanelCity" name="DeleteButton" time="22.551"/>
  <system-out/>
  <testcase classname="MedDashborad.AdminPanelCity" name="EditButton">
    <skipped/>
  </testcase> <!-- EditButton -->
  <system-out/>
  <testcase classname="MedDashborad.AdminPanelCity" name="DownloadExcel">
    <skipped/>
  </testcase> <!-- DownloadExcel -->
  <system-out/>
  <testcase classname="MedDashborad.AdminPanelCity" name="DownloadPDF">
    <skipped/>
  </testcase> <!-- DownloadPDF -->
  <system-out/>
  <testcase classname="MedDashborad.AdminPanelCity" name="SearchTextBox">
    <skipped/>
  </testcase> <!-- SearchTextBox -->
  <system-out/>
  <testcase classname="MedDashborad.AdminPanelCity" name="ShowButton">
    <skipped/>
  </testcase> <!-- ShowButton -->
  <system-out/>
  <testcase classname="MedDashborad.AdminPanelCity" name="ShowEntries">
    <skipped/>
  </testcase> <!-- ShowEntries -->
  <system-out/>
  <testcase classname="MedDashborad.AdminPanelCity" name="DownloadCSV">
    <skipped/>
  </testcase> <!-- DownloadCSV -->
  <system-out/>
  <testcase classname="MedDashborad.AdminPanelCity" name="AddNewCity">
    <skipped/>
  </testcase> <!-- AddNewCity -->
  <system-out/>
</testsuite> <!-- MedDashborad.AdminPanelCity -->
