<?xml version="1.0" encoding="UTF-8"?>
<!-- Generated by org.testng.reporters.JUnitReportReporter -->
<testsuite hostname="DESKTOP-LPDGG0M" failures="0" tests="9" name="MedDashborad.AdminPanelProduct" time="56.770" errors="0" timestamp="2021-01-01T17:28:12 EET" skipped="8">
  <testcase classname="MedDashborad.AdminPanelProduct" name="AddNewProduct" time="56.770"/>
  <system-out/>
  <testcase classname="MedDashborad.AdminPanelProduct" name="ShowEntries">
    <skipped/>
  </testcase> <!-- ShowEntries -->
  <system-out/>
  <testcase classname="MedDashborad.AdminPanelProduct" name="DownloadExcel">
    <skipped/>
  </testcase> <!-- DownloadExcel -->
  <system-out/>
  <testcase classname="MedDashborad.AdminPanelProduct" name="ShowButton">
    <skipped/>
  </testcase> <!-- ShowButton -->
  <system-out/>
  <testcase classname="MedDashborad.AdminPanelProduct" name="DownloadCSV">
    <skipped/>
  </testcase> <!-- DownloadCSV -->
  <system-out/>
  <testcase classname="MedDashborad.AdminPanelProduct" name="DeleteButton">
    <skipped/>
  </testcase> <!-- DeleteButton -->
  <system-out/>
  <testcase classname="MedDashborad.AdminPanelProduct" name="EditButton">
    <skipped/>
  </testcase> <!-- EditButton -->
  <system-out/>
  <testcase classname="MedDashborad.AdminPanelProduct" name="SearchTextBox">
    <skipped/>
  </testcase> <!-- SearchTextBox -->
  <system-out/>
  <testcase classname="MedDashborad.AdminPanelProduct" name="DownloadPDF">
    <skipped/>
  </testcase> <!-- DownloadPDF -->
  <system-out/>
</testsuite> <!-- MedDashborad.AdminPanelProduct -->
