<?xml version="1.0" encoding="UTF-8"?>
<!-- Generated by org.testng.reporters.JUnitReportReporter -->
<testsuite hostname="DESKTOP-LPDGG0M" failures="0" tests="9" name="MedDashborad.AdminPanelCategorie" time="58.605" errors="0" timestamp="2020-12-31T12:12:01 EET" skipped="7">
  <testcase classname="MedDashborad.AdminPanelCategorie" name="ShowEntries" time="38.216"/>
  <system-out/>
  <testcase classname="MedDashborad.AdminPanelCategorie" name="SearchTextBox" time="20.389"/>
  <system-out/>
  <testcase classname="MedDashborad.AdminPanelCategorie" name="DownloadExcel">
    <skipped/>
  </testcase> <!-- DownloadExcel -->
  <system-out/>
  <testcase classname="MedDashborad.AdminPanelCategorie" name="ShowButton">
    <skipped/>
  </testcase> <!-- ShowButton -->
  <system-out/>
  <testcase classname="MedDashborad.AdminPanelCategorie" name="DownloadCSV">
    <skipped/>
  </testcase> <!-- DownloadCSV -->
  <system-out/>
  <testcase classname="MedDashborad.AdminPanelCategorie" name="AddCategory">
    <skipped/>
  </testcase> <!-- AddCategory -->
  <system-out/>
  <testcase classname="MedDashborad.AdminPanelCategorie" name="EditButton">
    <skipped/>
  </testcase> <!-- EditButton -->
  <system-out/>
  <testcase classname="MedDashborad.AdminPanelCategorie" name="deletebutton">
    <skipped/>
  </testcase> <!-- deletebutton -->
  <system-out/>
  <testcase classname="MedDashborad.AdminPanelCategorie" name="DownloadPDF">
    <skipped/>
  </testcase> <!-- DownloadPDF -->
  <system-out/>
</testsuite> <!-- MedDashborad.AdminPanelCategorie -->
