<?xml version="1.0" encoding="UTF-8"?>
<!-- Generated by org.testng.reporters.JUnitReportReporter -->
<testsuite hostname="DESKTOP-LPDGG0M" failures="0" tests="24" name="MedWebsite.HomePage" time="426.989" errors="0" timestamp="2021-01-10T19:20:11 EET" skipped="1">
  <testcase classname="MedWebsite.HomePage" name="LanguageButtonCheck" time="20.917"/>
  <system-out/>
  <testcase classname="MedWebsite.HomePage" name="PhoneNumberCheck" time="15.319"/>
  <system-out/>
  <testcase classname="MedWebsite.HomePage" name="ContuctCheck" time="25.336"/>
  <system-out/>
  <testcase classname="MedWebsite.HomePage" name="FacebookCheck" time="17.918"/>
  <system-out/>
  <testcase classname="MedWebsite.HomePage" name="LinkedInCheck" time="16.235"/>
  <system-out/>
  <testcase classname="MedWebsite.HomePage" name="TwitterCheck" time="18.761"/>
  <system-out/>
  <testcase classname="MedWebsite.HomePage" name="InstagrameCheck" time="17.627"/>
  <system-out/>
  <testcase classname="MedWebsite.HomePage" name="SnapchatCheck" time="16.846"/>
  <system-out/>
  <testcase classname="MedWebsite.HomePage" name="AboutUsCheck" time="18.909"/>
  <system-out/>
  <testcase classname="MedWebsite.HomePage" name="DirectoriesCheck" time="17.073"/>
  <system-out/>
  <testcase classname="MedWebsite.HomePage" name="ServicesCheck" time="15.235"/>
  <system-out/>
  <testcase classname="MedWebsite.HomePage" name="BlogsNewsCheck" time="22.528"/>
  <system-out/>
  <testcase classname="MedWebsite.HomePage" name="MedicalTourisumCheck" time="15.407"/>
  <system-out/>
  <testcase classname="MedWebsite.HomePage" name="MyCartCheck" time="17.305"/>
  <system-out/>
  <testcase classname="MedWebsite.HomePage" name="SearchCheck" time="21.594"/>
  <system-out/>
  <testcase classname="MedWebsite.HomePage" name="ShopNowCheck" time="22.671"/>
  <system-out/>
  <testcase classname="MedWebsite.HomePage" name="HosptialCheck" time="19.132"/>
  <system-out/>
  <testcase classname="MedWebsite.HomePage" name="VendorCheck" time="27.713"/>
  <system-out/>
  <testcase classname="MedWebsite.HomePage" name="OurMissionCheck" time="17.210"/>
  <system-out/>
  <testcase classname="MedWebsite.HomePage" name="OurVisionCheck" time="15.213"/>
  <system-out/>
  <testcase classname="MedWebsite.HomePage" name="OurValueCheck" time="16.371"/>
  <system-out/>
  <testcase classname="MedWebsite.HomePage" name="OurPartnersCheck" time="15.334"/>
  <system-out/>
  <testcase classname="MedWebsite.HomePage" name="SubscribNow" time="16.335"/>
  <system-out/>
  <testcase classname="MedWebsite.HomePage" name="ConsultancyCheck">
    <skipped/>
  </testcase> <!-- ConsultancyCheck -->
  <system-out/>
</testsuite> <!-- MedWebsite.HomePage -->
