<?xml version="1.0" encoding="UTF-8"?>
<!-- Generated by org.testng.reporters.JUnitReportReporter -->
<testsuite hostname="DESKTOP-LPDGG0M" failures="0" tests="9" name="MedDashborad.AdminPanelDoctors" time="46.760" errors="0" timestamp="2021-01-05T15:42:19 EET" skipped="7">
  <testcase classname="MedDashborad.AdminPanelDoctors" name="AddDoctors" time="23.512"/>
  <system-out/>
  <testcase classname="MedDashborad.AdminPanelDoctors" name="DeleteButtonDoctors" time="23.248"/>
  <system-out/>
  <testcase classname="MedDashborad.AdminPanelDoctors" name="EditButtonDoctors">
    <skipped/>
  </testcase> <!-- EditButtonDoctors -->
  <system-out/>
  <testcase classname="MedDashborad.AdminPanelDoctors" name="SearchTextBoxDoctors">
    <skipped/>
  </testcase> <!-- SearchTextBoxDoctors -->
  <system-out/>
  <testcase classname="MedDashborad.AdminPanelDoctors" name="DownloadExcelDoctors">
    <skipped/>
  </testcase> <!-- DownloadExcelDoctors -->
  <system-out/>
  <testcase classname="MedDashborad.AdminPanelDoctors" name="ShowButtonDoctors">
    <skipped/>
  </testcase> <!-- ShowButtonDoctors -->
  <system-out/>
  <testcase classname="MedDashborad.AdminPanelDoctors" name="ShowEntiersDoctors">
    <skipped/>
  </testcase> <!-- ShowEntiersDoctors -->
  <system-out/>
  <testcase classname="MedDashborad.AdminPanelDoctors" name="DownloadCSVDoctors">
    <skipped/>
  </testcase> <!-- DownloadCSVDoctors -->
  <system-out/>
  <testcase classname="MedDashborad.AdminPanelDoctors" name="DownloadPDFDoctors">
    <skipped/>
  </testcase> <!-- DownloadPDFDoctors -->
  <system-out/>
</testsuite> <!-- MedDashborad.AdminPanelDoctors -->
