<?xml version="1.0" encoding="UTF-8"?>
<!-- Generated by org.testng.reporters.JUnitReportReporter -->
<testsuite hostname="DESKTOP-LPDGG0M" failures="0" tests="5" name="MedDashborad.AdminPanel" time="27.974" errors="0" timestamp="2020-12-30T11:50:18 EET" skipped="4">
  <testcase classname="MedDashborad.AdminPanel" name="editbutton" time="27.974"/>
  <system-out/>
  <testcase classname="MedDashborad.AdminPanel" name="DeleteButton">
    <skipped/>
  </testcase> <!-- DeleteButton -->
  <system-out/>
  <testcase classname="MedDashborad.AdminPanel" name="ShowButton">
    <skipped/>
  </testcase> <!-- ShowButton -->
  <system-out/>
  <testcase classname="MedDashborad.AdminPanel" name="EditButton">
    <skipped/>
  </testcase> <!-- EditButton -->
  <system-out/>
  <testcase classname="MedDashborad.AdminPanel" name="Showbutton">
    <skipped/>
  </testcase> <!-- Showbutton -->
  <system-out/>
</testsuite> <!-- MedDashborad.AdminPanel -->
