<?xml version="1.0" encoding="UTF-8"?>
<!-- Generated by org.testng.reporters.JUnitReportReporter -->
<testsuite hostname="DESKTOP-LPDGG0M" failures="0" tests="6" name="MedWebsite.RegisterandLogIn" time="29.624" errors="0" timestamp="2021-01-08T15:06:09 EET" skipped="5">
  <testcase classname="MedWebsite.RegisterandLogIn" name="ChattCheck" time="29.624"/>
  <system-out/>
  <testcase classname="MedWebsite.RegisterandLogIn" name="ForgetpassCheck">
    <skipped/>
  </testcase> <!-- ForgetpassCheck -->
  <system-out/>
  <testcase classname="MedWebsite.RegisterandLogIn" name="RegisterCheck">
    <skipped/>
  </testcase> <!-- RegisterCheck -->
  <system-out/>
  <testcase classname="MedWebsite.RegisterandLogIn" name="LogInCheck">
    <skipped/>
  </testcase> <!-- LogInCheck -->
  <system-out/>
  <testcase classname="MedWebsite.RegisterandLogIn" name="loginDifferentCases">
    <skipped/>
  </testcase> <!-- loginDifferentCases -->
  <system-out/>
  <testcase classname="MedWebsite.RegisterandLogIn" name="PolicyCheck">
    <skipped/>
  </testcase> <!-- PolicyCheck -->
  <system-out/>
</testsuite> <!-- MedWebsite.RegisterandLogIn -->
