<?xml version="1.0" encoding="UTF-8"?>
<!-- Generated by org.testng.reporters.JUnitReportReporter -->
<testsuite hostname="DESKTOP-LPDGG0M" failures="0" tests="9" name="MedDashborad.AdminPanelMaterials" time="24.223" errors="0" timestamp="2020-12-31T21:30:05 EET" skipped="8">
  <testcase classname="MedDashborad.AdminPanelMaterials" name="AddBrand" time="24.223"/>
  <system-out/>
  <testcase classname="MedDashborad.AdminPanelMaterials" name="EditButton">
    <skipped/>
  </testcase> <!-- EditButton -->
  <system-out/>
  <testcase classname="MedDashborad.AdminPanelMaterials" name="ShowEntries">
    <skipped/>
  </testcase> <!-- ShowEntries -->
  <system-out/>
  <testcase classname="MedDashborad.AdminPanelMaterials" name="SearchTextBox">
    <skipped/>
  </testcase> <!-- SearchTextBox -->
  <system-out/>
  <testcase classname="MedDashborad.AdminPanelMaterials" name="DownloadPDF">
    <skipped/>
  </testcase> <!-- DownloadPDF -->
  <system-out/>
  <testcase classname="MedDashborad.AdminPanelMaterials" name="DeleteButton">
    <skipped/>
  </testcase> <!-- DeleteButton -->
  <system-out/>
  <testcase classname="MedDashborad.AdminPanelMaterials" name="DownloadExcel">
    <skipped/>
  </testcase> <!-- DownloadExcel -->
  <system-out/>
  <testcase classname="MedDashborad.AdminPanelMaterials" name="ShowButton">
    <skipped/>
  </testcase> <!-- ShowButton -->
  <system-out/>
  <testcase classname="MedDashborad.AdminPanelMaterials" name="DownloadCSV">
    <skipped/>
  </testcase> <!-- DownloadCSV -->
  <system-out/>
</testsuite> <!-- MedDashborad.AdminPanelMaterials -->
