<?xml version="1.0" encoding="UTF-8"?>
<!-- Generated by org.testng.reporters.JUnitReportReporter -->
<testsuite hostname="DESKTOP-LPDGG0M" failures="0" tests="9" name="MedDashborad.AdminPanelTourisum" time="21.442" errors="0" timestamp="2021-01-04T11:29:25 EET" skipped="8">
  <testcase classname="MedDashborad.AdminPanelTourisum" name="EditButtonTourisum" time="21.442"/>
  <system-out/>
  <testcase classname="MedDashborad.AdminPanelTourisum" name="DeleteButtonTourisum">
    <skipped/>
  </testcase> <!-- DeleteButtonTourisum -->
  <system-out/>
  <testcase classname="MedDashborad.AdminPanelTourisum" name="DownloadCSVTourisum">
    <skipped/>
  </testcase> <!-- DownloadCSVTourisum -->
  <system-out/>
  <testcase classname="MedDashborad.AdminPanelTourisum" name="ShowEntiersTourisum">
    <skipped/>
  </testcase> <!-- ShowEntiersTourisum -->
  <system-out/>
  <testcase classname="MedDashborad.AdminPanelTourisum" name="SearchTextBoxTourisum">
    <skipped/>
  </testcase> <!-- SearchTextBoxTourisum -->
  <system-out/>
  <testcase classname="MedDashborad.AdminPanelTourisum" name="AddTourisum">
    <skipped/>
  </testcase> <!-- AddTourisum -->
  <system-out/>
  <testcase classname="MedDashborad.AdminPanelTourisum" name="ShowButtonTourisum">
    <skipped/>
  </testcase> <!-- ShowButtonTourisum -->
  <system-out/>
  <testcase classname="MedDashborad.AdminPanelTourisum" name="DownloadPDFTourisum">
    <skipped/>
  </testcase> <!-- DownloadPDFTourisum -->
  <system-out/>
  <testcase classname="MedDashborad.AdminPanelTourisum" name="DownloadExcelTourisum">
    <skipped/>
  </testcase> <!-- DownloadExcelTourisum -->
  <system-out/>
</testsuite> <!-- MedDashborad.AdminPanelTourisum -->
