<?xml version="1.0" encoding="UTF-8"?>
<!-- Generated by org.testng.reporters.JUnitReportReporter -->
<testsuite hostname="DESKTOP-LPDGG0M" failures="0" tests="9" name="MedDashborad.AdminPanelNews" time="38.043" errors="0" timestamp="2021-01-03T15:26:58 EET" skipped="8">
  <testcase classname="MedDashborad.AdminPanelNews" name="DeleteButton" time="38.043"/>
  <system-out/>
  <testcase classname="MedDashborad.AdminPanelNews" name="AddBlog">
    <skipped/>
  </testcase> <!-- AddBlog -->
  <system-out/>
  <testcase classname="MedDashborad.AdminPanelNews" name="DownloadCSVBlogs">
    <skipped/>
  </testcase> <!-- DownloadCSVBlogs -->
  <system-out/>
  <testcase classname="MedDashborad.AdminPanelNews" name="EditButtonBlogs">
    <skipped/>
  </testcase> <!-- EditButtonBlogs -->
  <system-out/>
  <testcase classname="MedDashborad.AdminPanelNews" name="ShowButtonBlogs">
    <skipped/>
  </testcase> <!-- ShowButtonBlogs -->
  <system-out/>
  <testcase classname="MedDashborad.AdminPanelNews" name="SearchTextBoxBlogs">
    <skipped/>
  </testcase> <!-- SearchTextBoxBlogs -->
  <system-out/>
  <testcase classname="MedDashborad.AdminPanelNews" name="DownloadPDFBlogs">
    <skipped/>
  </testcase> <!-- DownloadPDFBlogs -->
  <system-out/>
  <testcase classname="MedDashborad.AdminPanelNews" name="DownloadExcelBlogs">
    <skipped/>
  </testcase> <!-- DownloadExcelBlogs -->
  <system-out/>
  <testcase classname="MedDashborad.AdminPanelNews" name="ShowEntiersBlogs">
    <skipped/>
  </testcase> <!-- ShowEntiersBlogs -->
  <system-out/>
</testsuite> <!-- MedDashborad.AdminPanelNews -->
