<?xml version="1.0" encoding="UTF-8"?>
<!-- Generated by org.testng.reporters.JUnitReportReporter -->
<testsuite hostname="DESKTOP-LPDGG0M" failures="0" tests="8" name="MedDashborad.AdminPanelCoupon" time="154.467" errors="0" timestamp="2021-01-05T22:26:42 EET" skipped="0">
  <testcase classname="MedDashborad.AdminPanelCoupon" name="ShowEntiersCoupon" time="16.768"/>
  <system-out/>
  <testcase classname="MedDashborad.AdminPanelCoupon" name="SearchTextBoxCoupon" time="18.329"/>
  <system-out/>
  <testcase classname="MedDashborad.AdminPanelCoupon" name="ShowButtonCoupon" time="19.319"/>
  <system-out/>
  <testcase classname="MedDashborad.AdminPanelCoupon" name="DownloadPDFCoupon" time="18.234"/>
  <system-out/>
  <testcase classname="MedDashborad.AdminPanelCoupon" name="DownloadCSVCoupon" time="19.358"/>
  <system-out/>
  <testcase classname="MedDashborad.AdminPanelCoupon" name="DownloadExcelCoupon" time="19.168"/>
  <system-out/>
  <testcase classname="MedDashborad.AdminPanelCoupon" name="AddCoupon" time="21.947"/>
  <system-out/>
  <testcase classname="MedDashborad.AdminPanelCoupon" name="DeleteButtonCoupon" time="21.344"/>
  <system-out/>
</testsuite> <!-- MedDashborad.AdminPanelCoupon -->
